<?xml version="1.0" encoding="UTF-8"?><?mso-infoPathSolution PIVersion="1.0.0.0" name="urn:schemas-microsoft-com:office:infopath:ISRA:-myXSD-2015-02-04T09-20-12" solutionVersion="1.0.0.2065" productVersion="14.0.0" href="https://vaultshare.gemalto.com/sites/isra/ISRA/Forms/template.xsn" ?><?mso-application progid="InfoPath.Document" versionProgid="InfoPath.Document.3"?><?mso-infoPath-file-attachment-present?><my:ISRA xmlns:xsi="http://www.w3.org/2001/XMLSchema-instance" xmlns:xhtml="http://www.w3.org/1999/xhtml" xmlns:pc="http://schemas.microsoft.com/office/infopath/2007/PartnerControls" xmlns:my="http://schemas.microsoft.com/office/infopath/2003/myXSD/2015-02-04T09:20:12" xmlns:xd="http://schemas.microsoft.com/office/infopath/2003" xml:lang="en-us">
<my:ISRAmeta>
	<my:templateVersion>44</my:templateVersion>
	<my:projectName>Sample Mobile Application</my:projectName>
	<my:projectOrganization>ITE</my:projectOrganization>
	<my:projectVersion>1.00</my:projectVersion>
	
	
	<my:ISRA_tracking>
										<my:trackingIteration>2</my:trackingIteration>
										<my:trackingSecurityOfficer>t0263774</my:trackingSecurityOfficer>
										<my:trackingDate>2022-03-24</my:trackingDate>
										<my:trackingComment>fgfdg</my:trackingComment>
									</my:ISRA_tracking><my:ISRA_tracking>
										<my:trackingIteration>2</my:trackingIteration>
										<my:trackingSecurityOfficer>t0263774</my:trackingSecurityOfficer>
										<my:trackingDate>2022-03-29</my:trackingDate>
										<my:trackingComment></my:trackingComment>
									</my:ISRA_tracking><my:ISRA_tracking>
										<my:trackingIteration>3</my:trackingIteration>
										<my:trackingSecurityOfficer>t0263774</my:trackingSecurityOfficer>
										<my:trackingDate>2022-03-29</my:trackingDate>
										<my:trackingComment></my:trackingComment>
									</my:ISRA_tracking><my:businessAssetsCount>5</my:businessAssetsCount>
	<my:supportingAssetsCount>5</my:supportingAssetsCount>
	<my:risksCount>6</my:risksCount>
	<my:vulnerabilitiesCount>52</my:vulnerabilitiesCount>
</my:ISRAmeta>

<my:ProjectContext>
	<my:projectDescription><div xmlns="http://www.w3.org/1999/xhtml" xmlns:pc="http://schemas.microsoft.com/office/infopath/2007/PartnerControls">The</div>
<div xmlns="http://www.w3.org/1999/xhtml" xmlns:pc="http://schemas.microsoft.com/office/infopath/2007/PartnerControls">system is composed of a mobile payment application that permits to do financial transactions which connects to the ban</div>
<div xmlns="http://www.w3.org/1999/xhtml" xmlns:pc="http://schemas.microsoft.com/office/infopath/2007/PartnerControls"><img tabIndex="-1" style="HEIGHT: 174px; WIDTH: 895px" src="msoinline/fb5ca556954c46e1" xd:inline="iVBORw0KGgoAAAANSUhEUgAABaUAAAC6CAYAAAC+/CHWAAAAAXNSR0IArs4c6QAAAARnQU1BAACxjwv8YQUAAAAJcEhZcwAADsMAAA7DAcdvqGQAAAAhdEVYdENyZWF0aW9uIFRpbWUAMjAyMjowMzowMSAxNzoxMTozMBdLKxAAAJBoSURBVHhe7f0NWFVlojf+f4tJTDKjMbBMGi0dGgMr0fPHH1x6QnMutvRT5MkCjx0wjoJ2JJk48IzmawfHK8qOJDoe4ZlGeEYPoU+2+Y0pHXnkyJWiKejI0dIJs4ReEBVGKNv/+157bdgva++99mbzon4/17XFvfba6+V+X/e+173uMAnoI39t+Er9HxEREREREREREVHP+0XIQ+r/qCdduXJF+Xv8+HHlr7U+7ZQmIiIiIiIiIiIioluPq07pO9W/REREREREREREREQ9jp3SRERERERERERERNRr2ClNRERERERERERERL2GndJERERERERERERE1GvYKU1EREREREREREREvYad0kRERERERERERETUa9gpTURERERERERERES9hp3SRERERERERERERNRr2ClNRERERERERERERL2GndJERERERERERERE1GvYKU1EREREREREREREvYad0kRERERERERERETUa9gpTURERERERERERES9hp3SRERERERERERERNRr2ClNRERERERERERERL3mlu2U/umnn5QXEREREREREREREfUfd5gE9f83pZYrrWi5eg1Xr7XhWuvf8Lfr7bh+vQM31A5pvzvvxMCBA3D3QH/cE3A3Bt8zCEMG34Mh9wYonxMRERERERERERGRb125ckX5e/z4ceWvtZuyU/rK1VY0fXcZ337XgubLVzo7oPWSHdWB992LoT8fgqCf34d7B7ODmoiIiIiIiIiIiMhXbplO6eaWq/jq0rf4uvE7XG/vUJd2z0D/AXgw+Od4aNhQBA4ZrC4lIiIiIiIiIiIiIm/d9J3SckqOCxebcOHrJvztb+3qUt+6+25/jHgwCCOGBylTfRDdmr5HSc55JGEIvs59DMPUpURERERERERERL50U3dKN37bjL82fI1vvrusLulZD/z8Pvwi5EEEDw1Ul/SGG7h+6WuU7f4e2478gI+tT3XgncicPxJvPnOfukDV9CVKyi/j/YPtKFPXH3mfH2KjB2NR/C/w+L1+5oXWmj7D7LQWlOFOvJkbjswxGutIlvWmB8P0Tw8Dp+vx9LJWIO5BHPvHh9SVtKgdnucHouJ/jcUzA4Hq3x/FpL3qx/bGWHWMdh6brZH33YX5SQ9g0eQHIU7Pzg1cbvgSxcXNKDtzAx+b07mZ9baFS+XH8eC2G+o7e4Nw6P3HMdLlOlYs4eKEy33ZHVfvY6c0ERERERERERH1vJu2U/qLC5dwruErtLZdV5f0joBBAzEq5CE8MqIXuuxuXMWnxZ8j9v/cwKW7gNhxA/FM0J3qhz/h9LEOwPAI/j32fnXZDzj/8X8j6d12VIt3kU8MxOwQ8/pfN1xH2cmfcP6uO/Hbfx6JtZPsO7KtOn5DBuPcm2MwUqtf2r5T+sZXyHv5a/wGATj276F4yklftuV7h8T3vlY7bc2d0n5YFOuPkcoSK0MHY/7/+zCUo1S/e/7xgUga2XX+x6quo0Sk35F/dz+OZY00r6u4gfN7TyHm9z/gb/f6Yfbfie2L8JOam0TY/DQYxb991K5T2oTEZwbi6YHqwk4DET9/JAJPfoZtn/ygLhPEdn5TcwOxEYNEnKjLpMeGInPyA+obRy73ZX3OfYKd0kRERERERERE1PNuyk7pz85fxJlzF/CThw8x9JU777wTY0aNwGMjh6tLekIrqn9/BpP2/oTY2Aew7R9DMMxZh6/q0t5aPPX7H4DHB+PjrEcdR0Q3NeCN9d9g2fk7sfb1MfjtOKuHOKodvxjjh0NnbmDSPz6C9+OGqh9ase+UFj5971M8/X+AN9eGI/Nx7YM8/3+OY9R7Jpt1zJ3S5pHIkcoSJyzHNn8k3u/sgBduXEX1ts+U0dY2+778OV6efxnHoobi439+RGMUtS1zRzFQXPAkEq07mF05cRp3rG4T4ThehKO6TAev9tVr2ClNREREREREREQ9z1WntGVIar/S1x3Skty3PAZ5LD3lcuV5xO/9CYnzH4FxvvsOaVw+j7VFP+BSyGAcWjVGe4qOoBD8dtUD+O29P2HZuxfwqdYsEtFD8e7jQFnxVyhrUpe58dSUADyDn1D8SaO6xN43+PiA2Nm9d+MZJ53WXvEbjMjnBiNe7PvQ+RZ1ofBFB7aJP7Ofcd8hTURERERERERERP1Hv+uUllN29HWHtIWlY1oek+99jeLidqWDee10jdHKGi4dasG7P9yJN//pUe1pNywCQvCbf7gL+K4V5Se1eqUHIX7xECTiByzaeh66ZusOCURiCPDpn1tQrbXJhmaUNADPxAbiKXWRz7hIpV9fbVX/d/ORI6rvmH0cJU03cPnYacxOOoo7XjiNT9XP5aj3d3OPY5JcPlu8kj7Fy/+rAZftwt92O/VY/M+u19f03RdY9k/iO/90EuWX9HyBiIiIiIiIiIjIO/2qU1o+1FDOId2dDulBd/vj54FD8NCwocpL/l8u85Y8FnlM8th8quEqyr4D4qcNdd3B3OkqjslhzzpHIt/3xCDEi7/vn3AyFHrYSKxN8sOlY99j7SE9HbsP4JkpYr8/tOFjjY7u85+04mP4IXFSsLrEh777EefFnwcD1EmjpV8Oxtp7gXfzP8e2z6+qC29Sn32OpDfaUCanTv8BMM+g/iXeSPsGaxvuxOykoajIGYriSXfAuOcbxP6vL9V1bDXXnMHsrR0Y+Wux/qtDsHb4T9gm1y/+Wl3DiVaxr5xv8caVu1C8+nHEuh2yT0RERERERERE5L1+0yn9t+vt+GvD114/1PDugf4YGfIgwh5/FOG/ehS/fDREecn/y2XyM7mON+QxyWOTx+grl8934GMR/JMes5o/2aUWfFon/oTfjcfNC1wLGoinxZ9Przsb9eqHkbEP4t9DgLytf0W1jn7pkZH3KB3d+Z/Yd3J+jbLyn4CQQXjG11Nw3/gGJcWt+PTngzD/7warC4WBDyNz2WDM9/sBL2edQcwb9fj4Uu8+ENNX3t/TiqdefQR/2zkeJqu5tx9/4SGczg9HZuwjeCbiESQuGo3iKKC6/DI+Nk/JY+UGFu8G1r6prh/1GH6b+7ASv9Xl3+NjZ0Fz41uU5DZi2RU/vLniUSSyQ5qIiIiIiIiIiHpYv+mUvnCxCd98p2siCQeD7xmERx95CL8Y8SAG3T1QXdpFLpOfyXXkut6QxyaP0Veut/4o/r0DD95nfq/LD+IV4AfHM/SSXzDmpwUg8sp1LPpfDZqjb20EPYCkccClj1tsOznPtKD4CjA/Lhgj1UW22jBJTidh93rjhPqxlfOHvkbettPm1+aTMMxrQOZ3/jCuHoOn7E584KNj8O+/D4Exzg/nj7UiZtEpxOR9htNXnHXE30BSmuNxzC7/Xv3cl/Tu6wbO/zIYa6OGYqBNf/DDiP8fD9rNlx2AX/1SLvgRlzUiK/MfRyLS6rmWMn6fmSSy+A8/4JJm1mpF9bYLSDp9J9bmjEbm49ZfJiIiIiIiIiIi6hn9olO6ueUqLnztXYfvgAF34RcPD8MDQwPVJc7JdeS68jvekMcoj9WnPJ2ppPWG+85jT4z5Bd6NvROffvwd8k662/IQPBMlwu6H6/j4hGXdG/j00N/wKe5C7NND1GX2/LAodhDetHs9pRFln56+jt+Ut5lf+9pxfdIDOJ3/hPMpJQIeQOw/PolzRQ/h/Wl+OH+oBb/6p1MouSh78O3dicRnHI8jNsS79OCa/n3Nfuoh9X92blzHpTNfoKT4NJblHkdM2lE8tU12uN/AeYcZOfzw9CjHnyvuDrhD/CvWd3g+5U/4+PdnMGkv8NvMkfjtOHZIExERERERERFR7+gXndJfXfoWf/ubd1NjBA8NxNCf6x9uLNeV3/GGPEZ5rL4wbLicSuQGjp3T28V8Dx6X83bU/g2nzQtc+64dfxF/4h90N656IJ5KegBrf/4Tlv3bXyGnrXblvojBWCT+bvukydw5fqMRH1f+BDw9GM84jQZ/JM1/HJl2r9gQ9WMr8fNHwvT+eJh2PoZj8+7C+Y+/Qew27TmUbdz7IOIXPom/rB+sPMAxadVn+NThS3fA8D8cj2P+E1bTgviM3n35YeSD6n+tXTqPxWmn8GDOt1hb9QOuB/kjPm4o3p3mIst6kpvPX0XmXhFvIwMw/+88Ga5PRERERERERETUPX3eKX3laiu+bvxOfee5ofd73qHmzXcs5LHKY+62kQOVzt3iTxp1jny+D0+NE9F15W/4+LSbnmPh8olWlIjonfTLoeoSF+T8zAsH4qnvWrGszGFIrS3Z+RsFXDp0FYfkgZ9swZtXgN9OfVAcoQ/5DcFT/+8YvB97J6r3foM8cT56yCk9ti32B75rQ/l/qwtvOi0o+/33ePeHgagoehJ/KQjHm/Mfx6LYRzApRI589oGRQ/Dx64MQef4qkvLO47z7JEVEREREREREROQTfd4p3fTdZVxv71DfeUbOFe3NHNHyO1pzT+shj1Uec7fd+yCSpt+JS1Xf6+5wHTl5MOLxE94sdtOJ2NqAN//4AxASgPgx6jI3Bj79C7wZBZT/6WuUfC3HTzszEJMmDcQwZQqPVlR/0oZLdw3EM+O8C0/XrEZxv9ug62GM0sDBN/vD+q7itJxvO3IInrnX9ly+/tak/q/7AseNQfH8u3D+k++RpGc0OhERERERERERkQ/0eaf0t9+1qP/z3J133gE/P89PQX5Hftdb3TnmLgMRaelwzT2DZVVaD9u7gcufn0HePvWzoJF4c/5dwOkWJDl7oF/TF1j2m2/wxt/uQvG/POrkwYNaAvDMPw1F5l03kPnhddytLtUycNxgyMN445O/wvgxMOyZIXimJ/qkpc5R3G3I/FNXx+mlfafx7gmNMLtxFR9XybXuwuOPmBfdtC61w+bnj0uf4c1yTychd8UPI2MfRdl0ORq9EQZ2TBMRERERERERUS/o007pliutaL58RX3nuZ9+8n7UaHe+K49ZHnu3BTyM366+H5mBP+GNt8/jweTjWLz5NPK2ydcpvDz/OAKzruL83ZaH45k7Ecv/hx8ufSIf6HcchtxT6vqn8ZtlR/Fg2rd4o9kPb654FInOHg7oTMAjWJbmDxxrxzZ1kaaBw2F4RvytvI43frgTv4nWmhTZWjuK1WO0fX2Gah3RbxnFXV3+TdfDGH9ox+LVMsw+xctvW7Z3Ckkvn0HMxz8hcf5DiHeYT8QE439Y77/rVd6grtIvDEVsrMiaJy5j9hv1KKtpQFnZKczOvIrAMF+PAg9A5PyRqJh8Jz4ub8T8ct/MmU5ERERERERERORM33ZKX72GGz95P/Lzxo0buH7d8wckyu/I73pLHrM8dp8YNhJv5o/BXxYNwuwHTCjf14bflIvXxx1ofiwAxrfHID/K+uF4AXjqhTD85d0H8O9/dxeun7luXl+8yr+7C0lJD+DrP4Yh8/EAdX3P3Df5IbwrH6jokh8io8VxyP/eezeeedxdR+kNvKseo+3rGs7rGpobgGeS78eiu7oexjhseggOzZdhBhz6RN2eCLPrYwbh/fVjUByrNZf2Tyj52Hr/Xa9Pm9VV+oWBeOofR+JQ3F34219aMTv3Gyw7CMxePQbLlED3Mb/78MyiESgW8V6y7QsksWOaiIiIiIiIiIh60B0mQf1/rzv13+dxvuFr9Z13Hh/9CwwLul99p8+lpu9x+uxf1XfeGRnyIMb+Uv/kGERERERERERERES3iytXzFMkHD9+XPlrrU9HSl9r/Zv6P+99+/1l/Pij/lHPcl35ne7yxbETERERERERERER3W76tFP6b15MvWHvm+8uo+Fio/rOPbmu/E53+eLYiYiIiIiIiIiIiG43fdopff16h/q/7pEdzZ9/cRHtHT+oSxzJz+Q6X3x5SV3SPb46diIiIiIiIiIiIqLbSZ91Sv/000/desihNTktdsOXjThZf07poG5tu65sX77k/+Uy5TOxjq/46tiJiIiIiIiIiIiIbid99qBD2WH8/338idKhfDO64447YJgaqb4jIiIiIiIiIiIiIot++aDDO++8E37idbO6mY+diIiIiIiIiIiIqK/02Uhp6cChT3Gt9W/qO32GBf0cA/0HqO9843p7By41fae+0+eegLsxZdJT6jsiIiIiIiIiIiIisnA1UrpPO6U/OfYXfPPdZfWde6NHPoyHHwpS3/nWl1814ez5L9V37j3w8/vwd0//Sn1HRERERERERERERBb9cvoOSY429sSw4J+r//M9OQLbE54eOxERERERERERERH1caf04HsGqf/T52d+fur/fO9nP/Ns254eOxERERERERERERH1caf0kMH33JQPDJTHLI+diIiIiIiIiIiIiDzTt53S9wYg8L571Xc3D3nM8tiJiIiIiIiIiIiIyDN9Pkx56M+HqP+7edyMx0xERERERERERETUH/R5p3TQz+/DQP8B6rv+Tx6rPGYiIiIiIiIiIiIi8lyfd0rfOzgADwb/XH3X/8ljlcdMRERERERERERERJ7rF08ZfGjYUNx9t7/6rv+SxyiPlYiIiIiIiIiIiIi80y86pQOHDMaIB4PUd/2XPEZ5rERERERERERERETknX7RKS2NGB6EB/rxXM3y2OQxEhEREREREREREZH3+k2n9N0D/fGLkAcRMGiguqT/kMckj00eIxERERERERERERF5r990SkvBQwMxKuQh3Hmn9mHV1Z/DjzduqO98R25TbluLPBZ5TPLY+q1GI+Y/8Rzm72pUF1BPadqVhWFPZKHsJgnqm+14by612CDy3bA0I5rUJSIzoixNLHtiC2rUJd5Rt2OzbbpttJ1D2ZpFiJ4o0sDEZTB+qy73EPP/rUQtb/Jq1fd9Tav8c01/emT51yvaa1GQkICJmfuswrm/pbPe03K4EEvjEkQafQ4TN9erS4l8oRHGzASEJxSirl1dRNSrbuE0eGyLUm5vOKa+d6sfhIVm/Ut0++pXndLSIyOGYcyoEZod099+dxnVNSdxqek7dUn3yW3Jbcpt25PHII9FHlNPuLk7DNSLxtvwwoXolqQ06izlkbljQuuHrpbzlSjKyUBCjPnivfN1C3Qgmctk9QcF9cc+/Y1cQTQyN8Q9h6TiC+oCL9wQZWtmBtL33AVDTiaKM8PR/+4fcs5pvXajFQ0HtiMnNdXc2W6VduzTWU2e7efKa+KLSMrZjiod9WVL+TLlO+G51dC83miT8ZSA9G7/kHv7duAR3UraD29EQspunBk1E9u2voLkYPUDLTrqSnMZpvHjtCjfa3ZtxNI5L2GipWxTX7Z1jVq22L3CYxYhp6gGTW7H5zTDmCm/k4B11R3qMg+o9d+wJ15EwSl1mRsNxYvMx9mP2wJadUt4TCqW5u3D2avqSrcs2+s2m/ZOP+C+/eWivtWbrzrTte1rYtwybCg/hxZ3+epGPQqmy+8sQkmDuox8S4nLQtFWtIrL6JcwP6cQxvpWdSXSz5f5nm1e6jn9rlNaemzkcKcd0z/+eAOnz37R7c5pS2e03Jbcpj1Lh7Q8FtKvvd6IVUteQoEnHTn9TiOq8lcjKYujtFy5NeK6b91sYdiwZxmmxeXh7cM/YPT0aVix0KC8MuJGIeq2fwZsB+q25mHdvXOR+8IIdZkXzhpRcBBIXLkC2bMmI2bO84gZqn6m6SYor8RFhjFLXGAs3o2q9hEwzDOnmxULpyE5MhhDfqauZ2MEktX0paSxmPtxds9OJMSlosjlIMYLMBbXIn56OLDrEI5o9UoPCkfa2mloWJ6HsovqMl9qrEZBziIs3dPdTm8iC1f53MsywF/kg9JSHM6bhl59Ykq/yx+tqCrdh7rhM5H71lwYIqchbVao+pkPyR/D5izCjOWVODMs3Kp8m4zEsYHQnCBwXERnGSjLS8OwRhTlrcbUOdtR56oDraESJXtDkTgdKDlwVPvHOV1aUfCBkx/3rLVXo+SdbvwY26k36jPbumX249ewv2gjomOXwdgT9YEiGIa8UtSWpiCsh2eCvO3a5l7kq7ApXe1XuV5EWz3WZWVg2spKtKjraGk/LNpnzeFInCLaGdW+SO+96SZIgw37kDMzVcTlblRcEm1FSxw9OwKNVbsxP+ElJKyvdv/jgVv9ICz6qv7tCWzzkg/0y05pSXYGjx3zC6dzTF9v71A6lA9+ckKZekN2MstlzsjP5DpyXfkd+V1n68t9yn2zQ9pzLacrUVDR3I0GcH/QiJrNNai45UdNdM+tEdd966YKw+Z92JBTiyFzMnHwo3eRm7UAaYvNr+zcDShdb7j5G1bdcX431m3uwIr/+TxC/NRl3mj7AXXiT8gwvVNG9f/yqmXvRszfexfS8rfi4HuvI1tNN2mLX0Hu1q14K05rWGI4ZneuJ9PYuzhcnoJ4cb45W/c5v3BsOArjiVBMXWxAIiphPKA9ssZ/3FxkzzmHle+4vgj1ysVarNpzAS0/qu+Jus1VPr/J2iz9Ln9cQ4sMu1HBCO5O2e1G3Xu5WFc/Crm7/oAP38nsLNvSFmfirR1/QNrT6orWnp5ptZ4oL4tLcXhlKFC/E0V7m9WVHDVU70NF9GRkJEQCxftQ5WXaMESHoqnYiP3Od6VoqTBiQ1swosaqC7zWG2nZtm5Zkf+/cWTHTMQ01yJncw/UB73sdmube5OvQmKet1lv00fiu8mBaNi1GSVO7wzowJED1cCc55ERPQIVhfuUtho58ioNNhqRnrARRY2heKv0f+PwnrVYYYmj5Wvx4YGtKF34MM6I+E7aUHvTpO/bIj+yzUs+0G87pSU5bcavfjkSD/z8PnWJIznKWU69YRk9/Z//dUx5HTl+WnlZ3ltGRct1tUZGW8h9yX321JQdREQ3pfPnUCL+GAyTMaQHL9xvTh2o+tNOVIybA0O3L8pvPWdPy1v9psAwpZvPZgiZiZQE8XfvOZw1L3FQV75D6YyJGjkeUbMGoOijQ046GQIQFR+L4HJXF6FERL7QiLMnWgFRNhlGB6jLvBMy63kkir8lp52M1LxRD2PhBRiejUDI05OQOKgGxoNuepWdGRcq9lWLko9cjQo1350SlGRA/P3qopuM/9i5SJsjb22v4ZzPNxUf5Su/AES8MAsGtKLmjJPRns2VKCsGUv4+HCGR0xBzcR+q2HbwkWZU5BWhrG0E3tqxHomhGnHpF4yoxW+gcF4AaoryUMhp/4luKf26U1qSDxgM/9WjylQad9+t/x6La61/U156yW3Lfch99duHGt5oxdldeZivPohlWLR5bjmXv0xdPQdj3rKu+V8nvoiEJYWoaLAfPWb1YKEbzaLAX42kaPFefEfOtVVw2E2DVp2nK3y5uZZYN8/8XT3zFrWc2I1VnXNHJSA6QezvmOPotqbq7ciZ9yLC1fVmiPNwNr+oJ+taM883twzr5JuDW9TvO5lb97DVPqJfwtLNIi60fu+Q8Va+sfMBOsrcqGuM7uevu1qJHLF+uMbcTXVbXxTbynC89fyYPOYXUaBRWes6XsuxJnSFXfS8PJSdtYoPL+LafLwa88yq5zhsvf031fSYZTdqpbEGRTnqA+DE95S0Wa0jYq0p28jADDV9K3OVvSPCQv1Yaqnfhw1Luua+lfM4rtp1zne/dHsShpb8qOZhl/nRF+HjRuMVx7zplFZ6Evm7zG4uPsfwThXpsxINbeoKnazLKXN5aAkXy1ybPs2DerUfRUVxBxKTJiNEXWRN1/lZ5jqcZ1TedqYJF/Nz9qvyyq3v0eIQn15w9YPIjXpU7WpVOmOCMAATpkQiaO9uGJ3N/Th2GpLHtqLsoK+ubtT59tQ4NC5PNYehnmdHtF1AxWarulqZQ3EfNA+9zVyvm8swjTLamu42gKu5Aj2cR1Dss2xNVxk7MWk1ikSZdV392COe5HPB27rfQl/ZbxUeSlxkqeu7iQstGvWRfd50lc/dlgFWD4BqP2vEqgQZjlnqw1PV83BWxtxoRJVIk53xqM676jQsHNh/pr53lz/UNGvZryUOnMW5Jp3p3hx+qUg/KN5YhZ9HzxLwxPfNnp2HFr8Brp8zUH9ItA1DYZgUDPibf5wrKRb1jfqxR4KnIT5pACrydqLKSQOovXon1p0IQNpzkc6PS0e9oqc+67m22QCMeUJO2dKIJssjhlzmHZWn11hPaLXxPKtzNdsTuy50tiG8uQ7TRZYHoi3aeQ0qy9fUPJSccGyPWj9bQj5AdL7MyxO39NzIYl/kq5/dpf5HW0t1JUoGTUPUOPEmZDwM43RObWPFJlzktA6WukrGec521Ng/1Pp2SYONh1BS3oGwxa8gcaS6TFMAIlJTkIhmFBidtEdEnVqwpKtPYcaSjTA61MkuwsKT+scSblrXOG7Dwq7+bdiNJPF+mpOH7JrTTipKzqsLJF/Uld2is04n0qHfd0pLdw/0x5hHR+DpsDEYGfIgBvoPUD/pPrktuU25bbkPua9+SZ2TM3p5NVoelw9ieR3FS8ej3bgOSbnat5u1n9+N9JgMzN/djNFzF6BUfGdbZgSGHBMFX2y6qOS0LpyaUbUhC+tOP4zZa8Q+1kxD2OVarErJsOvoDEZ8wQe4lBlufntfBDLk9ueZb8NOzHpd2V/p1mkYrSzR1rRHXMwlbUdd4GRk54v11z+PqYH1qPnimrqGWYMojKem7kbDcANy5bmvicWYi+VIiBMFn13HrCfr2hv9nDzmucooFNlhIcNZnkfGRNsfKloObUFSZg2CZy3EpvwFyA5tRYmcB6/A/paiVtRsSEf0ykO4PiUZxWJbMg4GfrQF0YmiYnLVSTM4FBOiRRgdrre7mKhHVamMu3M4ctI2DuuOHkDToCmYYBfoeo+36YNViJYdweNmKWFXun4mJjRXIj1pFYyWCsaLuA4bPwVB4rjrzthOmdNyqBJF8j8VtbaN1av1OCIuEg2RoRiiLsJFI9LjVqOgIRgpK8X+xHkkP96IgtRFuh9Y1rA3FzNiVuPtwwMwdWmmctzbFkcg6IrVrVWiIbE0YSNK2kKRJvez9RW8+sQ1FCzPwqu+mi9LdxjK/JiB9EOBmL082yY/bjhhN/1Qd8Pn6QW4dHI94pVDCkfGyQ+wbZb5+BRjI5E9HCjKWoUSPQ8baatHQbIos0R6ahxtzoul+clIGdeBxs5rmA407BBlgAzvb0eYj1uEd/aUAFTl52HiHGd5RIZLOpJEPpiama2ca9r4DtE4W43oJfYdLPrzYNCs9SIMFiBCvgk2YJsIgwytW6rtnarF+xglLlbsf9D04PzUNFGaZS5TO9PEQlFmK0sc9avyyoWwvzcgDNV4NWtnNzu3m9H4lfgz/C7NeSKV+R4tnTGCvzJK0NXcjyMQNjUAdbsO+ehieQQMVnEYNe8VcxyKOIpyfsOXOHDRsJ+zCEnF1xD2T7KuzsSmOY+ipeKcY2fhjXMoy8pSbnFNWy/jJxzB9XZltMq7NkA3iXJoaax8UGcrxqTI889EdqS4WFmcgXUVno7W9CSfd6/uV3ha9itx8VuUtUUg+x3ruMiDvlMV8S7ro7P3w6DURyLe4wKx3y5vusrnessAXKnGuqQtoh1nrjfa3V20ynNbsgg5J0V9ItqCpevnwjDMPO/q7Hxvb53WkT/k/LCJGcgp71DraFle3iUudjN037LtSbo3h98ryJB3uFiFn8FVx4i7ulJTMKKeDRV1xU68ur5Sx4MKXWhuVNqEYfdqXQt1oOqDctTJu0WUQ1J/nDuxD1Ve9UoPQNRzsQhrq0SZZqJuxv5ScT7KXULiuGTnvgN99YrbtNzDbbPGb2U9EYwg+7LaSd7xTfnqSZ3birqtGXbtiUysnBuK69+KuHHbrrS9brNp77jTLMJgZioSCk7DXz1OpXwVy5cmpTpvY57ZifSU3TDKpCPOxVX+9a795cN89a05XwUNusf83oZ6N8CcSEQoP4yPEPliBJqcPbfCDaVNllqO63+fgk2y3J/3ONordmJGbJZDPa64ZdKgtpbjR2FEAOKn6JjLPzAcUfLa+KMah3bb9XNyCpA81IU8r7QBti2PRPCxfZg/S4SF/TWTFk/qH3fXOJ6GRUgkZovzUtqjDun4gihn64FxBkRZ6ibdx9qNfO+Wl21eIi2mm1DLlWums+e/NFXXnDKV76827fnovzx6ye/I78ptyG31lcay10zBY18zvX9JXeDC5T+vMoWNnW1KK7Nb+cdLpvcXzRbbiTOlWH/242nTphlxpuAZm01HWtVlFq3is0Tx2YQ3TQevq8tMYjsLxTKxHcObJ0ydi6VzO0yJYnnYvx6yXa7BfE5xprePqgtcajAVPy/2mbzL9IW6xOLylXb1f8LpbSbD2BdMuYfs4qr1iCn3WfH91w6YLquLPFrXqROmt8U5BC/80NSoLrGwnJ9DuP4ozkWG6VjrMLXE22umYvsT/HKXKUVsZ+rvT6sLtH3xp3SxTbs0IuJjtliWIuNrtXWciDhMtl3m6fE27t9l2m+fHtX4tz9Wj+L6+iFT7gSRhkTa6tJuOrhabHfha+J8XjYVn1MXS5/8m9i21TI1PU/93RHT5R/VZYprpiO/e0Gsu8q0/4q6yBlLOl70oekLm23YuXTAVPyf9vlMDa9nt5lq1UXa6cSSj0R4q0tccR6G7vOjTdz7Inx0uH5ml+nVKHlcs02zX/uj6eCXVvnUxjURt7JcmifOzUUZq+RXjXMUrp/cplHudIWL47maTGf+IPPLbJH/u46ru3lQjy/+Y4koTzdbpQ2Vx+cnHN2snJ++MlTqP+WVZN6nfb12zXTmT781TZDHMuFl06uFR0yN9gFi5cib8tgc89DlTzaL8BT14Af2hZQkypN/FWnOJhzUZTLfOsvzSlnzmunDb9T3HlHD3qZcE9Q4tKmTXbj+f99U1s/9RF1gIdonXcGk7kujHSC/HyY+m729QV0ieNwGcHIuCq3PtNLd96b9r4nwniDi/0t1kcWXH5rSRB2gr83jeT73Sd3vadnvIi4S/2QVF06dMH24/XOHMttcdtqX2VrhbeHiM0taFPVs2vbTdvvS+p7l3MR37M/hx2um/cqxpVuVEer6utON4DR/qOlnoWgT2sX5F/8hy5UXTJvcFUEep3tJTW+aYesdzTLsx+9NB3/3spI+gqOWmN422seHNSdhJ+LgyJvzlDz2oVY+UttaNmGrLpta4EFdd+lDpcw3b0fNA4mObXXTF7tEPTbblP3n78UbrfTkab2ivQ2F7vzpnLO6pbOcWPpRVznhKu94fY1lu29PwsZStmi1J6x51DbXxUW5LtL0h9n2ZYLlGJaIsHvZlCvi7LrTdO4JZ3nCg3xlk66tiHSkXEuL+KzVClw1nduEqbIszvSqUaZ9fTrbZM/+m+mgfZv8zB8d24S3SRqs3SjTkH257JxDPlbDSbYvHM7jygHTStn2sCm/tMLCk/pH5zWO4DwsHMu6y8bfmvdzUl1g4ZDWfFBXesVJHnRapxPZamlpUV6VlZUOr5tipLS9ewcH4LFfDMf/b/yvMGlCmDLlhhztLOeDvifgbvzMzw933HGH8pL/l8vkZ3Idua78jvyu3IbcVv93Acb3atAkH8xkPxrDLxjxabEIU99aKCPGzg9Axv9MRsQgdaHFoFCkLJ6MoLZKVBy2/+VwMrIXh9uOQhsZqcyT2nS2Ed0fi6Ch9ZrDqJ0hgy0jQDpQtascNdFzkRJpF1eDImBIEMvKa3FW+b4n63ZPYtrztuHqNwJRs0aJ/1xAU+dtVeZ4Q/JcJNrf0z98GhJjgbpq+1HQtkImTkYU6nHkeNev3U3Ha1AVPRlpcnTAntquX1Tl6OLDYncT7eJP0He8QFDMTMTYJTGMDMUE8afuio5fmZ2Rt5DG2f2yfaMeNXsGwJD8PKIGNaLieFfqqjtxSIRRJMLUX4TN6TkUaS9F2M1nHICI56aJ9F+DI6fVRU7UlO1EBcKRu8bg+kF0wZOROMU+n43AGDli4+IPXo4Q81Y40lLs8+NkzJ4o/p7vyo++CB89/EfPxFt730Xx4ofRUL4TCdMTkbBS4xa/xgMo2iFvxctBxtPOylg1vw7SKHMEZY7HpAFoKtYaiRKOjFT7cwVGzxHfEdvdcNByW1/386AeTV+cA8Y/DNtU053z863eKq+cCxBxsxYHyzOxYlwzSvJWIzw61c1thrV4P38LCtTXqsUvIjplH4Iz1+JtrQcjKvM9diAxbpLVAzcHIGr6NATJuR+174gEHggWZewFNNjfNtsHWtrsRjWJ9ol9usHwWKQ9Z3v+/pNEmSX+Vl3sKkO9bwN0Q0MlCss7EJP5CuLtnxM93CDKMmdlgTN687mP6n5Py/6xzzu0yfwnTsJs8bfiCz2tpXAYkkY5lNljnpB585pvprtRGQdNQ25SqENYOjV8JjISRqhvVH4BiJkr6muRXyoO90BrUEk/QHbqTIc6OmS6AclyRN9J1/vtk3Svl18gorK24mBxCtKCv8S6rCz8ckqG6ym2ju3uLAML8vOQ/uxLmLE7ELlFK2DQKAbNDxwMR7x1OvaPxNQ5A5yMwNNjBGbLcDuxA0abOXQ7UPMfO1AhyqTEqfZ3CVn4sF7pibbZjQ60NNRgw8J12HAxENnzJjvcmaSVd3yTzjwJm0YYSyrRJPJlboZje6JHuSrXRZo2pM1FjDiXsoP2dySdQ8O4TGSLOPPXW+54w4t81VCxsytfrV+NpCmLsPLSeBRvXoAwjcBVnlUh0nmMnLrDQh3ZWlJhO/2fHolL5iJqsPrGYvTz5nnNi8V1kl0+vdXTYHu7PMZ70N2b1cMWpziex+DJSF4iyo0TB1Dj6o4pT+ofXdc4nhsSKdtyjlPKNcgH14r2QkykWs76oK4k6m9uyk5pa0PuDUDI8GCM/eVI/N3Tv8KUSU/h18/8HQxTI5WX/L9cJj+T68h15XduKlfPoe6EKGynhGrOV4qhwQ7Lz5ysQZMowCY8oT3Vif/oUHFhIS5i68+ZF1hMfBQhDpXCAAyUDy8RFyGa8w56bQSiXghF0KmdSFq4EWXHGjVuKRXnfkBUVlbzy1m/pr0jL+ItHQqerNsdWrfpAwP9ZFiLRpilHlDjralomcOxDHviRSSJCsVtmI4UlZCcMuGEpUexGUeq6hEVFY6IJyMQ1VaDM2prvv14DYoQiglP2qdvncdr0XwONeWywZaHpXNSMSNanePvswvdiP8BCJsYIS4canHW0iior4GxLRIR48S5xIlG10nLvIAXULe/FUHPRnT+2GJOz/VIj7EPR/FK2K10dJ+16pBxdAFnZMNsSiQmOLt2snajGWeP7UOJ7AxbkoqEuATMUOYZ+dwxvHqSCLMwreOVedQq7XQ/fDwwaARiFm7A4eoN2Jb8MBpKtyA6Jstmnuj2M/UwijiX0684p+bXKeIcNRuico5H2TkjGujWc6hJY8OdhMsohImLBNlhr4SNL/Kg17pxfj7Vi+WVG/4hk5G2tRT/XfoKssc1o2B5BqKX7EaDZkfJBRRtNmKV+io4OQLZu0pEmgvVvBhS5nu0brRbjItEyiAXcz8OCsAQ0YBv92EHoKf8x09D9kg5NU4GlhZV4qzWXfIWMSLt21/gW+aYtaR7wes2QDe0nK4VF04BIr3ZdWaqgoO1lzulN59b8pov6n5Pyv7xoxzbZP4yPQlWceHSjQ40napEWdEWrMvJQELCi5iqzEFZjwY9U47oZBBtBmfTAGmKehxj7NOZNNKcboy6Ot09Y04/HVZzb1q9IvOUqb7c7bcv0r2nhoybiRWlpajd+jwSg7/EqlTRzspzMk/6iZrOMnDV5krUPT4XB/dvQPJYreuYZlRV1ALTJyPKLt9E/L38ca4cRi874/0nGpA23K4cbRZlblErYlKmOZZJFr6uV3zSNjNihuUYxiXgl7Grse78w1hRuAEZ4xzTjVbe8Uk68yRs2sW6B4GgONGecBbWPcRduY6QUZgwSJzriXMOnbOGia7agL7lSb6qO7CvK1+9V4P2uBwc3JGjXG85UJ9VETZrkl3Yq1OHuHpuhaZgRDyuVbFZ5jV3rKtujzR4Dde9+mWpS9RY2aZ2FPK4nKxC43rXiif1j75rHC8ETkb8HJE+bX5AvICqsgvKg2Qtv/35oq4k6m9u+k7p20LbNaVCCPHgAYztysPIgjHE/pdYi6EjMEb8cRj96n+X6weo+FjIrPXYv3UmIs5VIn1eKh6ZkmH3IJ0OtMsLs+lz1XmKtF6WuYs8Wbc7RAPgZ+p/XVHjrWuOJa2X63m2IDuZnxX7s8y5fLUWVXuDET9JNA6VDuuuEcZnTlQD4yYhwmH0jM7jhXmusPDoDMzINaLm4gCMjp6GtPVzzXP8ddOQJ8fDIBoFlnmw6w7tQ92cSZjgr3ZYW0Z9fyvO8dQAJE7qquzN6TncPGeXk5fDHJo2msWFv/gzcoTVKEpt7acKkRT5EqLnbUHJiUbRsItAfFo2cqerK/Qmnfmx++HjhcGjYMjcgIO75iJedogv2tL51PqWb2WaHIWQYeb32tT8GhzotLMkaPij4l+NDsP7A/SVUz7Jg97qxvn5VG+WV/oMCZ2GjK1/wMEckccPFCLdYW5ryYAPT36AS+L1xd5MZAw9h6VJy5zMDXxBme9Rjq5WHqhk3UAftwzrRPj2xoh0rw0KR0bJBmyKG4CqvDxERycgIUvjoUeS8mOCe163AbqhXaQh+WOzSPK+oTef+6ju97js1xkXTl2sRM7MBITP2Yi3jRfQPvxxGJIWIledg9KXwh7xcJuDNEbp9zBz+glGxnqt+FNfz7n+YaMv0r23giLn4q0dW1GaFIiaonXIKdfoREheq5SBl06UojZ/GoIPF2J2plH7h7yGSpTsFX/3bsQvrctA+Zon52DvwIb9R7V/nHPHLxSGlBGiHN3VOedtw0e7lR8CE591ESc+rFd81zYbgeSFBqyQr8wFKH5vA/77wAakOWkjaeUdn6QzT8Lm8vfKaNUJw31fNrjjvlwPls/9E9cn1+zSVihCtDp5e5iefGVYs1XNV3/AvuXhaHgv1+mc9cqIZFG/1OXLB83Z5ivzQ+y0Rom7EoiB9iOb3bjV02DIGHm9p3eARjMa5XoTgx2u54YEeF8ne1L/6LvG8cYATJg62fbuvvPVKJPXxFPGd9bJvqgrifobdkrfRFra9Dei/ZWHQTaixdlDpa6KQl38iRrm444qLwRFpmBThWhwvycfwCVvvcrA7K1Wt67Iyrs9AGMiIxCl+QpHkKWk9mTdnuYn4kH8OTMoWOM4LK9RbkcvhU2MFBev1UplrYyG7pzWIhQTYgBjdT1aRKOo7mAHomLHa4+m1+PUDix95xwmLH8Xlw7+AdtyX0Ha4ueVX4K93qa14HDEjAWKDsuGn3k0tGWqkSFPhMPQdgBHzopzPF2PMkQi6umuxoU5PXcgSFyEaIdjBMKGu2mMyLTR2Oz6Nrsb9ShcuhsV41NwWFwEfigq9uzFC5AYK7b/kLpOP+ST8PGS/+jn8fZ6kUbPG1FhubVX6QS9YPVAQyfcxEnLN7KUEg1P3cWUKNfkoBDLKA4f5UGv+fz8elCvh1UARietwNuzxKXIZlG+qUu1+A+fjOx3k5UfP1bmanTINByF8QQQE6d2NNi/EkaJixcnD+pqaxXxI/JGj4z88cDgUYgXZe/h6ndRLB9Ic0A+9Gi1zgfmOeq7NkAzrvfojyySXT6Xulv393rZ3wzjW3ko6piG0upSHCxdixVif8mzJmPC6P5QIDihppseaUcp9UYzBg7Xij/15SZsbqa2r0KZemAFcsd2oKxcjnx0wm8Agqa8gk3L5Q95RVj3gTwLWw3KLd5WHa52rzTZptphxH4vy5SQZ59H8qB6FOwS7XORX4yFtqP3NPmqXvFp/gzHbPHdNPlKNiDmafspdNzzSTrzJGzUdRvkw+R6m9v2nFoeP3R/z7WlPKU7XwUibM7r2LZQdmDnocDhwYAdOHKgGk3DQ5GhkadWLJyGRHE9VvXePocpN7xhftimiGsd6fFWSoNBT4j9oBVlB6yu/Z1prkHFAXFt7MG1qbmtLcLLVbh6Uv/ovcbxgvkB3V1TeNTt34Wq4bEwTJTxrfJBXUnU37BT+mYQPAJh4oKr6pjsfHTUcrQaRvX/FiGj5ZNQa3HkpHZHdvvJGuXWk4hRPv7FUykovRP0tAEZm9/FpmigZmul2knxKMKmiD+iojrjdniHJ+u6IS9wu2uoOJ7hQJOoWDy6s8uO/5MRSBZNCzkiuu5wtc20FqPHRZjnyrxYi4pTAYgZ7/0vo01n6kWYh8IwxW4basPGgcdxLdLx1ADziGjleK2mGhENvojhcg6sC8o5Ql5oyNaPypye61FzWv8PM7YsaaOmczSvpm8/V+YcMzwbaTdPVytaNAOhm7qRX6x1P3y6x/9eOb9Pl6DRoSKNtqLqhKvRI+7ipAN1x2pFXhQNT/uLTpGnNPN4Qz2qRPwpHVDyvY/yoDtBj4wCjn5pl0+6cX6e6kfllWcCMETvnSvBBqx00iGjzPcoR+xlqR0N9q/lKUgRYVSy55Djxam4WKnCKIz25YguUXa4uyPDqcEjEJP8OorzpyGsrQbvV3l31eN5G2AA/GUYnNeYpqlRlMvqf10JGvWoOO9GUQ5pHbN56imP6M3nvqj7e7vsFxe0Z+Wo1mcnO8wtaumYcOAqn/uiDLB2WLscMKcbYPY4y51MXqQbJ/nDXG90oEq0A7zVZ23f7vAT5aBtFepUUFwmckVaL8vNs71rRO0kxvSZSmetVjm4ImOaCPdalB3wMkEHTkZiSgDqCo2oOCBHj45A9guRSkeVU97UK1ppudfzp2s+SWeehI26bp0o49yu66N2pYXb9pxaHseMedh1WuhtuvPVAISlZiJ7ZDPWrdiOGusfVdVnVYTNSnGSr15BdoooCy+Wo+KE+h23xLXWGa10I8rLA63AWHH9M1Rd5MItlQZHirJFXPvXFRY6uRvOQlwnbi1EifzxbbqlDupSdVorjaptbUQiwvErnTypf/Rd46g8DQubZwCIvFXaiqh5tlMk+aKu9KnutHmJVOyUvimEI0Y+IGjvdhTZ/4rbVouiAlnY2hoyRTRMh3dgw78W2VawUls9CvMr0TTS7pc3HzDfjg60tGpXkrZEY9L+F16/QATJDprAu8zvEYCImAhR2FViXb7GrVUNRmWEnJkn67qi3or2fSuumxd4KRRRCYHAqZ1Yt8ux1dxyWDTs9cxxOTgCU2MB48nt2L8DSPl72RAxM0+JcQhVfxIXJIOmYEK3762/IC6I1f8qRAPg94XK/FT2PItrs7Boc0fL/vcqYYwWF+OdbSXzNCXGw+WoOtyhjM62HnExZOJkJIsLlYL1Gun5xgWUlbvr7AhA1CzzQz/W5TuZu9FKg93P3+3HtuNtObeaj3kThlq6Hz7uNZWLdHBM4+rvhmiY7T8g/hOO0eqDKRE6DcnjgIq8jTZzTdsScfKCQaQH7fzafmo7CsTFQESqAVEOVzqVKCiqt/3OjUaUrd+OCpGWEqdafljxUR50IyRExGPb5zhrs4vunJ8n+ll55aARxs3iQk8j6eCqKAs+En+nj9J1+3ZQbCZWRncoHTKWW8hlZ4yc71FrHtVOfmoderAc++3SY8NZUX8OD0WIjotA3YY9rDwcVu/dTe1X7UdnieuSB4KVMnDIAO/qaM/bAKMQJiegPFCpdDB0EXXAH7YrHZFuPTEZaeKitaRgp8M+24/tRIHshPWI3nzuq7q/98r+Tl812g42uGhEwVbH9OA6n/uqDLAiyoGCcrsfF0R7s+Bf5YOuDN1LN87yx+hJiJejDt8R9YZ9x4SoZ2r2VDsf8ajqq7ave6Ktvn4fGrRGNTZUw3hQtI/GyR913AmGIWcuDOJc5F0jneFRf0gJs0SRD5yOVh1nzp/G0mr9HcR2wmLnIKatGq/miHCcPhMGS53vlKf1iuu03Ov50wnfpDNPwsY8fQpObMe6UtcdUb5qV3YKNSAtWm3POeTLZhgLRHk8KAIprqZx6TE+ylf+4UhbLq5PzhuxsrCrDjE/qyIA8dHOezODpkxDIjpQuNfJcys0FIg2UZ1dumnYtRHrRD1leGGyrhHAt1YaDEb8sgXmqQAX5qKsXqMOFHV/xfoMpLz3A+LXvO74QEOh6p0iGO3aqe3HirBO/rCQPA0TXLW1Pal/dF3jmHmTHyN+HYswOYVHqSzXR4j0Z5e3fFBX+pSHbV4iLeyUvkmEzcsx/4o77yXMX7MTxuoaGHfkYf701Wh8TjQM1fU6yQo214CoRiNmTF+EnCJRuKnfSY9bhlVnQ7Fpc4rvH1YwcpQy/3DB+jyUHBD7yzc/ZE3b5yiKTEBSTiHKxLpV1ftQsjIL6TsGIH6hAZbRwEOmLkDu9AGoKVqG6FSx3XKxrhylkbMIE2O32DxR35N1nQvG6HEBSiWdky/C7cBuFFVo9ai4F5aUiWzRlilbvggJWep5lu/EqsUvIjql0m3nqFmAcpsSRCVTIh8MOFZdLClTYrSicEc1EKfxACwPBE2ajPhBrVi1MAMbdokLTBluWRlIb3xUe05pj+JaNToChkGNKNl1TnlYo3VDUZmm5MA+FJ4KRsyTdr/sB4qLqeXhCBENxhnTM7Bqh0zPlSjLNz81O13HCGH/yIUoXBiMhqLVmDZvNQrkOSp5YiNy1uwzV+DBEYifMgB1+cswP080xiz7WNKIsJ6YU9qbMNTig/Bxq70eOfNSER6TiqVr1KeW54vy5NmXkKA0El+BobNTcAQS1y9Aor9oYCa8iHS1zJJpqmhNFgrUDiL/p+ciV4kTkV+TVqNI5ldZDoh1piaLsJiyAJvkKBR7E0Xj8uQyJHXmqe3i2MR5HoA4jkzEWyUf3+RBNx4PR7JoTFcdtb1g9vr8PNLfyitH7Sd2YkZMAqITRN2jpBvxEmEQHbMaG5pFXbR0mr7bfv3EhUvWXMSIC66cNeYOGct8j+4e5Kb8IAb7uR8viPNrtLn7BI37sDT6OUzMVMsEbwx9FBHD5QVDHjaIOK/YIS7aXURJy/5VIl9lqflWrL+rEEv/eTuqRhowO1q9m8RTHrcBBmDCcwZEyIvCF7rqgA2pL2Gl3xSRvnXwC0WK2GeETTkk03sGohc2wrDYw7Q+cTLCDuvL592u+3u77BcX+DELRYG5dwvmZ23vatO9sBNDpmg9rMlVPvddGdBpViSG5KZ2tjcrdm0U6UY+EC4Q2blzEdF5ce9FunGWP2T6WSXSrNzWLFHP5Mt4UNOsqGdmlH9v/r4rfdX21aHlvY2YKNq8M1JFOKrl4DolfRbCKPJ67jyd+WP4TKzIGYGmA0VYuUcGXAeqPigXbYdQRI3vrIQdifCNmiXSyQkjqrx9uG7IZCRO70BT2wBkJEzWVW57Vq84Scu9nj/d8FE68yRsQhJexzZxrmUrX0X0YrWMk+FQJPa51Wpwkq/alZ3MHYZKe26WaM8p4W+up2SbcP6eAGRvzkSMi6TXk3yVr/wnpmDFHFGHbM4TbVTZZlafVSEH/LjaRGAEYkS86H9uxShkPF2P+Z3XIftQJI43Qc5PLdqEK55zMbLZ2q2WBocb8HbR8zBcrhbXDXLu+K74VNqLkalIeq8ZYUvW4u1Z2mGULMq3VbOsroHyRFt7oRE1Mh2kmaeLdMqj+kffNY7Cm7AYOwnx8sGyeaJclz/+2XfA+6Ku7NQIY2YChkUv6xrs4SkP27xEWtgpfbOwPAhpTjDO7NmO+anrsM7Yiqi8rch1UoH5P70ApXteR27UXagr3IgEUWHPz6/FwNgFOFixXhR46oq+FDgNKwpnIr7tKJYuXo1V1R0uHlQ0AlGZ4Rh4shzpYt2E1C0ouXg/Xt36LjZZVzh+wTCs/wMOrhEXqJeqsTRLrLtY/hoajLStW0Xlrq4nebKuC2Hz3lDC+uxmEW5ZO9Dgd4/6iYdkvO14F6XyYvyoep4rd6HObxJyS1fYXFS7EvRkBKLaxIWA3bQWlikxmsRnlvmZvRYsGgTFC5A2shGFy/NEA2knzo5agH25M7V/tfcorlWiIo2IE423trscphpRpimR59g5Z7atkLi12Fcqji+0GcY1Mj3nYd3e7xGS8jpqM7pGjzsXgIjFW7F/6/OI8TuNAnmOIk+s2v45MGaEenEl0896cz7bsQVJqRtRePZhZO96HbN7Yl5Rb8LQie6Hj2tBz2XiwzWicTQKOLJHfWr5jlq0T4zFttI/2OZZSTQw3yrfgG1zHkXDR7LMEmlfdr58K9Js58NBrOJk0OcokPlVhPmGwwMwe+UGHHzHYHerrspfNPJEPCUOPoq35XeydqPKLxy5hVsdj8NHedClwZEwJA1ASUWN3RRLXp6fh/pbeWVLXNCuXItNC8MxBp/jffWJ90WHO5SH63hcF418HtlLApUOmbf3Npnne5QjeCa5OTilkS8azdZzPypzUQcg7dfdzx825AVDvsiLo+UzElbj1d+L1rmL6RWGPGlAyhPN2J9nrqdfza8WF6cibEoWIKIb0zJ42gbwH7cAxaI8SrxPHLdaBzSMz0ZxRqSIRX3kPotlOSTqkfdlObSkEMa2CGwqF2Wop+nHX4ajznze7bq/l8t+ect42gZ8KPLa9eqdapsOMBRuwquR2iPbXOVzn5UBFvdNE+eejYhvRX4V6SZpeSUanpiMbbs2ibC0/aHE43TjIn9Y0uyKSFHPvCfjYTVyfl9vTrPrDdBzi3CftH3dCkfynky8NScUAy/VYoNSDu6D8WwgDMtFHb3bs7we8sIrWDGyA2VrtoiL/6Oo2tUB2Nx9pi1sivxxrhFFe729eyoQUxMmI8h+jlNXPKxXtNNyb+dP93ySzjwJG0sZt34yJnyhlnEiHN42NmNMqNWKPmxXdrJqzzWVFyn5Mil3HxpCZqK04g8OZULv8WW+CkDU4leQPKgZ65ZtR91fzc+qCJoTiQiX7bRARD0bIf5Waj+3wsEAjJm7AsVJAajKl+lGxOFhICbzdY/bhLdaGvQfOxfb9m9F6fJITGg7jRK1vVhwoBkT4uaidG8JilNDnV7rBk/PxL68cLRs3yKOKw/puxsxYY5oS+3Qlw48qn90XeMIXoWFaNPOC1au7Z3d/eKLutJnPGzzEmm5wySo/yciIurHGlGWlop0LEBtQS83utypL8SMhH0w7PjfSLO+m4H6qVZUrXkJCV8l97+0REREtxC17dKegsOFTgZ60C2vaVcWwpcDm2SHsd2PMT2PabALw4KoL1y5ckX5e/z4ceWvNY6UJiIi6q7QOViZPACr8nejwd1UAdTn2uW8iDuC8VYWO6SJiKgndeC6vKN+ZLDuu06IfItpsAvDgqi/Yac0ERFRtwUgIi0T2V8WYpXGA2OoH5EPbFu2DyHyYTluH9RFRETUDaf2oegUkDje+dQDRD2KabALw4Ko32GnNBERkS/Iufn2fIBtCRx70a8p8VTqOC8xERGRDzSVb1Qe/CkfEjp/4W7UjZyJ5Ol99DRAui0xDXZhWBD1b+yUJiIiIiIiIvIB/0EdeD83D0m5h3D92QU4uCMFYT54sDGRXkyDXRgWRP0bH3RIRERERERERERERD7FBx0SERERERERERERUb/ATmkiIiIiIiIiIiIi6jXslCYiIiIiIiIiIiKiXsNOaSIiIiIiIiIiIiLqNeyUJiIiIiIiIiIiIqJew05pIiIiIiIiIiIiIuo17JQmIiIiIiIiIiIiol7DTmkiIiIiIiIiIiIi6jXslCahEWVpz2HYE1tQoy6Ry4yZCQhPKERdu7rI4kYzajYvw4xo+Z0EFJwQy9prUZCQgImZ+9BkXqt/OLZFHONz2HBMfU/Uw1oOF2JpXIKS7iZurleX+lotNojtD8urVd/TzcFFuepE064skZayUNaoLugF7ScKkTAxAUvLe3GnQl+c6y2rz+pklk3kXl+VMT7Vdg5laxYheqJI7xOXwfitutxDLPduJSz/LNdd83fdjAm6P8Wf5+3F/spcxvXgtXijEfN7LM15nibazxqxat6LCBffC+9v/SLdxjKOegY7pclDrajJS8eM/AsYk/IKStfHIlj9hOh21354IxJSduPMqJnYtvUVJDNzEPVrTjuEbrSi4cB25KSmmjudZCNcfdlf+NTk2X6uvCa+iKSc7ajScY3UUr5M+U54bjW8v/YUF7CLxQXsmu5sg4h0udGIsswMpO+5C4acTBRnhmOg+tHNoPvlntoxYfcKj1mEnKIaNN1QV3PBbbnXJvYRl4D07nY09WiHFRGRlYu7kT5rC97HJKzMz0T2uHvUD4jIFXZKkxPBMOSVorY0BWH+6iLpag3ef68VYYtz8FbyNETFpiB+nFjuH4600lIczpuGIPOavagDdXvysDSu0GqkN7nWiKr81UjKMt5iv+D2pVZUle5D3fCZyH1rLgyR05A2K1T97GbC/NRznJSr/Yz/uBSUHi7FW7E98avKTVD23GiEMeslTFy8G1XtI2CYZ8CKhfI1DcmRwRjyM3U9GyOQrKxjfmXE3I+ze3YiIS4VRS5vmLgAY3Et4qeHA7sO4YiXPcpNIs/mHI7EpsxIKEmrR+tklhF959aou3u2jOkFZ40oOAgkrlyB7FmTETPnecQMVT/TdIuWe+MiOss8uZ5hWCOK8lZj6pztqHPZMa2j3BskyrC109CwPA9lF9VlvtRYjYKcRVi6h53V1Bs8LQNujvYi2aor3wEjwpH7ziuInzIZifMi+6BfpPva641YteQlFPBOc+ol7JQmz7RdUyrTkOBA8/t+oRlnyytRcv4H9T2514iazTWouKq+JR+4hhYZnqOCEexnXnJzYn6intT/y56WvRsxf+9dSMvfioPvvY7sxQuQprxeQe7WrXgrTqsjLRyzO9dbgOzcd3G4PAXx4nxztu5Di7qWg4ajMJ4IxdTFBiSiEsYDreoHHmirRsGaekxdmYKoQeqyHsUyou+w7u4X2n5AnfgTMkxvW/gWLfeentlZ5inrFZfi8MpQoH4nivY2qytp0Fnu+Y+bi+w557DynUrnZai3LtZi1Z4LaPlRfU/Uo1h23w7ar8iybAT6VTeJF1pOV6Kgopl33lGvYac0ERERkersaTlX3hQYpnTzqiJkJlISxN+953DWvMSBHFVTET0ZUSPHI2rWABR9dMjjzpeGPdtRgMmIj7nJr4KIqM/4qtwLmfU8EsXfktMXzAs06C/3AhAVH4vg8s0oOaUuIiIiolsKO6X72lX5oJQM9aGBz2Fi3DIUHG5Gg8Z8b+Z5K60fRtjF2Wct9fuwYUnX3HByvrdVu87p+OXL/uGH6vxxMVtgFO+My1OV7Tl8nqZxW1JjDYpy1IfBWM6xWuN2uW9rUWIVFuExqVi6tdblBbp5XrxUpB+U74yYoRyTeGlMwN9+VobFS5goP5fzfa4x4myb+qGdpurtyFEfUiAf5jhjSaGuuUE73WjF2fKNnQ+869yf1S/kLXtXK9t3mOfuRj0K4sR3knaiwXL7441GVBWtxnzL9tRjqnH2YB0lzLvCclj0S5j/To0Slua0sgzr5HoHt6jnqGO+vbYLqNi8DAkx6jHIbebsQ4P6cSfLuSd0hV90wjKU2a8o0r4xz2p7IowSxDlVNNiPmFHTokxbctu78pCkfscyf2GL1m2iOuLALa1wT81DyQnbEUDmMFXToVWYOn2oR30hponPHcO8FRVZ8rsbUWN3Tua0vtpxlEWbORwtDx6NnpeHsrMao450pCFP8pOZerwTRTlgHweWcyy1T9+irBBlwbSttnMadDvPCY7lnShDdtldGOtOd5bwMJfDLYfF8SWp3xFpf+lmjXTnNo9oPVRWZV8XJK1GkagLrqsfa9EVZlYPe1UevpIgjy3L9UO5tB5UZLMdEc6L1f26KUuteVL2KOFtOTdn4S35Ip9r+h4tOs7JLVd3TYiyvmpXKwzPRiAIAzBhSiSC9u6G0aFQdeUCqsouICzFgCibW3y16mTrsrQZNaI8SLJre7jjURmht2wSej7/q+GhWZZpfWYXVpszlLZDeL55HduyoRDz5TmKclCOnrXwPH+6zlee190XUJIk1pleqD2VgjrXbkKxVRmpMz+5O/+WE7uxKlVtb8m4F22AgmNWce/iYWia8bi5Eg0O+bH76dmarv2qYTZsnmwJA+vmmde1zWe2brtyz2+A6/m1PS33xk5D8thWlB301YOj1fyuxmHX9YzGHNv2PLlO8aD805X2rlYiR36mUYbVbX1RfC/DcZoTkc/Cn3gRBZag09uO1+LpdYgdt2WCSn/+d2QOB414VMNu2Hr7lpdahmRpjMTXG38a11v2+da76y5n7UU573uhzTXWjNTV+tsN7q7JLdeg08V+7ToLzNetCVh10C4cXFxzOmMOE422sOD0M1nuiWvAzjQYrV4DurjbwZO2RVO1VbiKMjU9b5+utq1krhOfw4wi+a6rbWSJYz1tBv1p36rNclWUSSI+LX0b6UWiPJJpz75OTHJe/thQ67jw5eZCo7OO04oPD8o43X1BdNtip3RfumjE0lj5oJRW80MDt2Yie/oAVCzOwLoKzxrTmkTBsjRhI0raQpG28nWx/Vfw6hPXULA8C696PIfaCBi2im2sn4Yo8S5qnjxeuc1pGG1eQZs4x/S41ShoCEaKPIb8BUh+vBEFqYtsH14ijjU9VlTYJ+6HYWmmcqzZUwJQdeyCyw70IRPnKutmjJXvwpGrHJN4PTdC+dzi+jkjXk3ZiYYn5+ItsX7ulHtQt2MLZmvM7SV/EJiauhsNww3K9orXxGLMxXIkxInKRNe8dq2o2ZCO6JWHcH1KMorFNrZlRmDgR1sQnSgKdbVyGTJ1AVZGi6pr826bir/pg0KsOh+IFcufR4jaoVGzIRUJBRcwZLp5e8VrJmNI9W7MSBYVml0ANezNxYyY1Xj78ABMVcJS7H+xaPxfMd+GM/o5GUZzlZEssrG/TYaXeGVMdDE6pl1UgHMWIan4GsL+aYFYPxOb5jyKlopztuHXJhozyS8hWjTwGkebw680Pxkp4zrQaJWk28/vRnpMBubvbsbouXJ75jAacmw3kmLTxQW6VqXWjCoRrkmlrZiama2kpbTxHaJCXI3oJfbxqC8OXGquxrqZMtxPw1/dhpIWxPKlSak26dccpmo6tApTw0jz5w5GR8AwSMT9SbsfiK7WYH+5/M8hHLEZWtmKumrRQIgej7DB6iLpxjmUZWWhqFHk8fXyHMMRXF+J9KRVMNplcT1pSG9+6hKAsMhQEe81OGPXIK47uE9pbBkP19s2TM/WwNg2AIbxXfNt+yLP1W3NEBc5orz7doS5rBFpdOXcUFz/tivheZfuREPx0BbMX38OIQmi3BPpLju0FSVybsBCq4tkvXlEi1ZdECnCzkVd4HGYXRHpOWmLuDjtUN62a3V06KCUpQuNaIlOwSbrsnSl+9ur9ZY9MryTMmsQPGshNlmHd0GtXX3gg3yuIezvDQhDNV7N2tnNTp5mNH4l/gy/yzzPs532w0YUXAyFYZL5tnj/pychcdAFGKudjzB00FiLilNAzNOezF8vy9IsrDv9MGavkWlnGsIu12JVSkZX54UTussID8qm3sr/3vkBZ/4kLrryzykdN0129S3O7ER6ym4Y5W5EerN87Ok56clXntfdIzA1QaSLi/tQpRGvDQfKxaXzCMRHW+LOi/ykcf5Ne7IQnbQddYGTkZ0vjnH985gaWI+aL64pX3GuAw07xHdt4lFtC+bnYeIcZ3na+/Rs5sF+74tAhgz3rHDlbWKWOQ5KF4p6RFni6LYr95oblbwSdu8A83s7npd7IxA2NQB1uw7ZdOB4T72eUeOw63pmLqLuUxZp8+Q6RXf550HaGxyKCeKaoUm0qWybW/WoEu1i4ByOnLRtw9QdPYCmQVMwQV6odaeNInhyHWJPX5ngbf7vEjZ+CoJEeNSdMbdzLFoOVULpK6yotU1DV+tx5CBgEO1Ym/yrO/5EmMrrrbOWNCHCNC4Q++3yrVfXXZo6UJefjomLy9EyblZX3dJci7N6fhzQc03uF4qU5aIMFesWlFudrEg/RW/VALGi/o8OUBeKesTNNafPqHPeRy+vRsvj8mHy4tyXjke7cR2ScrXbn/rrYVGm5qcq61YFygcUirBZOUvEuewnEOlWXcsVc9vodeROl++62kYOcazZZvAy7bdVY0PyRtSMmYm3ZJ0x7geU5S1D+p9qRX7NQMp/BnbWiaPPyvSbB7fdS2odt22euXzurOPs+3s8aOPp7gui25uJ+sj3pv2vzTYFT3jN9P6X6iKLLz80pU2IMwWPFZ9dUpcJR96UyzabjqjvrWl+dumAqfg/rTYg/dhgKk4U6z67zVSrLhIrmt5faP99rWXCpQ9NKWPjTClldts1nTC9LZYHL/zQ1KguMf142rRpRpxp6u+OmC7/qC5TXDMd+d0LYturTPuvmJd8sf1l8X6JY1hcuWa6rv7XOSfHKh3dLJaLzxzC+Zrp4GoR/mNfNhWfUxdJp7eZDGNfMOUeuqYuULUeMeU+K7bz2gHTZXWRM5f/vMoUJuKu+At1gcWXu5Swm/r70+oC4dwOU6JYlri9wfy+9ZBppYh7g/U6Qu0HO0xn1LCyuP5/3xT7iTNl/9nqWNXthS360PSFTZjb04gvF+S+ZDjmfqIusLCJH0uYzjO9fdQu/Kyp6SJ4hoivVnWZRav4TKbPCW+aDnZu2BK/WmnJZDrzh3Tx2WwRZ+3qEg/jQJOL/Pnj96YPs+V5ptttXz1OXWHabjr4r3L7IgyszkcJ52dfM6U8H2eabUkT0o8i/Ynj7lqmxp847zS7vGhJFzbfF3SnIVf5ScsXu5Q0Z1smiHJGnEPKwtfEdqzjUqz+H0tsl/kgz1nOw/DmCeflhcfpzmRqLJPHr/EdSzlqtb6+PKIVtp7XBR6FmVoGyrhI237aIf9osnzHOk7dlqX2+cEZ52WP2/C2S0vdz+eWfdqFrzinM3/6rWmCcr4vm14tPGJqdJqwnNfNlz/ZLOJJ5NEPbPOomVoG2ISDukzWz3riSfrk35Tj//Ab9X0nrXDuKksd8oql7vjXQ92rcz0tm3or/1uOS6zjSOsz9RyTRXk8+03T/i+76hfJnG6WiHz1silXtLOuW8eXF/lTf75ynn80ff+R6VWx/tQC+7yg5qmlH3Ueiyf5yfn5m8v+4ORdJvvNXL5iFYZaZYwSbtrxeP3kNo306aP07PF+BfX43z6qvnfLebzdnOWek/z0o2jfvzlPSc8fahV73pZ7Tss5HZxdt2ilQRf0Xaeo4eJR+ac/7X3xJ9netYs3kdZni2UpMi+stssfyV3L9LVRnNPdhnQIV51lgjf50N71Q6Zc0WYKs0mXIn2tFvlCtIFm21/zKenKepmH8SfW/3D75w7XuOayu+sa18zDslurnhXnt1JuQ1wL2RD57rJ9u9aeB9fknecg27jqdr/YLtLeBLHO9+b3Cp3XnJYyzrq89LRPw1zuOcaL6UcRTotkeGvVJzrrYadpTy3PZJjbl3VOODsv920GT9K+JZ2K8/vE6vw66wzxStxhEyeW9Ku3vNOKMzMP84hH6Y5udS0tLcqrsrLS4cWR0n2loRKF5R2IyXwF8cPVZRbDDUiZoz3CwCPBk5E4xe7BJH4jMOZp8ffiD779BVODMhrifCjSXorAEJtbmAMQ8dw0hKEGR06rixStjrcNDg7QHGHmqbCUFLtwDkDU9MnibyMavjEvkb9UVu0qR030XKREdv0KrBgUAUOCWFZei7MuRxhegPG9GiB5LhJD1EUWw6chMRbKiNfOUQ4jn0f2kkBUvFOEiuYO1BVuRkGwAbnzQtUVzMLinsdo6xGygv+YUEwQf5vaukYa1JTtRIX8hXaNoXOUtS+1tNmNJLWOn8YDKNrRgbDFOch42i78rJjTxQBk/M9kRNg/lGtQKFIWT0ZQWyUqDtuOdJC/PGek2qclYPScuUgTcbfhoOWWRg/jQIur/OkXCEPaXMSI/ZQd9GBEo40BmBAVCbQdsBkRXXe4GkHPPo+0iQNQVVXbNXrlbK2I1wDEjLcbjTg8FmnP2eZx/0ki34u/VRdtf33Wm4Y8FjIehrGAUYRp50gFZfRmKAypk2FANWo654JsxdnD54DYCPVp4r7Ic40wllSiafhM5GaEOy0vvE93QFqW3XdEORoVK8K97QKa7EanuMwjWtzUBWkp9nnJuzAzDpqG3KRQh/zjqagl9scZoNx+LfNdwyXzku5KTHveMbxnjRL/sQ5vH+RzpwJEubIWB8szsWJcM0ryViM8OlWZ+krzVnpFLd7P34IC9bVq8YuITtmH4My1eFvrAWHNlSgr7kBi3CSrJ7MPEPXSNAQ5GdmqpemiLIMeRfBQ83t9JiN7sV1eGRmp5OOms40iR/mArrKp9/K/1w5fQMSqTMQM12qTnUPDuExki3aWf2e+8u6ceixfBUYgZrrIC3KUqfU+lQfNibwWYxnh601+0jp/Ves1h7sxhgx21a5Vw22QRtoU/MeKej5pAJqKD+GIQ+O1O+m5O/v1rZuy3Du2u7PMK8jPQ/qzL2HG7kDkFq2AQaPY87rceyAYUTIv6JwqoufovE7xpPzzIO2FTJwswqEeR453tTOajtegKnoy0p4V1w17arvyuRwFfFgklYm22/a4jaLqdhvSZZngo3zoPx5RceJ4PqrpGt16ox41ewbAkPw8ogY1ouJ4V4lQd+KQiKtIhNnf1ai7bR0OQ9Ioh2vcMU/IfHvNMa34ytVW22t4vwAMsW/X2vHsmlxcIy9+BcmoxLpikSkbjVj3TiPily+A9aMrevqas4u53GuSDz6dZVew+AUjPi1WHL81T+phV2lPhE2KKGvVd93nos3gTdofOwuJE63Oz3JtIqQtnGkTJ/4TJ2G2+Gs857pG1E1nHvG8L4huV+yU7iMtp82dTFHjtG+LDxklKzQfuNGMs8f2oUReJC9JRUJcgjrf0edo8FG55MyZk6ICEY2n9BjLfERWr4TdSoPhrFpwhUyZiXjRWMhJycCGXbWOt8h2k+atzT8zN4YsxyAri7oDHTbzfVm/pr0jG3JuGsVXxTbEhV5T0TKH7w974kUkyakZDjfa3CoXlvQKMgJr8Pba1Vi3uQMZy+eqHXa22i/Wo2LXdhSsX435c1IRHafO791ZwVzAGdmhJi5kJ3h6R5gb/uOnIVs02oqyMrC0qBJnNW7/aT9TL45HNPzkdA4umNNFOCY8oX2B6j86VJkipqr+nHmBxdhwhGmdl/8ohEWLv+fVcPUiDuy5y58ig2KCaABWnRAXa+oiT/k/GSEafK2oOanGn2g4H/moA7PFBUTYxEiRDutxRs0HDUerUWe5BdNajFjXviFomc/REh5W3Kchb5hvrbXuaGkRx2scG4GIp8MRM1Y0uCwPPGqvRZUI/65bJX2Q59rFNg4CQXERjmFhxet0B5G+Rjl+Z+AgmRhFA1MNOj15RIu7tBYcbL/cuzAzRIU7vb3cExGjHY/TP+Ae5W9XWdodo0RYOGb0gSJdW4e3L/K5O/4h4kJ/ayn+u/QVZI9rRsHyDEQv2d0117+NCyjabMQq9VVwcgSyd5VgW3Ko5gV/S3UlSkR6jIm0O9dxkUgZ1IqCD6p77ofjiY8ixOGgRLlxv/jTzTDrpKts6r387z1R7ipTlWgzTLSv77w7p57LV4GYOnOywxQeDQeNqBAXwZ0Px/QyPzmev7gofiEUQad2ImnhRpQda9Q5VZAablMsP1jaG6B29NSg7rx5Sadupedu7NenbtJy70RNZ5m3anMl6h6fi4P7NyB5rF1HkMrrcm9QgKi/WtHeU518Onh0neJJ+edJ2hspwm64aGecsPTiNOOIyNhRon6PEG3KKKup1NqP16AIoZjwpDkuvG2jWPOuDamnTPBVPhwg2s8RorwT7VHL9Az1csq4SESME2EUJ461c9q8C6jb34qgZ8U+lfdWPGlb3+hA06lKlBVtwbqcDCQkvIipyny89WjQNf2UB/zDYUgWeWfXRiRlbUfFef2R6Mk1uSJQlANZoajZWoila4pQNn4ustUOT7Oeu+Z0oJZ7YVNCYf9bnGJosN1yNT3pqofdpL1A+213j9M2gzdpf/woh2MzX5toXLf4yzLUh3TmEY/THd222CndR9qVX5VHILgHC/L2U4VIinwJ0fO2oOREI/xHRyA+LVud76jntV+Rhb7VnJMar865loYbsGnP61gxrhGFy5chfHwC5nvwgAF3Bv5M/Y9LHaLBJf5MN88Lpf1yM+eciFdZEHfNUaf1spuXaVCEqPgjULO3FhUxKUiz/tVTutGIiuUv4ZHpWXg1XzQk24MR8euZWLnSPL93l2bRMBJ/Ro6wGoHiI4PCkVGyAZviBqAqLw/R0QlIEA0i6wectHwrKxVRQQ4zv3fGnC6CMcRuxEWnoSMwRvypuyIqaWv3B5grO3e8iQM77vOnaKSMF3+uXvO+40idH7BzzuWzh1B2cTJiJg5QO6wtI4ybUVfdiKBZ2g0AXXSnIe+Y5/E7pI76bkXNgVpEPRcpGkvmDuvOUd/1tXhfLIsZb2nY+iDPXf5eGRU2Ybjd6Ak7Xqc70SCEnvJDRx7R4nld4F2YhT3iOnz00leWdofO8PZBPtdrSOg0ZGz9Aw7miIuJA4VId5jjVTLgw5Mf4JJ4fbE3ExlDz2Fp0jIncyJfgLFY3tlRa37YjXUjfdwyrBP1Xo+OzPS/S19Z2h26yqbey/9ei37YxQWpuEC2v7vBy3PqyXwlR0hlDLJ+UNwFVH0g65RJmGC5CPYqP2mdPxAyaz32b52JiHOVSJ+XikemZGBDud3zExyo4SYKQmcXzkHDHxX/anRMdis9d2O/PnWTlnvJa5Uy79KJUtTmT0Pw4ULMzjQ6/eGuT8u97vLkOsWT8s+jtCfajc+KbVvmRr5ai6q9wYifNELtsO4aCXzmRDUwbhIiLEWjl20URTfbkO7LBN/lwyFPjhe1cdf82nWH9qFujizr1A5ry2jyb0XYnRqAxEn2nYSC3rb1xUrkzExA+JyNeNt4Ae3DH4chaSFy1fl4fS8AERmbcHBNJPyrdyIp7iWEJ5gfiu2OR9fkqpBZ4lyG16PkwF1YYTfytkevOe2p5V7IUL0NZU/qYfdpz3dctBm8SftO06nO+qQ7dOYRb9Id3Z7YKd2nmnHdTeXqtRv1KFy6GxXjU3BYNBY/FJk+e/ECJMrb5h9S1+lh/qIBIAvboNERiIrUfoVZ3xIbHIG0/P+N2oq12JT8MOqKNiJ6jpOnxvcUeftTewDGaByr+RWOIM1fMlWiwpYfnxkUrPFdy2uUbcUj4qpkQw3CRgYiqGI7SuxuX2zZuxFJuzrExYEMm614a/kCpCUbEDPebjuSPP7GZq9H77o0eBTil7+Lw9XvojgzXFyk7MSM2NVdD01QKsALNg801GJOF41ocfYgnavNyu22UcP0VlJifTm41dJY8iYO7Lk9F3WfD93fjUaMaNRHiYZreY3ykBhlNLRlWgvZYT2xA8ajIjG016PmADA7arzmiEs9PEpD3hgbjtmiwVRx9II4XjkaumuqkTBxUYSDR1En4rtB/mI+djKirHt5fJTnGtw80Mz36U6DuzzilId1QXfD7Fbgi3zukQCMTlqBt2cBNZtFXlWXavEfPhnZ7yYjHvVYmavRQaNOnRATZxAXehqvhFHiIq8SZb544HF/10v5v1f1t/wpb2mfNaBrCo/6fSg6FYC05yK76hQf56egyBRsqihF7XvygX1fYl1WBmZvtWvc2HPTfmn5RpbQwQjy9fVrX+3XG/213PMbgKApr2DTctmBXYR1H5g7Rm10p9xraxXxI+pwcf59ytfXKV6kPeVOuosiLs6LYkaOhu6cfkK0G2OgTqV2AXUHOxAVO972RzUv2yi+aEO6LRN8lQ+D5R16QNFh+SOKeTS0ZQqTIU+Ew6BOm9d+uh5liETU01bXoR5phvGtPBR1TENpdSkOlq7FCnGdnTxrMiaM7sHCwk/kyVmZKD7wv3E4/3lMRS1yUlKRs9d1JHp8TS607N+Ot88GImJkKwqKNR4m6CbOfK2lzX7QiAvy2Dyph0UZ02e/h91MdZCHvEl3dHtip3QfCRr1qGh8NaLmtFYl0oq6Y46Nd/975Qjaz9Ho8Kt2Ixo+U/9r8e3nqLkIGJ6NtPtlUzTsNNqKPSFktHyydb04Rw8qEUk0KOIzN6B0pWjcni9HxUl1uVMDHOcz9MqjCJsi/hzomjbBY0PFNoYDTQf1z+lXV5iLVY0RyH5vPVZGN2PVmp02nRhnT8uRJVMw1X5eLPUJ510sx2/u5HRLVoLeGDwCMcmvozh/GsLaavB+lTkNB40ORZhIX1UnXM+zbE4XtThyUjtdtJ+sUaYBiRhlN9LAajoLGw31qBJpXWlgyPdexIE9t+ei7jNmzMNdF/VeCBkvLiaUEdGiLKhqtJrWIhijRXwrc0OekqOLRcX9pPeVtv40JHmRn/zDxcUPlBHRyvFaTzXyeDiSIecMM59j2NRwq4sk3+W5OrENV/HtdbrzhpM8osV1XWC+NdeWD8Ksr3lb9ljzQT73XACGuBq1ay3YgJVOOmjqynco8zAmZokLe3ER6/BanoIUEUYlew6Z7zBwIWi4/PFHq13Qk/pfnesu/yvHLNbD+QuOYdp4weWPDJ7phfzpcf6xnbO37uA+1I2dpcy53KmH8lPQ0wZkbH4Xm6KBmq2VLsLZEm7O2i8dol0s6rFBoQjx6cCKXtzvbVDuBcVlIleEZ1lunsNdIt0q975pRBVGYbTMw74iyjCvR3h6fJ2ixbu0Z76Tzjwi2vwckojO6SdGj4swT6V2UT7XQ+M5JBYetFEkz9qQrmmXCb7Mh+qUcnJEtBIOXVOYYHgoIobLafNEmS/Cruv5Jt64gLN7xZ9nJyPK7g68xm+dXDv4ogyw8AtAyJS5eOu9bGQM70CRm/aCx9fkzZVYt7wGIUty8P4qA4LLN2LDQfPoczN3ceaaR30awSJORdhVHbN6do0VZcpA9f9mlmPTUw+PwGi5btVpnNH6cemUvDboSb5M+z7ko5HWXvcF0W2HndJ95YnJSBONq5KCnaixGyHXfmw73t6lvrEyJlQ0NkTGLjtge4HbfngnCg6qb+w0NNo2NJRtyznnesGQiZORLCqRgvVFDueIGxdQVt7V2dJ+1bqiMwsOlp1Dd8HfbYMhEMHKKIFruO5FxdglABExEcpIjXX5GrcpNhiVUR6uhSIqIVBUYjuxbpdj73/LYSMqrCvg+kLkvNMMQ458eEQw4pfMRMSJ7cj5k32Dxm7U7o1GlOWX213gBSBqlvlhbevya1w8kEtSp5/4vhXXzQtc0oof/weClQ7UIQPUztLQaUgeB1TkbUSZi1bqkCkzkS0aUBv+VSNdtNWjML8STSNjYZho3wlbiYKiett4keGwfru40AlF4lRL49vDONASakCaaDAr52J3YSXnaTcWiH0OikDKs04a/HqFTkK8CIuqvdux/2AoDJO6OkSVKTEO16LsP2vQFD0eYc6mndBNTxqSvMlP5rwjfzgo2bsPmBOJCEunlTpNScXB3ag7OACG8da3SvomzxlSRDyIfLOu1PkPIt6nO3105REtLusCUbbLix4bvgizvuRZ2eOcD/K5pkYYN29HjeMmgas12P+R+Dt9lK7b44NiM7EyukPpoDFatnejHlW7RFqZLi5knY168QtHjHzA5cFy7Hd3xT98hHKr8tne66ES+ledqyf/K3MsyvvMD1QqPyh2aUXNH7b78KKzp/Onl/lnnCxnWlF2aCeqSlsREy+nV7Lmq/zU6ng3il8gguTFdOBd5veaRPvlBQPClPaLY7i1n9qOguIORKQaENWdX4Id9NZ+b5dyL1i0Z+fCIOpUeZdIZydZN8u9hrO1SodiiEcPdHVj2MPKQ/r0jr7s3nWKFi/T3uAITI2VcyOLduMOIOXvZaePmXnqikOo+lM9jHbPIfG6jdJJbxvSnp4ywbf5MCza3Nm+/71KGKNFmutsWpunPzEeLkfV4Q6rgSDd8FWjbUfpRSMKtjqGtU/KgHYRlvbXdoPEduWPRoPucTlIxpNrcjkgoiJ3I4oCDVg5LxT+Tz+PbJHmCjI3o6rzu55cczryrE9DLRvEtVLRMbuwbatFUYH80cSaJ/VwIKJiRR66WI4C+zs8ZBov0JPGu6Ov6j7XzFOGiPKxtXudyZ6lO7qdsVO6r/iFIiXXgIjzRsyYLh+aIS6UqvehZE0Gohc2wrDYuuPGzH+i+SEVxpWLMD9PNDyrK1GWJ9ZfMwCGWepKFsERiJ8yAHX5y7rWzV+NpCWNCOulOaWVhyQsD0eIeo6rduwT56gex5RFSLf61azu9y9iYtJqFCjhUAPjjlykZFYiaIpo3Oq4+h/9uGyUiQJ97W5xrvuwYYd9BaXPkKkLkDt9AGqKliE6NQ8l5TWoOiAaGDmLMDF2i8MT87WEJWUiW0Rf2fJFSMgqFBWu2Eb5Tqxa/CKiUyq7Km7RSC94bTdqxs3FCssTbEPniAZAgNIYsHSGhk0V6UTenpW6GkXyeOS2Fi5C4aBw0fi05R+5EIULg9FQtBrT5lmH50bkrNln9St6MEaPExW8uLDJyRfxcmA3iiq0rkbMWvavQnhMlhqHNajYVYil/7wdVSMNmB0tf+2WRiBx/QIk+tcjPeFFpK/ZCaNYV4Zf0ZosFFgaAP7hSBNpP6pRpotFyCkyb9O4Iw/pccuw6mwoNm1OcZw/WaT/CSeXIakzTLcjZ55IRweA+DWZiO/qz9UfB04FI36Zei6zxLkoech83jnzUjF/TwCyN2faPIXaO+YGctWualTJBwNanYN5SoxaFO5oVB5i05052zxJQ5I3+cl8MVSNkl3yYY3W5Zd5mpI6kXbeRyQi7B4a5os8F5LwOraJcq1s5auIXqxuQ5Y1RSJNbVWP3dt0p5O+PKLBri4wf991XeCLMOs7npU9rnQ/n2trP7ETM2ISEJ0g0kX+FhTIlyjDomNWY0OzSCdLp+m7kJVPhc+ai5i2elH+mjtolCeRi7Ld3YMnlYtqiAb7QVcdrYIy8qtDmZu+N/WnOldX/scATHhOloOiTH9BbXOJ/WxIfQkr/aYgWV3LF3o2f3qZf0Q5E5UQgLqt4oL/YjgSNX5Q9U1++hxFkQlIylG/L8uylVlI3zEA8QvFhbe6lhb/p+ciV2m/iHAT7UGlrlLKwixMTd6NuikLsCnFsTzsrt7Z721U7g2fiRU5I9B0oAgr95jPsXvl3gVxfo22D6Rr3Iel0c9hYqZ1u9ZDQx8VZSdQ9U4eNog4r9ixHa6ipLvXKVq8S3sBCIsUy/aI9pZ8gJ91m0qZuqJVtBurgTjb55B43UYRPG1D2tJXJvg0H46OgGFQo2iPnnNoPyvTnxzYh8JTwYh50rrR7alQxCwUFwF7t2B+1nbleke2J+e/sBNDpsgH09nzQRlw+QCWRtpeXxUsWYalpwKR/UKE6/zpwTW5nK7l1XIgbdlcRCgdoYGIWSJ/bKoUZUNNZ8ep/mtORx71aQhh83LE+s1YN+8lzFfPXwnv6avR+NxMh3ToST08ZPor2DTFtkxV8scckcbHxSJDXa+n9FXd59LIUUgUfwrWi7AT4WHMF8dh/sQzHqQ7ur2xU7oP+T+9AMWlC5A2Uj40Iw8JSwphbIvApvLXMVurnvQPR0bR61gRIy4sirYgKXUjChvCsalogcaDgIJhWL8em+YE48wOdd2zDyN7l9h2L97+ERK3FvvkOYY2w7hmIxJExbBu7/cISXkdtRldv+6P/vvnETNINFxkOIhGz6rtjQhJex373zHYTT+ibcj0THy4OFRUpIXiXLfgyI/mp9Z7zE+G2x9wcM1khF2qxtKs1UhYXATjt8FI27oVGU+r67kiHyay412Uys6ko+VIXyy2sXIX6vwmIbd0RWfnqTJtx3nRkMiyfnhEACJSFyJ5UNcoE/9xIp0UzsTUdtEgFMeTnlcJxK7H+5nyJ3d74vuLt2L/VhGefqdR0BmenwNjRtg0WMLmvaGkj7ObRbxk7UCDn/MwG/KkASlPNGN/nozD1Xg1XzR4p7yCgyULEGF9O9pwA94q34Btcx5Fw0fbMV+sKx+kYvx2BMKsHoAo037pnteRG3WXCAfzNufn12Jg7AIcrFiPeK1bNP1FBSnSdOLgo3hbxkvWblT5hSO3cCs2zbLLMDrjwCWrc2kqLxLpSlSgufvQEDITpRV/EGnBdSNeL6WB3NaBYJtpLQRlSowONLW5uAVTJ8/SkJf5SbkYksfrONWIMk2JOMcmrVslfZHnLNtYPxkTvlC3Icq8t43NGBPaFdlepTuddOcRDdZ1wfuynHRXF/gizPqQJ2WPS77I5w6CEb9yLTYtDMcYcTH9/mYjVolX0eEO5eFiHqeTkc8je0mg0kHz9t4mHDlQLcp127siNI2Vd1EAVe/tczNfqXmkcOd8wb2kX9W5evO/Wg4m3vcl1sm6cflONIzPRnFGpIh1H+rh/Olt/gmbOgtRshx2NlrVJ/lpBKIywzHwpPp9kTZKLt6PV7e+61hPO7Bqv4j2YIEajxsOD8DslRtwUGd70HO9s9/bqdwLeeEVrBjZgbI1W1DR3NG9ck+ZizoAab/uumbwCfmDcL6od0fL+Y1Fnf37RhG26mcaunudos27tBf0pGhnabapzFNXNInPLPMoW3SrjeJhG9KW3jLBh/lQxG1EHEQ43OXQflamP5Fh1zkXt7cGICxtg1IPXq/eKa531mGdETAUbsKrkdojz7tdBtwXjkR5TXJA7k+Ej7i+qkAEtpVu0nVNouuaXJ22A1OSkWb9Y8XwmcgQbZm69zai4ISlI1H/NacDj/o0BFnuyQd1ivA7s0deX8rwbkVU3lbkWgZ2WfOkHhbrxr9jLlOvV+9W0mlO4TkRLiKNp0b0/IOh+6zucyFwGlaIPB/fdhRLRXisqu7wOhz09gXR7e0Ok6D+n/qRpl1ZCF8ObJINQa8amES3ikaUpaUiHQtQW2CwGfFARHTbExeROdPz0L7yD3grttu3bxAR9ROtqFrzEhK+Smb7j4iI6CZ25coV5e/x48eVv9Y4UpqIiIjoZiVvj8wJxf53tjvO2UdEdJNql3PF7wjGW1nskCYiIrpVsVOaiIiI6CYW8lwmVo6uRI7VfI9ERDettloULNuHkDWvI7Fb0ywQERFRf8ZOaSIiIqKbmZwTMb8U+7IiXD6Bn4jopiDnkN1TqmMuciIiIrqZsVOaiIiIiIiIiIiIiHoNH3RIRERERERERERERD7FBx0SERERERERERERUb/ATmkiIiIiIiIiIiIi6jWcvoOIiIiIiIiIiIiIfMoyfYcWjpQmIiIiIiIiIiIiol7DTmkiIiIiIiIiIiIi6jXslCYiIiIiIiIiIiKiXsNOaSIiIiIiIiIiIiLqNeyUJiIiIiIiIiIiIqJew05poltEU/kyTJyYioITHeoSfZp2ZWHYE1koa1QXEN3EvM0H/UX7iUIkTEzA0vJbPUM2oiztOQxLM6JJXUJERERERES3D3ZKExEREREREREREVGvYac0ERpRlb8aSVk394i9oNi1OHx4K9LGDVCXEDlqrzdi1ZKXUHBMXXCL0c4H/S2POz8e/3EpKD1cirdig9Ulve3WKA+JiIiIiIiof2OnNBEaUbO5BhVX1bdEt7CW05UoqGhGu/r+9tDf8nh/LnNYHhIREREREVHPY6c0EREREREREREREfUadkr3pRutOFu+EUsTXkT4E89h2BMJiJ6Xh7KzreoKVr6tRcmaDMyIlus9h/CYVCzdWosW9WOp5cRurEp9CRMt20pYhoJjjttqqt6OnHld+5yxpBBVGs/U0rM9d+tYP0Sv4cBGpMckiPfPYWJSHowN5nXaz+7DhsXq8Ux8Eemba9Byw/yZPV3HfmyLso8Nxxy3nbTGiLNt6npCTZ7czjKsk28OblG3+xzm7/LiIWM3GlFVtBrz48znaDm+mm/Vzzu1irAotIn3GamrO8PDOasHg91oRs3mDCXcw/NrlU/NYW0+b2t604UNsf2q3JfE+i8hZ69VWOhIh0411qAop+u7w6JfwlKtuG67gIrNy5CgphW53vycfbAJHj3rSFfPwZi3zOp4F2HVrnPe7dPtuddig/xunoiPq2LdnEXmMJdpukisJ/cp402kkSR1GzIfaOZ3SQmvRYieqK4bJ+Kt2j5dWu2zTZ5rlrq+RlnSaMR8sW748nrl7bp55u0Oe2ILapQlQi/Er3WZ0HK4EPPl+hO3oE79XNJbRmmxzwd687jnZYsRqxJkesmC0ZLHdZQBbo9H3Yf5fYfIh3Jby2BsNn9s44aIfxnfa6ptRr57G366wkpvPva2nPu2GuvixPpxuai4qC4TvCrHiIiIiIiIqN9ip3QfavpgFaKzKtEybhZyt76O0vUzMaG5EulJq2C07kBoNCI9dhnWnbgfhqWZKN36CrKnBKDq2IXOjoimPVmITtqOusDJyM6X23oeUwPrUfPFNXUNs4ZdWZiauhsNww3KPovXxGLMxXIkxGWhzKoDQM/29O5TaviPLCQVA1OXZ2NbZgRCzlZifkIeKuqNeFVso2F8CjaJ88qNHIAyOZ9pobnjzJreY7e4fk5se6ERLdHqtqfcg7odWzB7pQhzdZ3Rz4nj3joXifLN2GnYJuNBvDImBiqfe6JmQyoSCi5gyPRkFCvHNxlDqndjRvIW1HX2GHWgLj8dExeXd8a7ch7NtTjr0HntzA8486dlmJF/Tuk0bXIxD4MncdSlVZxLBhKKWxG/Zj1yp6tz2+pIh87VYkPMarx91vLdTGyKC8R+GdcFtV3fbxfrzVkk0so1hP3TAvN6cx5FS8W5rvlt9awjtYn1EjOQU96BqZ3HexeMyzOQtMHDfXpy7m3V2JC8ETVjZuKt/AXIHvcDyvKWIf1PtUq4pvxnIGavkfE+DaNFPkhPEvnAvsPxothf3GoUNAQjZaWIN7Gd5McbUZC6COlaP5jcOIeyrN+irC0C2e+8LvJYOILr7bZ9XwQyRHrbNs8cn4lZ5rReulUch1zQG/Fr7cxOpKfsNne2toloMC/1OJ+7oyePe7zPK9VYl7QFBfUdytt2tUNWTxngWZkzAFHTpyFIhG9FtWOvdPvhfShsG4CMqePhry7rTvi5Pza98exlOSfzbHIuNjSGYtPmHMQMNy/2rhwjIiIiIiKifs1EfaZx/y7T/kvqG4tzO0yJY+NMU39/Wl1gMn2x/WVT8Nglpve/VBdYXLlmuq78p8FU/HycKTh5l+kL5X2Xy1fa1f8Jp7eZDGNfMOUeuqYuULUeMeU+K77/2gHTZWWBnu3p22dj2Wvi2MV6C8V6P6oLhev/901TmFw+drZp5f+1Op4fxXYTxfIJm01HrNbXf+zC0c3mfU54zS7MrpkOrp4tPks3Fdsc9AnT28oxfmhqVJd4o/aDHaYzV9Q3Kst5Zv9ZPe7rh0wr5b5+d8T83uLHa6bLrer/nbpken+h+G7ya6aU2W+a9n9pFbeCJazfPqou8CiORFipafEL8T5MxEuiSIPm9GXmPh26csL04fbPTZet47QzPlaZ9qvhJsNLnkPuJ+b3naz2oWcdk+l70/7XxLbt0p30xX/I833BtEnNYnq2p+/c1XQk0+knGmlafpa4QzMfpJRZFQQ/njZtmiHKAJFG7MPryO9eENvpCq+ufc42pVlvQ7BsO/FPDeoSM8d0YtYb8SuZ97/ElLLwZVPuf14yXbf+jif53Ant83ORx70oW1IWvmZK237a7nx1lgEKF8dj2YclPmV6kMex9CO7c283HfxXEb7PbjPVWo7DB+Hn8tj0xrOuck4tzyz7+VG8XyS2M2GJadNJ6+PXV44RERERERFR/9PS0uL0xZHSfSgoZiZi1EGonUaGYoL4U3fFPAKvSytarKadUAwO6Bwdp2i91jliz2LI4AHq/zpQtascNdFzkRIZoC5TDYqAIUEsK6/FWevvu9yeSs86QlpiLEL81DeC/8RJmC3/M/Z5JEdbHY/fCETFikBp+xwNnSPqvDh2IWrJK4hXR9qZBWDClEjx9wIaLpmX+FJY3PMYPVh9o/IfY47Ppja7EX1XW21Hj/oFYMgg9f/uHL6AiFWZiBnuGM6adMaR1H5sC9KX1yMk+XUUpobapi+FjnSoKRyGpFEYYpUGZHyMeWKU+HvNYZstbXa35Wvsw+U6DZUoLAeyU2fapDspZLoByXI0+EnbEcfu96nz3MfOQuJEjTQtpC20PR5LPjCe6zqW9sNGFJwPRdpLEQ7hFfHcNIShBkdOq4ssRD7KnmVbmFi2XfGFxshqp3onfoFzaBiXiewpwfDv/I53+bx7vNuncdA05CaF2p2vh2WAXn6hiJoljmNvJaqsB0u3HxXH3oGwWZMQphxHb4Sfh/Gsu5yTd2dkIf1AALI3v4G0sXbHL3lQjhEREREREVH/x07pvtZ8DjXlO1GQn4elc1IxI1qdz/OzC51TB4RMmYn4QY3IScnAhl21GtM1jEDUC6EIOrUTSQs3ouxYo8PFu+wEqjvQYTNPqPVr2juyQ+6C2hGsZ3t61rEYhbBRdp0H/gEYIv+OH4UQZUGXgYPsb2P35Ni7RIweof6vi3/APcrfsxc96ajTr/1iPSp2bUfB+tWYL+IzOm4LjGJ5Z6ejfzgMyeL8dm1EUtZ2VJx3vCXfvSmYMFb9r0uexBHQcmgLZs8TR5uUg+KMcIeOSPfp0I0bHWg6VYmyoi1Yl5OBhIQXMVWZ37geDeq0Av7jpyF7JFCUlYGlRZU4qxE8etZpOV2LCnRYzZts9YrMQ5FYx6h21urZnkfn7jRNu8gHVs6crBF5vx7pMRrHnrBbmXvZIf1q7LNz2+cbbac1caI34teaYWKo+j8L7/J593i3T0NUuEO8WbgtA7wQNn0Wouym8Gg/fAgb2kYgOdYSjr0Ufnri2aNyrhlVeemYITJlRsEGZDxt3yHtWTlGRERERERENwd2SveZVtRtzUB4dAZm5BpRc3EARkdPQ9p6dT5Pa8MN2LTndawY14jC5csQPj4B8/P22TywL2TWeuzfOhMR5yqRPi8Vj0zJwIbyczZzfLbLDoPpc5U5QrVfcxF1n3lt99vTt47ZAOBn6n/t+ekZ6ebZsVsMdLbPnnCjERXLX8Ij07Pwan4lzrYHI+LXM7Fy5TREqauYBSAiYxMOromEf/VOJMW9hPCE1Sg67KrTxk70w44dkE7oj6NzeFumQ4xCYlKkwwhQhY506NTFSuTMTED4nI1423gB7cMfhyFpIXLV+Y07DQpHRskGbIobgKq8PERHJyAha7vtwyJ1rNOujEoNRsZ6rbSivp5Tf7TQs09Pzt1pmnaRD6y0X5Gdh+HKPLyaxy1eDvMP68pHbvRG/HYKRYjNXQySd/m8e7zbZ9gjGueluwzwwshIxI8DSipq1PnwO3DkQCUwTmy7szDohfDTHc8elHNHd2NlkVg+cRYSJ9n/IGmmvxwjIiIiIiKim4Y6xQf1tpPbTFPlvKF28726ns9TuHTC9P6bS0wT5DozrOYStdJ49EPT2y/LOT7jTIbOuanFdieI7yxysl0XtLdny9k69vMVd1HP880T6vsujt/x8NjVOVnt58xV2M/XqnAT5jpcNv5WbFdjLtdLH5pSnJynnF/1i//8o+nV2TLcZpuy//y9+oEzdnOw2nE2V7CF2zg6I8Jhhtj+jH817befV9iejnTY5XvTh0vFes/+m+mg3Xy7Lo/5SoNpf+Eq02wZ9xNWmfZrBY+TdRo/kNudbXr7uPm9bnr26fTcPUnTFo7fqd0o4+g104ffqAtccr5PZ+naXTpR9GD8ugwLL8soa9rnpx0WHu/TRdniWRng7HgEzTLKZPriT+li+W9NH8o0eeWAKVus86rROoH6JvycH5uX+dhpOddVnp0R52wQ3zcsO+AwB7w9PfURERERERER9Q9ac0lbXhwp3UeaztSjDqEwTLGbYuJqM1ze5B0cjvjMDShdGQqcL0fFSXW5laCnDcjY/C42RQM1WyuV2/2BRxE2Rfw5UI8zHg4v096eLT3reM/7Y9dN73zOTpw9XSv+nYKp9nO5NjeiQf2vA78AhEyZi7fey0bG8A4U7Tmka5oFb7mNo3vDxecLEN9YjaSFW1DjaoSsjnTY5QLO7hV/np2MKLv5dhu/vaD+T8PgEYhJfh3F+dMQ1laD920m1FU5WSdodCjC0IGqky62r0XPPj06d8+FjA4X/9aj5nSHeYGv6bmDoDfi10EP53PNPO67fXpcBnhY5oRMiYVBncKj5VAlijAZ8THWI4t9GH6ax+ZlPOso54Y8vQCb1oSiYVce0jfUuhwB3bN1DREREREREfUWdkr3qQviYl79r6IVNb8vVOa7tdZ+Vd7Obys4WN4ufRf8lYl/W9FyVf614heIoIfE38C7zO/l7dQxEQhCJdbla1z0NxhhPKH+X9f29KzjK54cuzeCETJe/Pm+FdfNC7wk4tO6D/NGI8ryy207TdpFuNnPhzpI7F/eUj/oHh0PlPOEF3E03IC3NxsQcd6IlHm2HdPu06EbXzWqUw+oLhpRsNV2m1r78H8gWJm/d8gA8xQVetbB6EmIHwlUvbMRZXJKA2s3RD7bU93ZMebtPj06dw8MmTgZyYOAgvVFjj8M3LiAsnI5f6/3goY/qvxtabXt9O6N+HWtJ/O5szzu633qKAMUXpQ5wSJNTwdKDuyDsaIGQUmTMMEmXnx1Lm6OTU88e1HOhcxagcLkQNQUrUaSzfH3Zl1DREREREREvYWd0n0kaNJkxA9qxaqFGdiwqxJVB8SFfVYG0hsfdZhTuu73L2Ji0moUyPWqa2DckYuUzEoETZkLw2i5xucoikxAUk4hyg7UiHX2oWRlFtJ3DED8QgPClK0AQ6YuQO70AeKifxmiU/NQUi7WlfvNWYSJsVtwtrMTQc/29O3TV/QfuzeCMXpcAHBqJ3Ly94nt7kZRhXm8etOeLAx7YhmMGgNmrYVNNSACtchJXY0ieWzlO0XcLkLhoHAY1HUUlw9gaeSLSF+zE0YRl8o5LFmGpacCkf1ChNOHp3nHuzjyf3oBigsmI6TeiJQsIxrUsHWfDp0JRczCQGDvFszP2q6ct3FHHua/sBNDpoxS1zFr2b8K4TFZWLVDxINYr2JXIZb+83ZUjTRgdrR5BKqedeAXipRVBkTJBwbOSsXSfCMq1P2mP/sSZpR/b15P0LM978/dC4GTkbY8HCHnjZgxPUM9rkqU5a9G0pRFSO/uCOqRo5QypmC9yEciXRjzzQ9P7I34dafn8rnzPO6rfeouAxTOj8e5QEQ9GwGI7a47EIC05yIdOnd9cy7Ojs2DePaqnAtARMYGlCYFoGrzary6yxIeesqxDtRtTkX4xFQUnOihOwyIiIiIiIjIp9gp3VeCDXi7eAHSRsqHiuUhYflOnB21APtyZzo8xG703z+PmEHiwlyul7oaq7Y3IiTtdex/x4AQ5YF0IxCVGY6BJ8uRvni1WGcLSi7ej1e3votNs6weQOUXDMP6P+DgmskIu1SNpVli3cVFMH4bjLStW5HxtLqeru3p3Kev6D5274TNewOb5gTj7OaNSMjagQa/e8TSDpw5Xg9Mn4wo7edvdfIftwDFhTMxtb0WOeLY0vMqgdj1eD9TDjm0cl84Euc8iqYDOzFfxKV8oF4FIrCtdJM4B7VD1We8j6Mh0ZnK7fQ4sAUzlpg7pt2nQ2cGICxtAz5cHIrr1fK812GdETAUbsKrkbYP6BvypAEpTzRjf56IB7GPV/OrgSmv4GDJAkSoUwroWUeSneul8sF9kcCR97YgSayb8/t6DIxdgIPrDQhS19OzPe/P3TshcWuxr1SUD6HNMK6Rx5WHdXu/R0jK66jNkNN7dEPgNKwQaTW+7SiWinSxqroDA8Xi3ohft3own2vnccFH+9RdBqicHo8LQ6ZMQ5ool5pEHEaJ7OnAR+eifWwexLO35ZxfIKKy1mPTFKBs+SKkKx3TvVzXEBERERERUa+4Q046rf6fiGzUo2B6FmoWbsU2dn4QERERERERERHpduXKFfV/jjhSmsiZi/WouRgKwyR2SBMREREREREREfkKO6WJnGg5WQtj9GREsU+aiIiIiIiIiIjIZzh9BxERERERERERERH5FKfvICIiIiIiIiIiIqJ+gZ3SRERERERERERERNRr2ClNRERERERERERERL2GndJERERERERERERE1GvYKU1EREREREREREREvYad0kRERERERERERETUa9gpTURERERERERERES9hp3SRERERERERERERNRr2ClNRERERERERERERL2GndJERERERERERERE1GvYKU1EREREREREREREvYad0kRERERERERERETUa9gpTURERERERERERES9hp3SRERERERERERERNRr2ClNRERERERERERERL2GndJERERERERERERE1GvYKU1EREREREREREREvYad0kRERERERERERETUa9gpTURERERERERERES9hp3SRERERERERERERNRr2ClNRERERERERERERL2GndJERERERERERERE1GvYKX0b+kvhG3hp7V58o77vj5RjLDyuvrvJNe7Fmlfexf5G9T0REREREREREdFt7A6ToP6fetUl7F+7DX906Ki8D/+wbBGmBqtve4Ds8P3dVxF4c9l0PKAu60nf/Pld/MZ4H/5lYxJ+pS6zITtt19bgFy//Fv8wzrxIOUYY8IeUJ80L+sKJYrz0739V31j7hfNz0aKc32eI7Ea8KuHxqfpGeMwwH8t/PUx9p8WSvjw8VpU5zi6r74SnnMSFGnefqW+11zuOP75ixH71nbM0rnufRERERERERETU7125ckX9nyOOlO5rsuNt4287X28agD+ufQN/PKF+Tn1MdqB2xY/55Xknb3d0dtBb9v/yL/CZcRvW/PmSuoaGExUaP3joo3QO1zyGNy37WxaBxz41Oo5ct/oxwXxsBkx1WM/cIY3OdX6Lf3nqskjjtiPHde+TiIiIiIiIiIhueuyU7mce+PVs/EMwsP/obdQZFzwdyzd2jZImO+PtRgyPS8K/PAV8VnPCyRQsl7B/j9YIb50e/H9sR9GL+FlouA/49BT+oi6S/mKswWdPGazi7Un8w8u/EOv9l02H83irEfDSr1IMmIrLqP7UqlNd5z6JiIiIiIiIiOjmx07pfmcYHnpI/S+R8KtxjlNYPPDQfUDjt9qd0nKUNCLwL7JT1wsPiP3ZT+vywINyW5fxVWdn83Ec/RSYOt7u2MaNtetwflIcv/rfTsPwYDDw2VddndL69klERERERERERLcCdkr3O5fw1VfAYw/ZzResPCzvDbxkedk/qFD53DwlgvKQQKt1XU0Foqyr+dBDOe3CG66niPAV9dxcT1ki50h2PB857YP1ufbK8dpzFzdWPIkb74h4+/e/YmpcD88XfuIU9uM+POgwrbVjhzMREREREREREZE1dkr3M38pND+cbrb1Q+zkA/ds5u6dj39ADX6j0flZvfUNHB1vWU/OUX0f9v+7887PX43/BdD4GU7YjUb95s//hf2wO44+Y/3QPtuHIZofoKie77IIwN1cy77Wg3Hj3CWcqLkMPDXWYW7rvxQasd9mSg3f+MvRvwLBj2GczcMJ78NDdg8r1DXSv/EEqkV6cxhlbUd7n0REREREREREdLNjp3Rfkw9zsxo5a+60tH6Qnjo/sE1H4zBMTY3AY401+LNNh+ZlIGK+TYfkA79epMw/vH+Pk9G742LwD8GX8Uej9RzWzjs9e591h7RVuDTuxfty+oiXrZap8xB/Zqzw4TzE8qF8tqObux6+18Nx44Tlh4t/sZ5nWjpRjN99qrG8m+Ro9N99eh/+IdWD0ddfNTo5p+MiPO3nonbk1T6JiIiIiIiIiOimwE7pvvaUoWuEbTCw/9+LbTtUlVGl9+EfDHYdjcHB+IX489evrUcF34fIpxxHNrucfxjDMC5CfG79QDln++wDnR2wNh31wDeffobPgiPwa7uOTd/PQyzCYVnX6GblZen07fG4sWeeUkXprF1mGx7KFCJy2g7rTvpuM0+Z8hvjZbHdRZjqyYjlh4IdO5PlqPJXjNgv4u1Npx3n3dgnERERERERERHdFNgp3W8Mw9RlBkzFX/G7zpG4wqVv8ZnWaF3Zuaeu0l0PPPUYHhP7PaqO7DV3+PaDaRM+NeJ39qOhVd98dRlorMFvbMJEvP79r+oavaAX4qaTMm+12qG70b6z9hL2b3U/+tgzsgPcccoUW1qd/+Y50e0pc3+LuHnMMB9/WOZs9LOefRIRERERERER0c2OndL9ypP4tUGOWv4v5YGFimFD8ZjWaF31tVzvnM/BQ51PgxA8HbPlNBJHZWe4eeqOxyLG9f20CU8ZnM67rIwwVjpotcKll0bY9kbcSOq81bLTWbND90QF/ijTi91UMHK0MeSPHPK99Q8d7th0gDsZea2c+2XYDAZXXMLX4lisH9Rpnvtbjnx2ESZ69klERERERERERLcEdkr3Mw/8erZ5juet6jzDylQQl1H9qZ6H92mtp84PrTWdghXlgYdyCg+lg7O/POBQhscizY5pZZoOjQc09qpeiZuueas7pw2xNy5Js1NchhvEESoPgvRgnum/GGuUqVHedDqiWQgeh8hgyw8ZVk6cwn7rqUo65/52PfJZ1z6JiIiIiIiIiOiWwE7pfmcYpsb9AnJqCvOD8syjpz8zbrMbLXwJ+wsdH5D3mfH9rlHWgnlOZo15j+2NG6tMHfL+nsv95AGHXTofCGjdMW15QONa+zm49+KPf9bTSewLvRA3vp7fW5nX2S7MbBzHUdmJHOeuc1hNp58arc79OP6oTNExu3OkurO5v23p3ScREREREREREd0K7jAJ6v+pV8kHum3DHx/SGgGrfmb9gD/ZmWg3X7LN6FM5/cHazxC57P/B12ut5zR2fEignE7hd185jkqV8/5aplnw5Xy+lu06klNfLMJUyGOvwS+s9qscI2zDRln2qfiP1ajhzmWdHM/Xa0qYXzYfo6vpQHwYNw6U79bgM/WtPTlHs7MpMczhfp/NPrTC1Zac19n6GO3Yj9i2O3f743Ee95Ia/8Ee7pOIiIiIiIiIiPq9K1euqP9zxE7pW0Vnx6f38ykrHYg1j3EKhVuW+ceOr+N8+6MDERERERERERGRPVed0py+g1TH8WdjP3nAIfUMORUI3E2lQURERERERERE1LPYKU2Kb/78X9iP/vOAQ+oBwdOxnKPgiYiIiIiIiIioj7FT+jYnp+x46ZU3HOYeJiIiIiIiIiIiIuoJnFOaiIiIiIiIiIiIiHyKc0oTERERERERERERUb/ATmkiIiIiIiIiIiIi6jXslCYiIiIiIiIiIiKiXsNOaSIiIiIiIiIiIiLqNeyUJiIiIiIiIiIiIqJew05pIiIiIiIiIiIiIuo17JQmIiIiIiIiIiIiol7DTmkiIiIiIiIiIiIi6iXA/x9W7aM8+1XjYwAAAABJRU5ErkJggg==" xmlns:xd="http://schemas.microsoft.com/office/infopath/2003"/></div>
<div xmlns="http://www.w3.org/1999/xhtml" xmlns:pc="http://schemas.microsoft.com/office/infopath/2007/PartnerControls"> </div>
<div xmlns="http://www.w3.org/1999/xhtml" xmlns:pc="http://schemas.microsoft.com/office/infopath/2007/PartnerControls"> </div>It permits to see the account information of the user even if offline.
<div xmlns="http://www.w3.org/1999/xhtml" xmlns:pc="http://schemas.microsoft.com/office/infopath/2007/PartnerControls"> </div>
<div xmlns="http://www.w3.org/1999/xhtml" xmlns:pc="http://schemas.microsoft.com/office/infopath/2007/PartnerControls"><img tabIndex="-1" style="HEIGHT: 174px; WIDTH: 895px" src="msoinline/c4041683f7a94120" xd:inline="iVBORw0KGgoAAAANSUhEUgAABaUAAAC6CAYAAAC+/CHWAAAAAXNSR0IArs4c6QAAAARnQU1BAACxjwv8YQUAAAAJcEhZcwAADsMAAA7DAcdvqGQAAAAhdEVYdENyZWF0aW9uIFRpbWUAMjAyMjowMzowMSAxNzoxMTozMBdLKxAAAJBoSURBVHhe7f0NWFVlojf+f4tJTDKjMbBMGi0dGgMr0fPHH1x6QnMutvRT5MkCjx0wjoJ2JJk48IzmawfHK8qOJDoe4ZlGeEYPoU+2+Y0pHXnkyJWiKejI0dIJs4ReEBVGKNv/+157bdgva++99mbzon4/17XFvfba6+V+X/e+173uMAnoI39t+Er9HxEREREREREREVHP+0XIQ+r/qCdduXJF+Xv8+HHlr7U+7ZQmIiIiIiIiIiIioluPq07pO9W/REREREREREREREQ9jp3SRERERERERERERNRr2ClNRERERERERERERL2GndJERERERERERERE1GvYKU1EREREREREREREvYad0kRERERERERERETUa9gpTURERERERERERES9hp3SRERERERERERERNRr2ClNRERERERERERERL2GndJERERERERERERE1GvYKU1EREREREREREREvYad0kRERERERERERETUa9gpTURERERERERERES9hp3SRERERERERERERNRr2ClNRERERERERERERL3mlu2U/umnn5QXEREREREREREREfUfd5gE9f83pZYrrWi5eg1Xr7XhWuvf8Lfr7bh+vQM31A5pvzvvxMCBA3D3QH/cE3A3Bt8zCEMG34Mh9wYonxMRERERERERERGRb125ckX5e/z4ceWvtZuyU/rK1VY0fXcZ337XgubLVzo7oPWSHdWB992LoT8fgqCf34d7B7ODmoiIiIiIiIiIiMhXbplO6eaWq/jq0rf4uvE7XG/vUJd2z0D/AXgw+Od4aNhQBA4ZrC4lIiIiIiIiIiIiIm/d9J3SckqOCxebcOHrJvztb+3qUt+6+25/jHgwCCOGBylTfRDdmr5HSc55JGEIvs59DMPUpURERERERERERL50U3dKN37bjL82fI1vvrusLulZD/z8Pvwi5EEEDw1Ul/SGG7h+6WuU7f4e2478gI+tT3XgncicPxJvPnOfukDV9CVKyi/j/YPtKFPXH3mfH2KjB2NR/C/w+L1+5oXWmj7D7LQWlOFOvJkbjswxGutIlvWmB8P0Tw8Dp+vx9LJWIO5BHPvHh9SVtKgdnucHouJ/jcUzA4Hq3x/FpL3qx/bGWHWMdh6brZH33YX5SQ9g0eQHIU7Pzg1cbvgSxcXNKDtzAx+b07mZ9baFS+XH8eC2G+o7e4Nw6P3HMdLlOlYs4eKEy33ZHVfvY6c0ERERERERERH1vJu2U/qLC5dwruErtLZdV5f0joBBAzEq5CE8MqIXuuxuXMWnxZ8j9v/cwKW7gNhxA/FM0J3qhz/h9LEOwPAI/j32fnXZDzj/8X8j6d12VIt3kU8MxOwQ8/pfN1xH2cmfcP6uO/Hbfx6JtZPsO7KtOn5DBuPcm2MwUqtf2r5T+sZXyHv5a/wGATj276F4yklftuV7h8T3vlY7bc2d0n5YFOuPkcoSK0MHY/7/+zCUo1S/e/7xgUga2XX+x6quo0Sk35F/dz+OZY00r6u4gfN7TyHm9z/gb/f6Yfbfie2L8JOam0TY/DQYxb991K5T2oTEZwbi6YHqwk4DET9/JAJPfoZtn/ygLhPEdn5TcwOxEYNEnKjLpMeGInPyA+obRy73ZX3OfYKd0kRERERERERE1PNuyk7pz85fxJlzF/CThw8x9JU777wTY0aNwGMjh6tLekIrqn9/BpP2/oTY2Aew7R9DMMxZh6/q0t5aPPX7H4DHB+PjrEcdR0Q3NeCN9d9g2fk7sfb1MfjtOKuHOKodvxjjh0NnbmDSPz6C9+OGqh9ase+UFj5971M8/X+AN9eGI/Nx7YM8/3+OY9R7Jpt1zJ3S5pHIkcoSJyzHNn8k3u/sgBduXEX1ts+U0dY2+778OV6efxnHoobi439+RGMUtS1zRzFQXPAkEq07mF05cRp3rG4T4ThehKO6TAev9tVr2ClNREREREREREQ9z1WntGVIar/S1x3Skty3PAZ5LD3lcuV5xO/9CYnzH4FxvvsOaVw+j7VFP+BSyGAcWjVGe4qOoBD8dtUD+O29P2HZuxfwqdYsEtFD8e7jQFnxVyhrUpe58dSUADyDn1D8SaO6xN43+PiA2Nm9d+MZJ53WXvEbjMjnBiNe7PvQ+RZ1ofBFB7aJP7Ofcd8hTURERERERERERP1Hv+uUllN29HWHtIWlY1oek+99jeLidqWDee10jdHKGi4dasG7P9yJN//pUe1pNywCQvCbf7gL+K4V5Se1eqUHIX7xECTiByzaeh66ZusOCURiCPDpn1tQrbXJhmaUNADPxAbiKXWRz7hIpV9fbVX/d/ORI6rvmH0cJU03cPnYacxOOoo7XjiNT9XP5aj3d3OPY5JcPlu8kj7Fy/+rAZftwt92O/VY/M+u19f03RdY9k/iO/90EuWX9HyBiIiIiIiIiIjIO/2qU1o+1FDOId2dDulBd/vj54FD8NCwocpL/l8u85Y8FnlM8th8quEqyr4D4qcNdd3B3OkqjslhzzpHIt/3xCDEi7/vn3AyFHrYSKxN8sOlY99j7SE9HbsP4JkpYr8/tOFjjY7u85+04mP4IXFSsLrEh777EefFnwcD1EmjpV8Oxtp7gXfzP8e2z6+qC29Sn32OpDfaUCanTv8BMM+g/iXeSPsGaxvuxOykoajIGYriSXfAuOcbxP6vL9V1bDXXnMHsrR0Y+Wux/qtDsHb4T9gm1y/+Wl3DiVaxr5xv8caVu1C8+nHEuh2yT0RERERERERE5L1+0yn9t+vt+GvD114/1PDugf4YGfIgwh5/FOG/ehS/fDREecn/y2XyM7mON+QxyWOTx+grl8934GMR/JMes5o/2aUWfFon/oTfjcfNC1wLGoinxZ9Przsb9eqHkbEP4t9DgLytf0W1jn7pkZH3KB3d+Z/Yd3J+jbLyn4CQQXjG11Nw3/gGJcWt+PTngzD/7warC4WBDyNz2WDM9/sBL2edQcwb9fj4Uu8+ENNX3t/TiqdefQR/2zkeJqu5tx9/4SGczg9HZuwjeCbiESQuGo3iKKC6/DI+Nk/JY+UGFu8G1r6prh/1GH6b+7ASv9Xl3+NjZ0Fz41uU5DZi2RU/vLniUSSyQ5qIiIiIiIiIiHpYv+mUvnCxCd98p2siCQeD7xmERx95CL8Y8SAG3T1QXdpFLpOfyXXkut6QxyaP0Veut/4o/r0DD95nfq/LD+IV4AfHM/SSXzDmpwUg8sp1LPpfDZqjb20EPYCkccClj1tsOznPtKD4CjA/Lhgj1UW22jBJTidh93rjhPqxlfOHvkbettPm1+aTMMxrQOZ3/jCuHoOn7E584KNj8O+/D4Exzg/nj7UiZtEpxOR9htNXnHXE30BSmuNxzC7/Xv3cl/Tu6wbO/zIYa6OGYqBNf/DDiP8fD9rNlx2AX/1SLvgRlzUiK/MfRyLS6rmWMn6fmSSy+A8/4JJm1mpF9bYLSDp9J9bmjEbm49ZfJiIiIiIiIiIi6hn9olO6ueUqLnztXYfvgAF34RcPD8MDQwPVJc7JdeS68jvekMcoj9WnPJ2ppPWG+85jT4z5Bd6NvROffvwd8k662/IQPBMlwu6H6/j4hGXdG/j00N/wKe5C7NND1GX2/LAodhDetHs9pRFln56+jt+Ut5lf+9pxfdIDOJ3/hPMpJQIeQOw/PolzRQ/h/Wl+OH+oBb/6p1MouSh78O3dicRnHI8jNsS79OCa/n3Nfuoh9X92blzHpTNfoKT4NJblHkdM2lE8tU12uN/AeYcZOfzw9CjHnyvuDrhD/CvWd3g+5U/4+PdnMGkv8NvMkfjtOHZIExERERERERFR7+gXndJfXfoWf/ubd1NjBA8NxNCf6x9uLNeV3/GGPEZ5rL4wbLicSuQGjp3T28V8Dx6X83bU/g2nzQtc+64dfxF/4h90N656IJ5KegBrf/4Tlv3bXyGnrXblvojBWCT+bvukydw5fqMRH1f+BDw9GM84jQZ/JM1/HJl2r9gQ9WMr8fNHwvT+eJh2PoZj8+7C+Y+/Qew27TmUbdz7IOIXPom/rB+sPMAxadVn+NThS3fA8D8cj2P+E1bTgviM3n35YeSD6n+tXTqPxWmn8GDOt1hb9QOuB/kjPm4o3p3mIst6kpvPX0XmXhFvIwMw/+88Ga5PRERERERERETUPX3eKX3laiu+bvxOfee5ofd73qHmzXcs5LHKY+62kQOVzt3iTxp1jny+D0+NE9F15W/4+LSbnmPh8olWlIjonfTLoeoSF+T8zAsH4qnvWrGszGFIrS3Z+RsFXDp0FYfkgZ9swZtXgN9OfVAcoQ/5DcFT/+8YvB97J6r3foM8cT56yCk9ti32B75rQ/l/qwtvOi0o+/33ePeHgagoehJ/KQjHm/Mfx6LYRzApRI589oGRQ/Dx64MQef4qkvLO47z7JEVEREREREREROQTfd4p3fTdZVxv71DfeUbOFe3NHNHyO1pzT+shj1Uec7fd+yCSpt+JS1Xf6+5wHTl5MOLxE94sdtOJ2NqAN//4AxASgPgx6jI3Bj79C7wZBZT/6WuUfC3HTzszEJMmDcQwZQqPVlR/0oZLdw3EM+O8C0/XrEZxv9ug62GM0sDBN/vD+q7itJxvO3IInrnX9ly+/tak/q/7AseNQfH8u3D+k++RpGc0OhERERERERERkQ/0eaf0t9+1qP/z3J133gE/P89PQX5Hftdb3TnmLgMRaelwzT2DZVVaD9u7gcufn0HePvWzoJF4c/5dwOkWJDl7oF/TF1j2m2/wxt/uQvG/POrkwYNaAvDMPw1F5l03kPnhddytLtUycNxgyMN445O/wvgxMOyZIXimJ/qkpc5R3G3I/FNXx+mlfafx7gmNMLtxFR9XybXuwuOPmBfdtC61w+bnj0uf4c1yTychd8UPI2MfRdl0ORq9EQZ2TBMRERERERERUS/o007pliutaL58RX3nuZ9+8n7UaHe+K49ZHnu3BTyM366+H5mBP+GNt8/jweTjWLz5NPK2ydcpvDz/OAKzruL83ZaH45k7Ecv/hx8ufSIf6HcchtxT6vqn8ZtlR/Fg2rd4o9kPb654FInOHg7oTMAjWJbmDxxrxzZ1kaaBw2F4RvytvI43frgTv4nWmhTZWjuK1WO0fX2Gah3RbxnFXV3+TdfDGH9ox+LVMsw+xctvW7Z3Ckkvn0HMxz8hcf5DiHeYT8QE439Y77/rVd6grtIvDEVsrMiaJy5j9hv1KKtpQFnZKczOvIrAMF+PAg9A5PyRqJh8Jz4ub8T8ct/MmU5ERERERERERORM33ZKX72GGz95P/Lzxo0buH7d8wckyu/I73pLHrM8dp8YNhJv5o/BXxYNwuwHTCjf14bflIvXxx1ofiwAxrfHID/K+uF4AXjqhTD85d0H8O9/dxeun7luXl+8yr+7C0lJD+DrP4Yh8/EAdX3P3Df5IbwrH6jokh8io8VxyP/eezeeedxdR+kNvKseo+3rGs7rGpobgGeS78eiu7oexjhseggOzZdhBhz6RN2eCLPrYwbh/fVjUByrNZf2Tyj52Hr/Xa9Pm9VV+oWBeOofR+JQ3F34219aMTv3Gyw7CMxePQbLlED3Mb/78MyiESgW8V6y7QsksWOaiIiIiIiIiIh60B0mQf1/rzv13+dxvuFr9Z13Hh/9CwwLul99p8+lpu9x+uxf1XfeGRnyIMb+Uv/kGERERERERERERES3iytXzFMkHD9+XPlrrU9HSl9r/Zv6P+99+/1l/Pij/lHPcl35ne7yxbETERERERERERER3W76tFP6b15MvWHvm+8uo+Fio/rOPbmu/E53+eLYiYiIiIiIiIiIiG43fdopff16h/q/7pEdzZ9/cRHtHT+oSxzJz+Q6X3x5SV3SPb46diIiIiIiIiIiIqLbSZ91Sv/000/desihNTktdsOXjThZf07poG5tu65sX77k/+Uy5TOxjq/46tiJiIiIiIiIiIiIbid99qBD2WH8/338idKhfDO64447YJgaqb4jIiIiIiIiIiIiIot++aDDO++8E37idbO6mY+diIiIiIiIiIiIqK/02Uhp6cChT3Gt9W/qO32GBf0cA/0HqO9843p7By41fae+0+eegLsxZdJT6jsiIiIiIiIiIiIisnA1UrpPO6U/OfYXfPPdZfWde6NHPoyHHwpS3/nWl1814ez5L9V37j3w8/vwd0//Sn1HRERERERERERERBb9cvoOSY429sSw4J+r//M9OQLbE54eOxERERERERERERH1caf04HsGqf/T52d+fur/fO9nP/Ns254eOxERERERERERERH1caf0kMH33JQPDJTHLI+diIiIiIiIiIiIiDzTt53S9wYg8L571Xc3D3nM8tiJiIiIiIiIiIiIyDN9Pkx56M+HqP+7edyMx0xERERERERERETUH/R5p3TQz+/DQP8B6rv+Tx6rPGYiIiIiIiIiIiIi8lyfd0rfOzgADwb/XH3X/8ljlcdMRERERERERERERJ7rF08ZfGjYUNx9t7/6rv+SxyiPlYiIiIiIiIiIiIi80y86pQOHDMaIB4PUd/2XPEZ5rERERERERERERETknX7RKS2NGB6EB/rxXM3y2OQxEhEREREREREREZH3+k2n9N0D/fGLkAcRMGiguqT/kMckj00eIxERERERERERERF5r990SkvBQwMxKuQh3Hmn9mHV1Z/DjzduqO98R25TbluLPBZ5TPLY+q1GI+Y/8Rzm72pUF1BPadqVhWFPZKHsJgnqm+14by612CDy3bA0I5rUJSIzoixNLHtiC2rUJd5Rt2OzbbpttJ1D2ZpFiJ4o0sDEZTB+qy73EPP/rUQtb/Jq1fd9Tav8c01/emT51yvaa1GQkICJmfuswrm/pbPe03K4EEvjEkQafQ4TN9erS4l8oRHGzASEJxSirl1dRNSrbuE0eGyLUm5vOKa+d6sfhIVm/Ut0++pXndLSIyOGYcyoEZod099+dxnVNSdxqek7dUn3yW3Jbcpt25PHII9FHlNPuLk7DNSLxtvwwoXolqQ06izlkbljQuuHrpbzlSjKyUBCjPnivfN1C3Qgmctk9QcF9cc+/Y1cQTQyN8Q9h6TiC+oCL9wQZWtmBtL33AVDTiaKM8PR/+4fcs5pvXajFQ0HtiMnNdXc2W6VduzTWU2e7efKa+KLSMrZjiod9WVL+TLlO+G51dC83miT8ZSA9G7/kHv7duAR3UraD29EQspunBk1E9u2voLkYPUDLTrqSnMZpvHjtCjfa3ZtxNI5L2GipWxTX7Z1jVq22L3CYxYhp6gGTW7H5zTDmCm/k4B11R3qMg+o9d+wJ15EwSl1mRsNxYvMx9mP2wJadUt4TCqW5u3D2avqSrcs2+s2m/ZOP+C+/eWivtWbrzrTte1rYtwybCg/hxZ3+epGPQqmy+8sQkmDuox8S4nLQtFWtIrL6JcwP6cQxvpWdSXSz5f5nm1e6jn9rlNaemzkcKcd0z/+eAOnz37R7c5pS2e03Jbcpj1Lh7Q8FtKvvd6IVUteQoEnHTn9TiOq8lcjKYujtFy5NeK6b91sYdiwZxmmxeXh7cM/YPT0aVix0KC8MuJGIeq2fwZsB+q25mHdvXOR+8IIdZkXzhpRcBBIXLkC2bMmI2bO84gZqn6m6SYor8RFhjFLXGAs3o2q9hEwzDOnmxULpyE5MhhDfqauZ2MEktX0paSxmPtxds9OJMSlosjlIMYLMBbXIn56OLDrEI5o9UoPCkfa2mloWJ6HsovqMl9qrEZBziIs3dPdTm8iC1f53MsywF/kg9JSHM6bhl59Ykq/yx+tqCrdh7rhM5H71lwYIqchbVao+pkPyR/D5izCjOWVODMs3Kp8m4zEsYHQnCBwXERnGSjLS8OwRhTlrcbUOdtR56oDraESJXtDkTgdKDlwVPvHOV1aUfCBkx/3rLVXo+SdbvwY26k36jPbumX249ewv2gjomOXwdgT9YEiGIa8UtSWpiCsh2eCvO3a5l7kq7ApXe1XuV5EWz3WZWVg2spKtKjraGk/LNpnzeFInCLaGdW+SO+96SZIgw37kDMzVcTlblRcEm1FSxw9OwKNVbsxP+ElJKyvdv/jgVv9ICz6qv7tCWzzkg/0y05pSXYGjx3zC6dzTF9v71A6lA9+ckKZekN2MstlzsjP5DpyXfkd+V1n68t9yn2zQ9pzLacrUVDR3I0GcH/QiJrNNai45UdNdM+tEdd966YKw+Z92JBTiyFzMnHwo3eRm7UAaYvNr+zcDShdb7j5G1bdcX431m3uwIr/+TxC/NRl3mj7AXXiT8gwvVNG9f/yqmXvRszfexfS8rfi4HuvI1tNN2mLX0Hu1q14K05rWGI4ZneuJ9PYuzhcnoJ4cb45W/c5v3BsOArjiVBMXWxAIiphPKA9ssZ/3FxkzzmHle+4vgj1ysVarNpzAS0/qu+Jus1VPr/J2iz9Ln9cQ4sMu1HBCO5O2e1G3Xu5WFc/Crm7/oAP38nsLNvSFmfirR1/QNrT6orWnp5ptZ4oL4tLcXhlKFC/E0V7m9WVHDVU70NF9GRkJEQCxftQ5WXaMESHoqnYiP3Od6VoqTBiQ1swosaqC7zWG2nZtm5Zkf+/cWTHTMQ01yJncw/UB73sdmube5OvQmKet1lv00fiu8mBaNi1GSVO7wzowJED1cCc55ERPQIVhfuUtho58ioNNhqRnrARRY2heKv0f+PwnrVYYYmj5Wvx4YGtKF34MM6I+E7aUHvTpO/bIj+yzUs+0G87pSU5bcavfjkSD/z8PnWJIznKWU69YRk9/Z//dUx5HTl+WnlZ3ltGRct1tUZGW8h9yX321JQdREQ3pfPnUCL+GAyTMaQHL9xvTh2o+tNOVIybA0O3L8pvPWdPy1v9psAwpZvPZgiZiZQE8XfvOZw1L3FQV75D6YyJGjkeUbMGoOijQ046GQIQFR+L4HJXF6FERL7QiLMnWgFRNhlGB6jLvBMy63kkir8lp52M1LxRD2PhBRiejUDI05OQOKgGxoNuepWdGRcq9lWLko9cjQo1350SlGRA/P3qopuM/9i5SJsjb22v4ZzPNxUf5Su/AES8MAsGtKLmjJPRns2VKCsGUv4+HCGR0xBzcR+q2HbwkWZU5BWhrG0E3tqxHomhGnHpF4yoxW+gcF4AaoryUMhp/4luKf26U1qSDxgM/9WjylQad9+t/x6La61/U156yW3Lfch99duHGt5oxdldeZivPohlWLR5bjmXv0xdPQdj3rKu+V8nvoiEJYWoaLAfPWb1YKEbzaLAX42kaPFefEfOtVVw2E2DVp2nK3y5uZZYN8/8XT3zFrWc2I1VnXNHJSA6QezvmOPotqbq7ciZ9yLC1fVmiPNwNr+oJ+taM883twzr5JuDW9TvO5lb97DVPqJfwtLNIi60fu+Q8Va+sfMBOsrcqGuM7uevu1qJHLF+uMbcTXVbXxTbynC89fyYPOYXUaBRWes6XsuxJnSFXfS8PJSdtYoPL+LafLwa88yq5zhsvf031fSYZTdqpbEGRTnqA+DE95S0Wa0jYq0p28jADDV9K3OVvSPCQv1Yaqnfhw1Luua+lfM4rtp1zne/dHsShpb8qOZhl/nRF+HjRuMVx7zplFZ6Evm7zG4uPsfwThXpsxINbeoKnazLKXN5aAkXy1ybPs2DerUfRUVxBxKTJiNEXWRN1/lZ5jqcZ1TedqYJF/Nz9qvyyq3v0eIQn15w9YPIjXpU7WpVOmOCMAATpkQiaO9uGJ3N/Th2GpLHtqLsoK+ubtT59tQ4NC5PNYehnmdHtF1AxWarulqZQ3EfNA+9zVyvm8swjTLamu42gKu5Aj2cR1Dss2xNVxk7MWk1ikSZdV392COe5HPB27rfQl/ZbxUeSlxkqeu7iQstGvWRfd50lc/dlgFWD4BqP2vEqgQZjlnqw1PV83BWxtxoRJVIk53xqM676jQsHNh/pr53lz/UNGvZryUOnMW5Jp3p3hx+qUg/KN5YhZ9HzxLwxPfNnp2HFr8Brp8zUH9ItA1DYZgUDPibf5wrKRb1jfqxR4KnIT5pACrydqLKSQOovXon1p0IQNpzkc6PS0e9oqc+67m22QCMeUJO2dKIJssjhlzmHZWn11hPaLXxPKtzNdsTuy50tiG8uQ7TRZYHoi3aeQ0qy9fUPJSccGyPWj9bQj5AdL7MyxO39NzIYl/kq5/dpf5HW0t1JUoGTUPUOPEmZDwM43RObWPFJlzktA6WukrGec521Ng/1Pp2SYONh1BS3oGwxa8gcaS6TFMAIlJTkIhmFBidtEdEnVqwpKtPYcaSjTA61MkuwsKT+scSblrXOG7Dwq7+bdiNJPF+mpOH7JrTTipKzqsLJF/Uld2is04n0qHfd0pLdw/0x5hHR+DpsDEYGfIgBvoPUD/pPrktuU25bbkPua9+SZ2TM3p5NVoelw9ieR3FS8ej3bgOSbnat5u1n9+N9JgMzN/djNFzF6BUfGdbZgSGHBMFX2y6qOS0LpyaUbUhC+tOP4zZa8Q+1kxD2OVarErJsOvoDEZ8wQe4lBlufntfBDLk9ueZb8NOzHpd2V/p1mkYrSzR1rRHXMwlbUdd4GRk54v11z+PqYH1qPnimrqGWYMojKem7kbDcANy5bmvicWYi+VIiBMFn13HrCfr2hv9nDzmucooFNlhIcNZnkfGRNsfKloObUFSZg2CZy3EpvwFyA5tRYmcB6/A/paiVtRsSEf0ykO4PiUZxWJbMg4GfrQF0YmiYnLVSTM4FBOiRRgdrre7mKhHVamMu3M4ctI2DuuOHkDToCmYYBfoeo+36YNViJYdweNmKWFXun4mJjRXIj1pFYyWCsaLuA4bPwVB4rjrzthOmdNyqBJF8j8VtbaN1av1OCIuEg2RoRiiLsJFI9LjVqOgIRgpK8X+xHkkP96IgtRFuh9Y1rA3FzNiVuPtwwMwdWmmctzbFkcg6IrVrVWiIbE0YSNK2kKRJvez9RW8+sQ1FCzPwqu+mi9LdxjK/JiB9EOBmL082yY/bjhhN/1Qd8Pn6QW4dHI94pVDCkfGyQ+wbZb5+BRjI5E9HCjKWoUSPQ8baatHQbIos0R6ahxtzoul+clIGdeBxs5rmA407BBlgAzvb0eYj1uEd/aUAFTl52HiHGd5RIZLOpJEPpiama2ca9r4DtE4W43oJfYdLPrzYNCs9SIMFiBCvgk2YJsIgwytW6rtnarF+xglLlbsf9D04PzUNFGaZS5TO9PEQlFmK0sc9avyyoWwvzcgDNV4NWtnNzu3m9H4lfgz/C7NeSKV+R4tnTGCvzJK0NXcjyMQNjUAdbsO+ehieQQMVnEYNe8VcxyKOIpyfsOXOHDRsJ+zCEnF1xD2T7KuzsSmOY+ipeKcY2fhjXMoy8pSbnFNWy/jJxzB9XZltMq7NkA3iXJoaax8UGcrxqTI889EdqS4WFmcgXUVno7W9CSfd6/uV3ha9itx8VuUtUUg+x3ruMiDvlMV8S7ro7P3w6DURyLe4wKx3y5vusrnessAXKnGuqQtoh1nrjfa3V20ynNbsgg5J0V9ItqCpevnwjDMPO/q7Hxvb53WkT/k/LCJGcgp71DraFle3iUudjN037LtSbo3h98ryJB3uFiFn8FVx4i7ulJTMKKeDRV1xU68ur5Sx4MKXWhuVNqEYfdqXQt1oOqDctTJu0WUQ1J/nDuxD1Ve9UoPQNRzsQhrq0SZZqJuxv5ScT7KXULiuGTnvgN99YrbtNzDbbPGb2U9EYwg+7LaSd7xTfnqSZ3birqtGXbtiUysnBuK69+KuHHbrrS9brNp77jTLMJgZioSCk7DXz1OpXwVy5cmpTpvY57ZifSU3TDKpCPOxVX+9a795cN89a05XwUNusf83oZ6N8CcSEQoP4yPEPliBJqcPbfCDaVNllqO63+fgk2y3J/3ONordmJGbJZDPa64ZdKgtpbjR2FEAOKn6JjLPzAcUfLa+KMah3bb9XNyCpA81IU8r7QBti2PRPCxfZg/S4SF/TWTFk/qH3fXOJ6GRUgkZovzUtqjDun4gihn64FxBkRZ6ibdx9qNfO+Wl21eIi2mm1DLlWums+e/NFXXnDKV76827fnovzx6ye/I78ptyG31lcay10zBY18zvX9JXeDC5T+vMoWNnW1KK7Nb+cdLpvcXzRbbiTOlWH/242nTphlxpuAZm01HWtVlFq3is0Tx2YQ3TQevq8tMYjsLxTKxHcObJ0ydi6VzO0yJYnnYvx6yXa7BfE5xprePqgtcajAVPy/2mbzL9IW6xOLylXb1f8LpbSbD2BdMuYfs4qr1iCn3WfH91w6YLquLPFrXqROmt8U5BC/80NSoLrGwnJ9DuP4ozkWG6VjrMLXE22umYvsT/HKXKUVsZ+rvT6sLtH3xp3SxTbs0IuJjtliWIuNrtXWciDhMtl3m6fE27t9l2m+fHtX4tz9Wj+L6+iFT7gSRhkTa6tJuOrhabHfha+J8XjYVn1MXS5/8m9i21TI1PU/93RHT5R/VZYprpiO/e0Gsu8q0/4q6yBlLOl70oekLm23YuXTAVPyf9vlMDa9nt5lq1UXa6cSSj0R4q0tccR6G7vOjTdz7Inx0uH5ml+nVKHlcs02zX/uj6eCXVvnUxjURt7JcmifOzUUZq+RXjXMUrp/cplHudIWL47maTGf+IPPLbJH/u46ru3lQjy/+Y4koTzdbpQ2Vx+cnHN2snJ++MlTqP+WVZN6nfb12zXTmT781TZDHMuFl06uFR0yN9gFi5cib8tgc89DlTzaL8BT14Af2hZQkypN/FWnOJhzUZTLfOsvzSlnzmunDb9T3HlHD3qZcE9Q4tKmTXbj+f99U1s/9RF1gIdonXcGk7kujHSC/HyY+m729QV0ieNwGcHIuCq3PtNLd96b9r4nwniDi/0t1kcWXH5rSRB2gr83jeT73Sd3vadnvIi4S/2QVF06dMH24/XOHMttcdtqX2VrhbeHiM0taFPVs2vbTdvvS+p7l3MR37M/hx2um/cqxpVuVEer6utON4DR/qOlnoWgT2sX5F/8hy5UXTJvcFUEep3tJTW+aYesdzTLsx+9NB3/3spI+gqOWmN422seHNSdhJ+LgyJvzlDz2oVY+UttaNmGrLpta4EFdd+lDpcw3b0fNA4mObXXTF7tEPTbblP3n78UbrfTkab2ivQ2F7vzpnLO6pbOcWPpRVznhKu94fY1lu29PwsZStmi1J6x51DbXxUW5LtL0h9n2ZYLlGJaIsHvZlCvi7LrTdO4JZ3nCg3xlk66tiHSkXEuL+KzVClw1nduEqbIszvSqUaZ9fTrbZM/+m+mgfZv8zB8d24S3SRqs3SjTkH257JxDPlbDSbYvHM7jygHTStn2sCm/tMLCk/pH5zWO4DwsHMu6y8bfmvdzUl1g4ZDWfFBXesVJHnRapxPZamlpUV6VlZUOr5tipLS9ewcH4LFfDMf/b/yvMGlCmDLlhhztLOeDvifgbvzMzw933HGH8pL/l8vkZ3Idua78jvyu3IbcVv93Acb3atAkH8xkPxrDLxjxabEIU99aKCPGzg9Axv9MRsQgdaHFoFCkLJ6MoLZKVBy2/+VwMrIXh9uOQhsZqcyT2nS2Ed0fi6Ch9ZrDqJ0hgy0jQDpQtascNdFzkRJpF1eDImBIEMvKa3FW+b4n63ZPYtrztuHqNwJRs0aJ/1xAU+dtVeZ4Q/JcJNrf0z98GhJjgbpq+1HQtkImTkYU6nHkeNev3U3Ha1AVPRlpcnTAntquX1Tl6OLDYncT7eJP0He8QFDMTMTYJTGMDMUE8afuio5fmZ2Rt5DG2f2yfaMeNXsGwJD8PKIGNaLieFfqqjtxSIRRJMLUX4TN6TkUaS9F2M1nHICI56aJ9F+DI6fVRU7UlO1EBcKRu8bg+kF0wZOROMU+n43AGDli4+IPXo4Q81Y40lLs8+NkzJ4o/p7vyo++CB89/EfPxFt730Xx4ofRUL4TCdMTkbBS4xa/xgMo2iFvxctBxtPOylg1vw7SKHMEZY7HpAFoKtYaiRKOjFT7cwVGzxHfEdvdcNByW1/386AeTV+cA8Y/DNtU053z863eKq+cCxBxsxYHyzOxYlwzSvJWIzw61c1thrV4P38LCtTXqsUvIjplH4Iz1+JtrQcjKvM9diAxbpLVAzcHIGr6NATJuR+174gEHggWZewFNNjfNtsHWtrsRjWJ9ol9usHwWKQ9Z3v+/pNEmSX+Vl3sKkO9bwN0Q0MlCss7EJP5CuLtnxM93CDKMmdlgTN687mP6n5Py/6xzzu0yfwnTsJs8bfiCz2tpXAYkkY5lNljnpB585pvprtRGQdNQ25SqENYOjV8JjISRqhvVH4BiJkr6muRXyoO90BrUEk/QHbqTIc6OmS6AclyRN9J1/vtk3Svl18gorK24mBxCtKCv8S6rCz8ckqG6ym2ju3uLAML8vOQ/uxLmLE7ELlFK2DQKAbNDxwMR7x1OvaPxNQ5A5yMwNNjBGbLcDuxA0abOXQ7UPMfO1AhyqTEqfZ3CVn4sF7pibbZjQ60NNRgw8J12HAxENnzJjvcmaSVd3yTzjwJm0YYSyrRJPJlboZje6JHuSrXRZo2pM1FjDiXsoP2dySdQ8O4TGSLOPPXW+54w4t81VCxsytfrV+NpCmLsPLSeBRvXoAwjcBVnlUh0nmMnLrDQh3ZWlJhO/2fHolL5iJqsPrGYvTz5nnNi8V1kl0+vdXTYHu7PMZ70N2b1cMWpziex+DJSF4iyo0TB1Dj6o4pT+ofXdc4nhsSKdtyjlPKNcgH14r2QkykWs76oK4k6m9uyk5pa0PuDUDI8GCM/eVI/N3Tv8KUSU/h18/8HQxTI5WX/L9cJj+T68h15XduKlfPoe6EKGynhGrOV4qhwQ7Lz5ysQZMowCY8oT3Vif/oUHFhIS5i68+ZF1hMfBQhDpXCAAyUDy8RFyGa8w56bQSiXghF0KmdSFq4EWXHGjVuKRXnfkBUVlbzy1m/pr0jL+ItHQqerNsdWrfpAwP9ZFiLRpilHlDjralomcOxDHviRSSJCsVtmI4UlZCcMuGEpUexGUeq6hEVFY6IJyMQ1VaDM2prvv14DYoQiglP2qdvncdr0XwONeWywZaHpXNSMSNanePvswvdiP8BCJsYIS4canHW0iior4GxLRIR48S5xIlG10nLvIAXULe/FUHPRnT+2GJOz/VIj7EPR/FK2K10dJ+16pBxdAFnZMNsSiQmOLt2snajGWeP7UOJ7AxbkoqEuATMUOYZ+dwxvHqSCLMwreOVedQq7XQ/fDwwaARiFm7A4eoN2Jb8MBpKtyA6Jstmnuj2M/UwijiX0684p+bXKeIcNRuico5H2TkjGujWc6hJY8OdhMsohImLBNlhr4SNL/Kg17pxfj7Vi+WVG/4hk5G2tRT/XfoKssc1o2B5BqKX7EaDZkfJBRRtNmKV+io4OQLZu0pEmgvVvBhS5nu0brRbjItEyiAXcz8OCsAQ0YBv92EHoKf8x09D9kg5NU4GlhZV4qzWXfIWMSLt21/gW+aYtaR7wes2QDe0nK4VF04BIr3ZdWaqgoO1lzulN59b8pov6n5Pyv7xoxzbZP4yPQlWceHSjQ40napEWdEWrMvJQELCi5iqzEFZjwY9U47oZBBtBmfTAGmKehxj7NOZNNKcboy6Ot09Y04/HVZzb1q9IvOUqb7c7bcv0r2nhoybiRWlpajd+jwSg7/EqlTRzspzMk/6iZrOMnDV5krUPT4XB/dvQPJYreuYZlRV1ALTJyPKLt9E/L38ca4cRi874/0nGpA23K4cbRZlblErYlKmOZZJFr6uV3zSNjNihuUYxiXgl7Grse78w1hRuAEZ4xzTjVbe8Uk68yRs2sW6B4GgONGecBbWPcRduY6QUZgwSJzriXMOnbOGia7agL7lSb6qO7CvK1+9V4P2uBwc3JGjXG85UJ9VETZrkl3Yq1OHuHpuhaZgRDyuVbFZ5jV3rKtujzR4Dde9+mWpS9RY2aZ2FPK4nKxC43rXiif1j75rHC8ETkb8HJE+bX5AvICqsgvKg2Qtv/35oq4k6m9u+k7p20LbNaVCCPHgAYztysPIgjHE/pdYi6EjMEb8cRj96n+X6weo+FjIrPXYv3UmIs5VIn1eKh6ZkmH3IJ0OtMsLs+lz1XmKtF6WuYs8Wbc7RAPgZ+p/XVHjrWuOJa2X63m2IDuZnxX7s8y5fLUWVXuDET9JNA6VDuuuEcZnTlQD4yYhwmH0jM7jhXmusPDoDMzINaLm4gCMjp6GtPVzzXP8ddOQJ8fDIBoFlnmw6w7tQ92cSZjgr3ZYW0Z9fyvO8dQAJE7qquzN6TncPGeXk5fDHJo2msWFv/gzcoTVKEpt7acKkRT5EqLnbUHJiUbRsItAfFo2cqerK/Qmnfmx++HjhcGjYMjcgIO75iJedogv2tL51PqWb2WaHIWQYeb32tT8GhzotLMkaPij4l+NDsP7A/SVUz7Jg97qxvn5VG+WV/oMCZ2GjK1/wMEckccPFCLdYW5ryYAPT36AS+L1xd5MZAw9h6VJy5zMDXxBme9Rjq5WHqhk3UAftwzrRPj2xoh0rw0KR0bJBmyKG4CqvDxERycgIUvjoUeS8mOCe163AbqhXaQh+WOzSPK+oTef+6ju97js1xkXTl2sRM7MBITP2Yi3jRfQPvxxGJIWIledg9KXwh7xcJuDNEbp9zBz+glGxnqt+FNfz7n+YaMv0r23giLn4q0dW1GaFIiaonXIKdfoREheq5SBl06UojZ/GoIPF2J2plH7h7yGSpTsFX/3bsQvrctA+Zon52DvwIb9R7V/nHPHLxSGlBGiHN3VOedtw0e7lR8CE591ESc+rFd81zYbgeSFBqyQr8wFKH5vA/77wAakOWkjaeUdn6QzT8Lm8vfKaNUJw31fNrjjvlwPls/9E9cn1+zSVihCtDp5e5iefGVYs1XNV3/AvuXhaHgv1+mc9cqIZFG/1OXLB83Z5ivzQ+y0Rom7EoiB9iOb3bjV02DIGHm9p3eARjMa5XoTgx2u54YEeF8ne1L/6LvG8cYATJg62fbuvvPVKJPXxFPGd9bJvqgrifobdkrfRFra9Dei/ZWHQTaixdlDpa6KQl38iRrm444qLwRFpmBThWhwvycfwCVvvcrA7K1Wt67Iyrs9AGMiIxCl+QpHkKWk9mTdnuYn4kH8OTMoWOM4LK9RbkcvhU2MFBev1UplrYyG7pzWIhQTYgBjdT1aRKOo7mAHomLHa4+m1+PUDix95xwmLH8Xlw7+AdtyX0Ha4ueVX4K93qa14HDEjAWKDsuGn3k0tGWqkSFPhMPQdgBHzopzPF2PMkQi6umuxoU5PXcgSFyEaIdjBMKGu2mMyLTR2Oz6Nrsb9ShcuhsV41NwWFwEfigq9uzFC5AYK7b/kLpOP+ST8PGS/+jn8fZ6kUbPG1FhubVX6QS9YPVAQyfcxEnLN7KUEg1P3cWUKNfkoBDLKA4f5UGv+fz8elCvh1UARietwNuzxKXIZlG+qUu1+A+fjOx3k5UfP1bmanTINByF8QQQE6d2NNi/EkaJixcnD+pqaxXxI/JGj4z88cDgUYgXZe/h6ndRLB9Ic0A+9Gi1zgfmOeq7NkAzrvfojyySXT6Xulv393rZ3wzjW3ko6piG0upSHCxdixVif8mzJmPC6P5QIDihppseaUcp9UYzBg7Xij/15SZsbqa2r0KZemAFcsd2oKxcjnx0wm8Agqa8gk3L5Q95RVj3gTwLWw3KLd5WHa52rzTZptphxH4vy5SQZ59H8qB6FOwS7XORX4yFtqP3NPmqXvFp/gzHbPHdNPlKNiDmafspdNzzSTrzJGzUdRvkw+R6m9v2nFoeP3R/z7WlPKU7XwUibM7r2LZQdmDnocDhwYAdOHKgGk3DQ5GhkadWLJyGRHE9VvXePocpN7xhftimiGsd6fFWSoNBT4j9oBVlB6yu/Z1prkHFAXFt7MG1qbmtLcLLVbh6Uv/ovcbxgvkB3V1TeNTt34Wq4bEwTJTxrfJBXUnU37BT+mYQPAJh4oKr6pjsfHTUcrQaRvX/FiGj5ZNQa3HkpHZHdvvJGuXWk4hRPv7FUykovRP0tAEZm9/FpmigZmul2knxKMKmiD+iojrjdniHJ+u6IS9wu2uoOJ7hQJOoWDy6s8uO/5MRSBZNCzkiuu5wtc20FqPHRZjnyrxYi4pTAYgZ7/0vo01n6kWYh8IwxW4basPGgcdxLdLx1ADziGjleK2mGhENvojhcg6sC8o5Ql5oyNaPypye61FzWv8PM7YsaaOmczSvpm8/V+YcMzwbaTdPVytaNAOhm7qRX6x1P3y6x/9eOb9Pl6DRoSKNtqLqhKvRI+7ipAN1x2pFXhQNT/uLTpGnNPN4Qz2qRPwpHVDyvY/yoDtBj4wCjn5pl0+6cX6e6kfllWcCMETvnSvBBqx00iGjzPcoR+xlqR0N9q/lKUgRYVSy55Djxam4WKnCKIz25YguUXa4uyPDqcEjEJP8OorzpyGsrQbvV3l31eN5G2AA/GUYnNeYpqlRlMvqf10JGvWoOO9GUQ5pHbN56imP6M3nvqj7e7vsFxe0Z+Wo1mcnO8wtaumYcOAqn/uiDLB2WLscMKcbYPY4y51MXqQbJ/nDXG90oEq0A7zVZ23f7vAT5aBtFepUUFwmckVaL8vNs71rRO0kxvSZSmetVjm4ImOaCPdalB3wMkEHTkZiSgDqCo2oOCBHj45A9guRSkeVU97UK1ppudfzp2s+SWeehI26bp0o49yu66N2pYXb9pxaHseMedh1WuhtuvPVAISlZiJ7ZDPWrdiOGusfVdVnVYTNSnGSr15BdoooCy+Wo+KE+h23xLXWGa10I8rLA63AWHH9M1Rd5MItlQZHirJFXPvXFRY6uRvOQlwnbi1EifzxbbqlDupSdVorjaptbUQiwvErnTypf/Rd46g8DQubZwCIvFXaiqh5tlMk+aKu9KnutHmJVOyUvimEI0Y+IGjvdhTZ/4rbVouiAlnY2hoyRTRMh3dgw78W2VawUls9CvMr0TTS7pc3HzDfjg60tGpXkrZEY9L+F16/QATJDprAu8zvEYCImAhR2FViXb7GrVUNRmWEnJkn67qi3or2fSuumxd4KRRRCYHAqZ1Yt8ux1dxyWDTs9cxxOTgCU2MB48nt2L8DSPl72RAxM0+JcQhVfxIXJIOmYEK3762/IC6I1f8qRAPg94XK/FT2PItrs7Boc0fL/vcqYYwWF+OdbSXzNCXGw+WoOtyhjM62HnExZOJkJIsLlYL1Gun5xgWUlbvr7AhA1CzzQz/W5TuZu9FKg93P3+3HtuNtObeaj3kThlq6Hz7uNZWLdHBM4+rvhmiY7T8g/hOO0eqDKRE6DcnjgIq8jTZzTdsScfKCQaQH7fzafmo7CsTFQESqAVEOVzqVKCiqt/3OjUaUrd+OCpGWEqdafljxUR50IyRExGPb5zhrs4vunJ8n+ll55aARxs3iQk8j6eCqKAs+En+nj9J1+3ZQbCZWRncoHTKWW8hlZ4yc71FrHtVOfmoderAc++3SY8NZUX8OD0WIjotA3YY9rDwcVu/dTe1X7UdnieuSB4KVMnDIAO/qaM/bAKMQJiegPFCpdDB0EXXAH7YrHZFuPTEZaeKitaRgp8M+24/tRIHshPWI3nzuq7q/98r+Tl812g42uGhEwVbH9OA6n/uqDLAiyoGCcrsfF0R7s+Bf5YOuDN1LN87yx+hJiJejDt8R9YZ9x4SoZ2r2VDsf8ajqq7ave6Ktvn4fGrRGNTZUw3hQtI/GyR913AmGIWcuDOJc5F0jneFRf0gJs0SRD5yOVh1nzp/G0mr9HcR2wmLnIKatGq/miHCcPhMGS53vlKf1iuu03Ov50wnfpDNPwsY8fQpObMe6UtcdUb5qV3YKNSAtWm3POeTLZhgLRHk8KAIprqZx6TE+ylf+4UhbLq5PzhuxsrCrDjE/qyIA8dHOezODpkxDIjpQuNfJcys0FIg2UZ1dumnYtRHrRD1leGGyrhHAt1YaDEb8sgXmqQAX5qKsXqMOFHV/xfoMpLz3A+LXvO74QEOh6p0iGO3aqe3HirBO/rCQPA0TXLW1Pal/dF3jmHmTHyN+HYswOYVHqSzXR4j0Z5e3fFBX+pSHbV4iLeyUvkmEzcsx/4o77yXMX7MTxuoaGHfkYf701Wh8TjQM1fU6yQo214CoRiNmTF+EnCJRuKnfSY9bhlVnQ7Fpc4rvH1YwcpQy/3DB+jyUHBD7yzc/ZE3b5yiKTEBSTiHKxLpV1ftQsjIL6TsGIH6hAZbRwEOmLkDu9AGoKVqG6FSx3XKxrhylkbMIE2O32DxR35N1nQvG6HEBSiWdky/C7cBuFFVo9ai4F5aUiWzRlilbvggJWep5lu/EqsUvIjql0m3nqFmAcpsSRCVTIh8MOFZdLClTYrSicEc1EKfxACwPBE2ajPhBrVi1MAMbdokLTBluWRlIb3xUe05pj+JaNToChkGNKNl1TnlYo3VDUZmm5MA+FJ4KRsyTdr/sB4qLqeXhCBENxhnTM7Bqh0zPlSjLNz81O13HCGH/yIUoXBiMhqLVmDZvNQrkOSp5YiNy1uwzV+DBEYifMgB1+cswP080xiz7WNKIsJ6YU9qbMNTig/Bxq70eOfNSER6TiqVr1KeW54vy5NmXkKA0El+BobNTcAQS1y9Aor9oYCa8iHS1zJJpqmhNFgrUDiL/p+ciV4kTkV+TVqNI5ldZDoh1piaLsJiyAJvkKBR7E0Xj8uQyJHXmqe3i2MR5HoA4jkzEWyUf3+RBNx4PR7JoTFcdtb1g9vr8PNLfyitH7Sd2YkZMAqITRN2jpBvxEmEQHbMaG5pFXbR0mr7bfv3EhUvWXMSIC66cNeYOGct8j+4e5Kb8IAb7uR8viPNrtLn7BI37sDT6OUzMVMsEbwx9FBHD5QVDHjaIOK/YIS7aXURJy/5VIl9lqflWrL+rEEv/eTuqRhowO1q9m8RTHrcBBmDCcwZEyIvCF7rqgA2pL2Gl3xSRvnXwC0WK2GeETTkk03sGohc2wrDYw7Q+cTLCDuvL592u+3u77BcX+DELRYG5dwvmZ23vatO9sBNDpmg9rMlVPvddGdBpViSG5KZ2tjcrdm0U6UY+EC4Q2blzEdF5ce9FunGWP2T6WSXSrNzWLFHP5Mt4UNOsqGdmlH9v/r4rfdX21aHlvY2YKNq8M1JFOKrl4DolfRbCKPJ67jyd+WP4TKzIGYGmA0VYuUcGXAeqPigXbYdQRI3vrIQdifCNmiXSyQkjqrx9uG7IZCRO70BT2wBkJEzWVW57Vq84Scu9nj/d8FE68yRsQhJexzZxrmUrX0X0YrWMk+FQJPa51Wpwkq/alZ3MHYZKe26WaM8p4W+up2SbcP6eAGRvzkSMi6TXk3yVr/wnpmDFHFGHbM4TbVTZZlafVSEH/LjaRGAEYkS86H9uxShkPF2P+Z3XIftQJI43Qc5PLdqEK55zMbLZ2q2WBocb8HbR8zBcrhbXDXLu+K74VNqLkalIeq8ZYUvW4u1Z2mGULMq3VbOsroHyRFt7oRE1Mh2kmaeLdMqj+kffNY7Cm7AYOwnx8sGyeaJclz/+2XfA+6Ku7NQIY2YChkUv6xrs4SkP27xEWtgpfbOwPAhpTjDO7NmO+anrsM7Yiqi8rch1UoH5P70ApXteR27UXagr3IgEUWHPz6/FwNgFOFixXhR46oq+FDgNKwpnIr7tKJYuXo1V1R0uHlQ0AlGZ4Rh4shzpYt2E1C0ouXg/Xt36LjZZVzh+wTCs/wMOrhEXqJeqsTRLrLtY/hoajLStW0Xlrq4nebKuC2Hz3lDC+uxmEW5ZO9Dgd4/6iYdkvO14F6XyYvyoep4rd6HObxJyS1fYXFS7EvRkBKLaxIWA3bQWlikxmsRnlvmZvRYsGgTFC5A2shGFy/NEA2knzo5agH25M7V/tfcorlWiIo2IE423trscphpRpimR59g5Z7atkLi12Fcqji+0GcY1Mj3nYd3e7xGS8jpqM7pGjzsXgIjFW7F/6/OI8TuNAnmOIk+s2v45MGaEenEl0896cz7bsQVJqRtRePZhZO96HbN7Yl5Rb8LQie6Hj2tBz2XiwzWicTQKOLJHfWr5jlq0T4zFttI/2OZZSTQw3yrfgG1zHkXDR7LMEmlfdr58K9Js58NBrOJk0OcokPlVhPmGwwMwe+UGHHzHYHerrspfNPJEPCUOPoq35XeydqPKLxy5hVsdj8NHedClwZEwJA1ASUWN3RRLXp6fh/pbeWVLXNCuXItNC8MxBp/jffWJ90WHO5SH63hcF418HtlLApUOmbf3Npnne5QjeCa5OTilkS8azdZzPypzUQcg7dfdzx825AVDvsiLo+UzElbj1d+L1rmL6RWGPGlAyhPN2J9nrqdfza8WF6cibEoWIKIb0zJ42gbwH7cAxaI8SrxPHLdaBzSMz0ZxRqSIRX3kPotlOSTqkfdlObSkEMa2CGwqF2Wop+nHX4ajznze7bq/l8t+ect42gZ8KPLa9eqdapsOMBRuwquR2iPbXOVzn5UBFvdNE+eejYhvRX4V6SZpeSUanpiMbbs2ibC0/aHE43TjIn9Y0uyKSFHPvCfjYTVyfl9vTrPrDdBzi3CftH3dCkfynky8NScUAy/VYoNSDu6D8WwgDMtFHb3bs7we8sIrWDGyA2VrtoiL/6Oo2tUB2Nx9pi1sivxxrhFFe729eyoQUxMmI8h+jlNXPKxXtNNyb+dP93ySzjwJG0sZt34yJnyhlnEiHN42NmNMqNWKPmxXdrJqzzWVFyn5Mil3HxpCZqK04g8OZULv8WW+CkDU4leQPKgZ65ZtR91fzc+qCJoTiQiX7bRARD0bIf5Waj+3wsEAjJm7AsVJAajKl+lGxOFhICbzdY/bhLdaGvQfOxfb9m9F6fJITGg7jRK1vVhwoBkT4uaidG8JilNDnV7rBk/PxL68cLRs3yKOKw/puxsxYY5oS+3Qlw48qn90XeMIXoWFaNPOC1au7Z3d/eKLutJnPGzzEmm5wySo/yciIurHGlGWlop0LEBtQS83utypL8SMhH0w7PjfSLO+m4H6qVZUrXkJCV8l97+0REREtxC17dKegsOFTgZ60C2vaVcWwpcDm2SHsd2PMT2PabALw4KoL1y5ckX5e/z4ceWvNY6UJiIi6q7QOViZPACr8nejwd1UAdTn2uW8iDuC8VYWO6SJiKgndeC6vKN+ZLDuu06IfItpsAvDgqi/Yac0ERFRtwUgIi0T2V8WYpXGA2OoH5EPbFu2DyHyYTluH9RFRETUDaf2oegUkDje+dQDRD2KabALw4Ko32GnNBERkS/Iufn2fIBtCRx70a8p8VTqOC8xERGRDzSVb1Qe/CkfEjp/4W7UjZyJ5Ol99DRAui0xDXZhWBD1b+yUJiIiIiIiIvIB/0EdeD83D0m5h3D92QU4uCMFYT54sDGRXkyDXRgWRP0bH3RIRERERERERERERD7FBx0SERERERERERERUb/ATmkiIiIiIiIiIiIi6jXslCYiIiIiIiIiIiKiXsNOaSIiIiIiIiIiIiLqNeyUJiIiIiIiIiIiIqJew05pIiIiIiIiIiIiIuo17JQmIiIiIiIiIiIiol7DTmkiIiIiIiIiIiIi6jXslCahEWVpz2HYE1tQoy6Ry4yZCQhPKERdu7rI4kYzajYvw4xo+Z0EFJwQy9prUZCQgImZ+9BkXqt/OLZFHONz2HBMfU/Uw1oOF2JpXIKS7iZurleX+lotNojtD8urVd/TzcFFuepE064skZayUNaoLugF7ScKkTAxAUvLe3GnQl+c6y2rz+pklk3kXl+VMT7Vdg5laxYheqJI7xOXwfitutxDLPduJSz/LNdd83fdjAm6P8Wf5+3F/spcxvXgtXijEfN7LM15nibazxqxat6LCBffC+9v/SLdxjKOegY7pclDrajJS8eM/AsYk/IKStfHIlj9hOh21354IxJSduPMqJnYtvUVJDNzEPVrTjuEbrSi4cB25KSmmjudZCNcfdlf+NTk2X6uvCa+iKSc7ajScY3UUr5M+U54bjW8v/YUF7CLxQXsmu5sg4h0udGIsswMpO+5C4acTBRnhmOg+tHNoPvlntoxYfcKj1mEnKIaNN1QV3PBbbnXJvYRl4D07nY09WiHFRGRlYu7kT5rC97HJKzMz0T2uHvUD4jIFXZKkxPBMOSVorY0BWH+6iLpag3ef68VYYtz8FbyNETFpiB+nFjuH4600lIczpuGIPOavagDdXvysDSu0GqkN7nWiKr81UjKMt5iv+D2pVZUle5D3fCZyH1rLgyR05A2K1T97GbC/NRznJSr/Yz/uBSUHi7FW7E98avKTVD23GiEMeslTFy8G1XtI2CYZ8CKhfI1DcmRwRjyM3U9GyOQrKxjfmXE3I+ze3YiIS4VRS5vmLgAY3Et4qeHA7sO4YiXPcpNIs/mHI7EpsxIKEmrR+tklhF959aou3u2jOkFZ40oOAgkrlyB7FmTETPnecQMVT/TdIuWe+MiOss8uZ5hWCOK8lZj6pztqHPZMa2j3BskyrC109CwPA9lF9VlvtRYjYKcRVi6h53V1Bs8LQNujvYi2aor3wEjwpH7ziuInzIZifMi+6BfpPva641YteQlFPBOc+ol7JQmz7RdUyrTkOBA8/t+oRlnyytRcv4H9T2514iazTWouKq+JR+4hhYZnqOCEexnXnJzYn6intT/y56WvRsxf+9dSMvfioPvvY7sxQuQprxeQe7WrXgrTqsjLRyzO9dbgOzcd3G4PAXx4nxztu5Di7qWg4ajMJ4IxdTFBiSiEsYDreoHHmirRsGaekxdmYKoQeqyHsUyou+w7u4X2n5AnfgTMkxvW/gWLfeentlZ5inrFZfi8MpQoH4nivY2qytp0Fnu+Y+bi+w557DynUrnZai3LtZi1Z4LaPlRfU/Uo1h23w7ar8iybAT6VTeJF1pOV6Kgopl33lGvYac0ERERkersaTlX3hQYpnTzqiJkJlISxN+953DWvMSBHFVTET0ZUSPHI2rWABR9dMjjzpeGPdtRgMmIj7nJr4KIqM/4qtwLmfU8EsXfktMXzAs06C/3AhAVH4vg8s0oOaUuIiIiolsKO6X72lX5oJQM9aGBz2Fi3DIUHG5Gg8Z8b+Z5K60fRtjF2Wct9fuwYUnX3HByvrdVu87p+OXL/uGH6vxxMVtgFO+My1OV7Tl8nqZxW1JjDYpy1IfBWM6xWuN2uW9rUWIVFuExqVi6tdblBbp5XrxUpB+U74yYoRyTeGlMwN9+VobFS5goP5fzfa4x4myb+qGdpurtyFEfUiAf5jhjSaGuuUE73WjF2fKNnQ+869yf1S/kLXtXK9t3mOfuRj0K4sR3knaiwXL7441GVBWtxnzL9tRjqnH2YB0lzLvCclj0S5j/To0Slua0sgzr5HoHt6jnqGO+vbYLqNi8DAkx6jHIbebsQ4P6cSfLuSd0hV90wjKU2a8o0r4xz2p7IowSxDlVNNiPmFHTokxbctu78pCkfscyf2GL1m2iOuLALa1wT81DyQnbEUDmMFXToVWYOn2oR30hponPHcO8FRVZ8rsbUWN3Tua0vtpxlEWbORwtDx6NnpeHsrMao450pCFP8pOZerwTRTlgHweWcyy1T9+irBBlwbSttnMadDvPCY7lnShDdtldGOtOd5bwMJfDLYfF8SWp3xFpf+lmjXTnNo9oPVRWZV8XJK1GkagLrqsfa9EVZlYPe1UevpIgjy3L9UO5tB5UZLMdEc6L1f26KUuteVL2KOFtOTdn4S35Ip9r+h4tOs7JLVd3TYiyvmpXKwzPRiAIAzBhSiSC9u6G0aFQdeUCqsouICzFgCibW3y16mTrsrQZNaI8SLJre7jjURmht2wSej7/q+GhWZZpfWYXVpszlLZDeL55HduyoRDz5TmKclCOnrXwPH+6zlee190XUJIk1pleqD2VgjrXbkKxVRmpMz+5O/+WE7uxKlVtb8m4F22AgmNWce/iYWia8bi5Eg0O+bH76dmarv2qYTZsnmwJA+vmmde1zWe2brtyz2+A6/m1PS33xk5D8thWlB301YOj1fyuxmHX9YzGHNv2PLlO8aD805X2rlYiR36mUYbVbX1RfC/DcZoTkc/Cn3gRBZag09uO1+LpdYgdt2WCSn/+d2QOB414VMNu2Hr7lpdahmRpjMTXG38a11v2+da76y5n7UU573uhzTXWjNTV+tsN7q7JLdeg08V+7ToLzNetCVh10C4cXFxzOmMOE422sOD0M1nuiWvAzjQYrV4DurjbwZO2RVO1VbiKMjU9b5+utq1krhOfw4wi+a6rbWSJYz1tBv1p36rNclWUSSI+LX0b6UWiPJJpz75OTHJe/thQ67jw5eZCo7OO04oPD8o43X1BdNtip3RfumjE0lj5oJRW80MDt2Yie/oAVCzOwLoKzxrTmkTBsjRhI0raQpG28nWx/Vfw6hPXULA8C696PIfaCBi2im2sn4Yo8S5qnjxeuc1pGG1eQZs4x/S41ShoCEaKPIb8BUh+vBEFqYtsH14ijjU9VlTYJ+6HYWmmcqzZUwJQdeyCyw70IRPnKutmjJXvwpGrHJN4PTdC+dzi+jkjXk3ZiYYn5+ItsX7ulHtQt2MLZmvM7SV/EJiauhsNww3K9orXxGLMxXIkxInKRNe8dq2o2ZCO6JWHcH1KMorFNrZlRmDgR1sQnSgKdbVyGTJ1AVZGi6pr826bir/pg0KsOh+IFcufR4jaoVGzIRUJBRcwZLp5e8VrJmNI9W7MSBYVml0ANezNxYyY1Xj78ABMVcJS7H+xaPxfMd+GM/o5GUZzlZEssrG/TYaXeGVMdDE6pl1UgHMWIan4GsL+aYFYPxOb5jyKlopztuHXJhozyS8hWjTwGkebw680Pxkp4zrQaJWk28/vRnpMBubvbsbouXJ75jAacmw3kmLTxQW6VqXWjCoRrkmlrZiama2kpbTxHaJCXI3oJfbxqC8OXGquxrqZMtxPw1/dhpIWxPKlSak26dccpmo6tApTw0jz5w5GR8AwSMT9SbsfiK7WYH+5/M8hHLEZWtmKumrRQIgej7DB6iLpxjmUZWWhqFHk8fXyHMMRXF+J9KRVMNplcT1pSG9+6hKAsMhQEe81OGPXIK47uE9pbBkP19s2TM/WwNg2AIbxXfNt+yLP1W3NEBc5orz7doS5rBFpdOXcUFz/tivheZfuREPx0BbMX38OIQmi3BPpLju0FSVybsBCq4tkvXlEi1ZdECnCzkVd4HGYXRHpOWmLuDjtUN62a3V06KCUpQuNaIlOwSbrsnSl+9ur9ZY9MryTMmsQPGshNlmHd0GtXX3gg3yuIezvDQhDNV7N2tnNTp5mNH4l/gy/yzzPs532w0YUXAyFYZL5tnj/pychcdAFGKudjzB00FiLilNAzNOezF8vy9IsrDv9MGavkWlnGsIu12JVSkZX54UTussID8qm3sr/3vkBZ/4kLrryzykdN0129S3O7ER6ym4Y5W5EerN87Ok56clXntfdIzA1QaSLi/tQpRGvDQfKxaXzCMRHW+LOi/ykcf5Ne7IQnbQddYGTkZ0vjnH985gaWI+aL64pX3GuAw07xHdt4lFtC+bnYeIcZ3na+/Rs5sF+74tAhgz3rHDlbWKWOQ5KF4p6RFni6LYr95oblbwSdu8A83s7npd7IxA2NQB1uw7ZdOB4T72eUeOw63pmLqLuUxZp8+Q6RXf550HaGxyKCeKaoUm0qWybW/WoEu1i4ByOnLRtw9QdPYCmQVMwQV6odaeNInhyHWJPX5ngbf7vEjZ+CoJEeNSdMbdzLFoOVULpK6yotU1DV+tx5CBgEO1Ym/yrO/5EmMrrrbOWNCHCNC4Q++3yrVfXXZo6UJefjomLy9EyblZX3dJci7N6fhzQc03uF4qU5aIMFesWlFudrEg/RW/VALGi/o8OUBeKesTNNafPqHPeRy+vRsvj8mHy4tyXjke7cR2ScrXbn/rrYVGm5qcq61YFygcUirBZOUvEuewnEOlWXcsVc9vodeROl++62kYOcazZZvAy7bdVY0PyRtSMmYm3ZJ0x7geU5S1D+p9qRX7NQMp/BnbWiaPPyvSbB7fdS2odt22euXzurOPs+3s8aOPp7gui25uJ+sj3pv2vzTYFT3jN9P6X6iKLLz80pU2IMwWPFZ9dUpcJR96UyzabjqjvrWl+dumAqfg/rTYg/dhgKk4U6z67zVSrLhIrmt5faP99rWXCpQ9NKWPjTClldts1nTC9LZYHL/zQ1KguMf142rRpRpxp6u+OmC7/qC5TXDMd+d0LYturTPuvmJd8sf1l8X6JY1hcuWa6rv7XOSfHKh3dLJaLzxzC+Zrp4GoR/mNfNhWfUxdJp7eZDGNfMOUeuqYuULUeMeU+K7bz2gHTZXWRM5f/vMoUJuKu+At1gcWXu5Swm/r70+oC4dwOU6JYlri9wfy+9ZBppYh7g/U6Qu0HO0xn1LCyuP5/3xT7iTNl/9nqWNXthS360PSFTZjb04gvF+S+ZDjmfqIusLCJH0uYzjO9fdQu/Kyp6SJ4hoivVnWZRav4TKbPCW+aDnZu2BK/WmnJZDrzh3Tx2WwRZ+3qEg/jQJOL/Pnj96YPs+V5ptttXz1OXWHabjr4r3L7IgyszkcJ52dfM6U8H2eabUkT0o8i/Ynj7lqmxp847zS7vGhJFzbfF3SnIVf5ScsXu5Q0Z1smiHJGnEPKwtfEdqzjUqz+H0tsl/kgz1nOw/DmCeflhcfpzmRqLJPHr/EdSzlqtb6+PKIVtp7XBR6FmVoGyrhI237aIf9osnzHOk7dlqX2+cEZ52WP2/C2S0vdz+eWfdqFrzinM3/6rWmCcr4vm14tPGJqdJqwnNfNlz/ZLOJJ5NEPbPOomVoG2ISDukzWz3riSfrk35Tj//Ab9X0nrXDuKksd8oql7vjXQ92rcz0tm3or/1uOS6zjSOsz9RyTRXk8+03T/i+76hfJnG6WiHz1silXtLOuW8eXF/lTf75ynn80ff+R6VWx/tQC+7yg5qmlH3Ueiyf5yfn5m8v+4ORdJvvNXL5iFYZaZYwSbtrxeP3kNo306aP07PF+BfX43z6qvnfLebzdnOWek/z0o2jfvzlPSc8fahV73pZ7Tss5HZxdt2ilQRf0Xaeo4eJR+ac/7X3xJ9netYs3kdZni2UpMi+stssfyV3L9LVRnNPdhnQIV51lgjf50N71Q6Zc0WYKs0mXIn2tFvlCtIFm21/zKenKepmH8SfW/3D75w7XuOayu+sa18zDslurnhXnt1JuQ1wL2RD57rJ9u9aeB9fknecg27jqdr/YLtLeBLHO9+b3Cp3XnJYyzrq89LRPw1zuOcaL6UcRTotkeGvVJzrrYadpTy3PZJjbl3VOODsv920GT9K+JZ2K8/vE6vw66wzxStxhEyeW9Ku3vNOKMzMP84hH6Y5udS0tLcqrsrLS4cWR0n2loRKF5R2IyXwF8cPVZRbDDUiZoz3CwCPBk5E4xe7BJH4jMOZp8ffiD779BVODMhrifCjSXorAEJtbmAMQ8dw0hKEGR06rixStjrcNDg7QHGHmqbCUFLtwDkDU9MnibyMavjEvkb9UVu0qR030XKREdv0KrBgUAUOCWFZei7MuRxhegPG9GiB5LhJD1EUWw6chMRbKiNfOUQ4jn0f2kkBUvFOEiuYO1BVuRkGwAbnzQtUVzMLinsdo6xGygv+YUEwQf5vaukYa1JTtRIX8hXaNoXOUtS+1tNmNJLWOn8YDKNrRgbDFOch42i78rJjTxQBk/M9kRNg/lGtQKFIWT0ZQWyUqDtuOdJC/PGek2qclYPScuUgTcbfhoOWWRg/jQIur/OkXCEPaXMSI/ZQd9GBEo40BmBAVCbQdsBkRXXe4GkHPPo+0iQNQVVXbNXrlbK2I1wDEjLcbjTg8FmnP2eZx/0ki34u/VRdtf33Wm4Y8FjIehrGAUYRp50gFZfRmKAypk2FANWo654JsxdnD54DYCPVp4r7Ic40wllSiafhM5GaEOy0vvE93QFqW3XdEORoVK8K97QKa7EanuMwjWtzUBWkp9nnJuzAzDpqG3KRQh/zjqagl9scZoNx+LfNdwyXzku5KTHveMbxnjRL/sQ5vH+RzpwJEubIWB8szsWJcM0ryViM8OlWZ+krzVnpFLd7P34IC9bVq8YuITtmH4My1eFvrAWHNlSgr7kBi3CSrJ7MPEPXSNAQ5GdmqpemiLIMeRfBQ83t9JiN7sV1eGRmp5OOms40iR/mArrKp9/K/1w5fQMSqTMQM12qTnUPDuExki3aWf2e+8u6ceixfBUYgZrrIC3KUqfU+lQfNibwWYxnh601+0jp/Ves1h7sxhgx21a5Vw22QRtoU/MeKej5pAJqKD+GIQ+O1O+m5O/v1rZuy3Du2u7PMK8jPQ/qzL2HG7kDkFq2AQaPY87rceyAYUTIv6JwqoufovE7xpPzzIO2FTJwswqEeR453tTOajtegKnoy0p4V1w17arvyuRwFfFgklYm22/a4jaLqdhvSZZngo3zoPx5RceJ4PqrpGt16ox41ewbAkPw8ogY1ouJ4V4lQd+KQiKtIhNnf1ai7bR0OQ9Ioh2vcMU/IfHvNMa34ytVW22t4vwAMsW/X2vHsmlxcIy9+BcmoxLpikSkbjVj3TiPily+A9aMrevqas4u53GuSDz6dZVew+AUjPi1WHL81T+phV2lPhE2KKGvVd93nos3gTdofOwuJE63Oz3JtIqQtnGkTJ/4TJ2G2+Gs857pG1E1nHvG8L4huV+yU7iMtp82dTFHjtG+LDxklKzQfuNGMs8f2oUReJC9JRUJcgjrf0edo8FG55MyZk6ICEY2n9BjLfERWr4TdSoPhrFpwhUyZiXjRWMhJycCGXbWOt8h2k+atzT8zN4YsxyAri7oDHTbzfVm/pr0jG3JuGsVXxTbEhV5T0TKH7w974kUkyakZDjfa3CoXlvQKMgJr8Pba1Vi3uQMZy+eqHXa22i/Wo2LXdhSsX435c1IRHafO791ZwVzAGdmhJi5kJ3h6R5gb/uOnIVs02oqyMrC0qBJnNW7/aT9TL45HNPzkdA4umNNFOCY8oX2B6j86VJkipqr+nHmBxdhwhGmdl/8ohEWLv+fVcPUiDuy5y58ig2KCaABWnRAXa+oiT/k/GSEafK2oOanGn2g4H/moA7PFBUTYxEiRDutxRs0HDUerUWe5BdNajFjXviFomc/REh5W3Kchb5hvrbXuaGkRx2scG4GIp8MRM1Y0uCwPPGqvRZUI/65bJX2Q59rFNg4CQXERjmFhxet0B5G+Rjl+Z+AgmRhFA1MNOj15RIu7tBYcbL/cuzAzRIU7vb3cExGjHY/TP+Ae5W9XWdodo0RYOGb0gSJdW4e3L/K5O/4h4kJ/ayn+u/QVZI9rRsHyDEQv2d0117+NCyjabMQq9VVwcgSyd5VgW3Ko5gV/S3UlSkR6jIm0O9dxkUgZ1IqCD6p77ofjiY8ixOGgRLlxv/jTzTDrpKts6r387z1R7ipTlWgzTLSv77w7p57LV4GYOnOywxQeDQeNqBAXwZ0Px/QyPzmev7gofiEUQad2ImnhRpQda9Q5VZAablMsP1jaG6B29NSg7rx5Sadupedu7NenbtJy70RNZ5m3anMl6h6fi4P7NyB5rF1HkMrrcm9QgKi/WtHeU518Onh0neJJ+edJ2hspwm64aGecsPTiNOOIyNhRon6PEG3KKKup1NqP16AIoZjwpDkuvG2jWPOuDamnTPBVPhwg2s8RorwT7VHL9Az1csq4SESME2EUJ461c9q8C6jb34qgZ8U+lfdWPGlb3+hA06lKlBVtwbqcDCQkvIipyny89WjQNf2UB/zDYUgWeWfXRiRlbUfFef2R6Mk1uSJQlANZoajZWoila4pQNn4ustUOT7Oeu+Z0oJZ7YVNCYf9bnGJosN1yNT3pqofdpL1A+213j9M2gzdpf/woh2MzX5toXLf4yzLUh3TmEY/THd222CndR9qVX5VHILgHC/L2U4VIinwJ0fO2oOREI/xHRyA+LVud76jntV+Rhb7VnJMar865loYbsGnP61gxrhGFy5chfHwC5nvwgAF3Bv5M/Y9LHaLBJf5MN88Lpf1yM+eciFdZEHfNUaf1spuXaVCEqPgjULO3FhUxKUiz/tVTutGIiuUv4ZHpWXg1XzQk24MR8euZWLnSPL93l2bRMBJ/Ro6wGoHiI4PCkVGyAZviBqAqLw/R0QlIEA0i6wectHwrKxVRQQ4zv3fGnC6CMcRuxEWnoSMwRvypuyIqaWv3B5grO3e8iQM77vOnaKSMF3+uXvO+40idH7BzzuWzh1B2cTJiJg5QO6wtI4ybUVfdiKBZ2g0AXXSnIe+Y5/E7pI76bkXNgVpEPRcpGkvmDuvOUd/1tXhfLIsZb2nY+iDPXf5eGRU2Ybjd6Ak7Xqc70SCEnvJDRx7R4nld4F2YhT3iOnz00leWdofO8PZBPtdrSOg0ZGz9Aw7miIuJA4VId5jjVTLgw5Mf4JJ4fbE3ExlDz2Fp0jIncyJfgLFY3tlRa37YjXUjfdwyrBP1Xo+OzPS/S19Z2h26yqbey/9ei37YxQWpuEC2v7vBy3PqyXwlR0hlDLJ+UNwFVH0g65RJmGC5CPYqP2mdPxAyaz32b52JiHOVSJ+XikemZGBDud3zExyo4SYKQmcXzkHDHxX/anRMdis9d2O/PnWTlnvJa5Uy79KJUtTmT0Pw4ULMzjQ6/eGuT8u97vLkOsWT8s+jtCfajc+KbVvmRr5ai6q9wYifNELtsO4aCXzmRDUwbhIiLEWjl20URTfbkO7LBN/lwyFPjhe1cdf82nWH9qFujizr1A5ry2jyb0XYnRqAxEn2nYSC3rb1xUrkzExA+JyNeNt4Ae3DH4chaSFy1fl4fS8AERmbcHBNJPyrdyIp7iWEJ5gfiu2OR9fkqpBZ4lyG16PkwF1YYTfytkevOe2p5V7IUL0NZU/qYfdpz3dctBm8SftO06nO+qQ7dOYRb9Id3Z7YKd2nmnHdTeXqtRv1KFy6GxXjU3BYNBY/FJk+e/ECJMrb5h9S1+lh/qIBIAvboNERiIrUfoVZ3xIbHIG0/P+N2oq12JT8MOqKNiJ6jpOnxvcUeftTewDGaByr+RWOIM1fMlWiwpYfnxkUrPFdy2uUbcUj4qpkQw3CRgYiqGI7SuxuX2zZuxFJuzrExYEMm614a/kCpCUbEDPebjuSPP7GZq9H77o0eBTil7+Lw9XvojgzXFyk7MSM2NVdD01QKsALNg801GJOF41ocfYgnavNyu22UcP0VlJifTm41dJY8iYO7Lk9F3WfD93fjUaMaNRHiYZreY3ykBhlNLRlWgvZYT2xA8ajIjG016PmADA7arzmiEs9PEpD3hgbjtmiwVRx9II4XjkaumuqkTBxUYSDR1En4rtB/mI+djKirHt5fJTnGtw80Mz36U6DuzzilId1QXfD7Fbgi3zukQCMTlqBt2cBNZtFXlWXavEfPhnZ7yYjHvVYmavRQaNOnRATZxAXehqvhFHiIq8SZb544HF/10v5v1f1t/wpb2mfNaBrCo/6fSg6FYC05yK76hQf56egyBRsqihF7XvygX1fYl1WBmZvtWvc2HPTfmn5RpbQwQjy9fVrX+3XG/213PMbgKApr2DTctmBXYR1H5g7Rm10p9xraxXxI+pwcf59ytfXKV6kPeVOuosiLs6LYkaOhu6cfkK0G2OgTqV2AXUHOxAVO972RzUv2yi+aEO6LRN8lQ+D5R16QNFh+SOKeTS0ZQqTIU+Ew6BOm9d+uh5liETU01bXoR5phvGtPBR1TENpdSkOlq7FCnGdnTxrMiaM7sHCwk/kyVmZKD7wv3E4/3lMRS1yUlKRs9d1JHp8TS607N+Ot88GImJkKwqKNR4m6CbOfK2lzX7QiAvy2Dyph0UZ02e/h91MdZCHvEl3dHtip3QfCRr1qGh8NaLmtFYl0oq6Y46Nd/975Qjaz9Ho8Kt2Ixo+U/9r8e3nqLkIGJ6NtPtlUzTsNNqKPSFktHyydb04Rw8qEUk0KOIzN6B0pWjcni9HxUl1uVMDHOcz9MqjCJsi/hzomjbBY0PFNoYDTQf1z+lXV5iLVY0RyH5vPVZGN2PVmp02nRhnT8uRJVMw1X5eLPUJ510sx2/u5HRLVoLeGDwCMcmvozh/GsLaavB+lTkNB40ORZhIX1UnXM+zbE4XtThyUjtdtJ+sUaYBiRhlN9LAajoLGw31qBJpXWlgyPdexIE9t+ei7jNmzMNdF/VeCBkvLiaUEdGiLKhqtJrWIhijRXwrc0OekqOLRcX9pPeVtv40JHmRn/zDxcUPlBHRyvFaTzXyeDiSIecMM59j2NRwq4sk3+W5OrENV/HtdbrzhpM8osV1XWC+NdeWD8Ksr3lb9ljzQT73XACGuBq1ay3YgJVOOmjqynco8zAmZokLe3ER6/BanoIUEUYlew6Z7zBwIWi4/PFHq13Qk/pfnesu/yvHLNbD+QuOYdp4weWPDJ7phfzpcf6xnbO37uA+1I2dpcy53KmH8lPQ0wZkbH4Xm6KBmq2VLsLZEm7O2i8dol0s6rFBoQjx6cCKXtzvbVDuBcVlIleEZ1lunsNdIt0q975pRBVGYbTMw74iyjCvR3h6fJ2ixbu0Z76Tzjwi2vwckojO6SdGj4swT6V2UT7XQ+M5JBYetFEkz9qQrmmXCb7Mh+qUcnJEtBIOXVOYYHgoIobLafNEmS/Cruv5Jt64gLN7xZ9nJyPK7g68xm+dXDv4ogyw8AtAyJS5eOu9bGQM70CRm/aCx9fkzZVYt7wGIUty8P4qA4LLN2LDQfPoczN3ceaaR30awSJORdhVHbN6do0VZcpA9f9mlmPTUw+PwGi5btVpnNH6cemUvDboSb5M+z7ko5HWXvcF0W2HndJ95YnJSBONq5KCnaixGyHXfmw73t6lvrEyJlQ0NkTGLjtge4HbfngnCg6qb+w0NNo2NJRtyznnesGQiZORLCqRgvVFDueIGxdQVt7V2dJ+1bqiMwsOlp1Dd8HfbYMhEMHKKIFruO5FxdglABExEcpIjXX5GrcpNhiVUR6uhSIqIVBUYjuxbpdj73/LYSMqrCvg+kLkvNMMQ458eEQw4pfMRMSJ7cj5k32Dxm7U7o1GlOWX213gBSBqlvlhbevya1w8kEtSp5/4vhXXzQtc0oof/weClQ7UIQPUztLQaUgeB1TkbUSZi1bqkCkzkS0aUBv+VSNdtNWjML8STSNjYZho3wlbiYKiett4keGwfru40AlF4lRL49vDONASakCaaDAr52J3YSXnaTcWiH0OikDKs04a/HqFTkK8CIuqvdux/2AoDJO6OkSVKTEO16LsP2vQFD0eYc6mndBNTxqSvMlP5rwjfzgo2bsPmBOJCEunlTpNScXB3ag7OACG8da3SvomzxlSRDyIfLOu1PkPIt6nO3105REtLusCUbbLix4bvgizvuRZ2eOcD/K5pkYYN29HjeMmgas12P+R+Dt9lK7b44NiM7EyukPpoDFatnejHlW7RFqZLi5knY168QtHjHzA5cFy7Hd3xT98hHKr8tne66ES+ledqyf/K3MsyvvMD1QqPyh2aUXNH7b78KKzp/Onl/lnnCxnWlF2aCeqSlsREy+nV7Lmq/zU6ng3il8gguTFdOBd5veaRPvlBQPClPaLY7i1n9qOguIORKQaENWdX4Id9NZ+b5dyL1i0Z+fCIOpUeZdIZydZN8u9hrO1SodiiEcPdHVj2MPKQ/r0jr7s3nWKFi/T3uAITI2VcyOLduMOIOXvZaePmXnqikOo+lM9jHbPIfG6jdJJbxvSnp4ywbf5MCza3Nm+/71KGKNFmutsWpunPzEeLkfV4Q6rgSDd8FWjbUfpRSMKtjqGtU/KgHYRlvbXdoPEduWPRoPucTlIxpNrcjkgoiJ3I4oCDVg5LxT+Tz+PbJHmCjI3o6rzu55cczryrE9DLRvEtVLRMbuwbatFUYH80cSaJ/VwIKJiRR66WI4C+zs8ZBov0JPGu6Ov6j7XzFOGiPKxtXudyZ6lO7qdsVO6r/iFIiXXgIjzRsyYLh+aIS6UqvehZE0Gohc2wrDYuuPGzH+i+SEVxpWLMD9PNDyrK1GWJ9ZfMwCGWepKFsERiJ8yAHX5y7rWzV+NpCWNCOulOaWVhyQsD0eIeo6rduwT56gex5RFSLf61azu9y9iYtJqFCjhUAPjjlykZFYiaIpo3Oq4+h/9uGyUiQJ97W5xrvuwYYd9BaXPkKkLkDt9AGqKliE6NQ8l5TWoOiAaGDmLMDF2i8MT87WEJWUiW0Rf2fJFSMgqFBWu2Eb5Tqxa/CKiUyq7Km7RSC94bTdqxs3FCssTbEPniAZAgNIYsHSGhk0V6UTenpW6GkXyeOS2Fi5C4aBw0fi05R+5EIULg9FQtBrT5lmH50bkrNln9St6MEaPExW8uLDJyRfxcmA3iiq0rkbMWvavQnhMlhqHNajYVYil/7wdVSMNmB0tf+2WRiBx/QIk+tcjPeFFpK/ZCaNYV4Zf0ZosFFgaAP7hSBNpP6pRpotFyCkyb9O4Iw/pccuw6mwoNm1OcZw/WaT/CSeXIakzTLcjZ55IRweA+DWZiO/qz9UfB04FI36Zei6zxLkoech83jnzUjF/TwCyN2faPIXaO+YGctWualTJBwNanYN5SoxaFO5oVB5i05052zxJQ5I3+cl8MVSNkl3yYY3W5Zd5mpI6kXbeRyQi7B4a5os8F5LwOraJcq1s5auIXqxuQ5Y1RSJNbVWP3dt0p5O+PKLBri4wf991XeCLMOs7npU9rnQ/n2trP7ETM2ISEJ0g0kX+FhTIlyjDomNWY0OzSCdLp+m7kJVPhc+ai5i2elH+mjtolCeRi7Ld3YMnlYtqiAb7QVcdrYIy8qtDmZu+N/WnOldX/scATHhOloOiTH9BbXOJ/WxIfQkr/aYgWV3LF3o2f3qZf0Q5E5UQgLqt4oL/YjgSNX5Q9U1++hxFkQlIylG/L8uylVlI3zEA8QvFhbe6lhb/p+ciV2m/iHAT7UGlrlLKwixMTd6NuikLsCnFsTzsrt7Z721U7g2fiRU5I9B0oAgr95jPsXvl3gVxfo22D6Rr3Iel0c9hYqZ1u9ZDQx8VZSdQ9U4eNog4r9ixHa6ipLvXKVq8S3sBCIsUy/aI9pZ8gJ91m0qZuqJVtBurgTjb55B43UYRPG1D2tJXJvg0H46OgGFQo2iPnnNoPyvTnxzYh8JTwYh50rrR7alQxCwUFwF7t2B+1nbleke2J+e/sBNDpsgH09nzQRlw+QCWRtpeXxUsWYalpwKR/UKE6/zpwTW5nK7l1XIgbdlcRCgdoYGIWSJ/bKoUZUNNZ8ep/mtORx71aQhh83LE+s1YN+8lzFfPXwnv6avR+NxMh3ToST08ZPor2DTFtkxV8scckcbHxSJDXa+n9FXd59LIUUgUfwrWi7AT4WHMF8dh/sQzHqQ7ur2xU7oP+T+9AMWlC5A2Uj40Iw8JSwphbIvApvLXMVurnvQPR0bR61gRIy4sirYgKXUjChvCsalogcaDgIJhWL8em+YE48wOdd2zDyN7l9h2L97+ERK3FvvkOYY2w7hmIxJExbBu7/cISXkdtRldv+6P/vvnETNINFxkOIhGz6rtjQhJex373zHYTT+ibcj0THy4OFRUpIXiXLfgyI/mp9Z7zE+G2x9wcM1khF2qxtKs1UhYXATjt8FI27oVGU+r67kiHyay412Uys6ko+VIXyy2sXIX6vwmIbd0RWfnqTJtx3nRkMiyfnhEACJSFyJ5UNcoE/9xIp0UzsTUdtEgFMeTnlcJxK7H+5nyJ3d74vuLt2L/VhGefqdR0BmenwNjRtg0WMLmvaGkj7ObRbxk7UCDn/MwG/KkASlPNGN/nozD1Xg1XzR4p7yCgyULEGF9O9pwA94q34Btcx5Fw0fbMV+sKx+kYvx2BMKsHoAo037pnteRG3WXCAfzNufn12Jg7AIcrFiPeK1bNP1FBSnSdOLgo3hbxkvWblT5hSO3cCs2zbLLMDrjwCWrc2kqLxLpSlSgufvQEDITpRV/EGnBdSNeL6WB3NaBYJtpLQRlSowONLW5uAVTJ8/SkJf5SbkYksfrONWIMk2JOMcmrVslfZHnLNtYPxkTvlC3Icq8t43NGBPaFdlepTuddOcRDdZ1wfuynHRXF/gizPqQJ2WPS77I5w6CEb9yLTYtDMcYcTH9/mYjVolX0eEO5eFiHqeTkc8je0mg0kHz9t4mHDlQLcp127siNI2Vd1EAVe/tczNfqXmkcOd8wb2kX9W5evO/Wg4m3vcl1sm6cflONIzPRnFGpIh1H+rh/Olt/gmbOgtRshx2NlrVJ/lpBKIywzHwpPp9kTZKLt6PV7e+61hPO7Bqv4j2YIEajxsOD8DslRtwUGd70HO9s9/bqdwLeeEVrBjZgbI1W1DR3NG9ck+ZizoAab/uumbwCfmDcL6od0fL+Y1Fnf37RhG26mcaunudos27tBf0pGhnabapzFNXNInPLPMoW3SrjeJhG9KW3jLBh/lQxG1EHEQ43OXQflamP5Fh1zkXt7cGICxtg1IPXq/eKa531mGdETAUbsKrkdojz7tdBtwXjkR5TXJA7k+Ej7i+qkAEtpVu0nVNouuaXJ22A1OSkWb9Y8XwmcgQbZm69zai4ISlI1H/NacDj/o0BFnuyQd1ivA7s0deX8rwbkVU3lbkWgZ2WfOkHhbrxr9jLlOvV+9W0mlO4TkRLiKNp0b0/IOh+6zucyFwGlaIPB/fdhRLRXisqu7wOhz09gXR7e0Ok6D+n/qRpl1ZCF8ObJINQa8amES3ikaUpaUiHQtQW2CwGfFARHTbExeROdPz0L7yD3grttu3bxAR9ROtqFrzEhK+Smb7j4iI6CZ25coV5e/x48eVv9Y4UpqIiIjoZiVvj8wJxf53tjvO2UdEdJNql3PF7wjGW1nskCYiIrpVsVOaiIiI6CYW8lwmVo6uRI7VfI9ERDettloULNuHkDWvI7Fb0ywQERFRf8ZOaSIiIqKbmZwTMb8U+7IiXD6Bn4jopiDnkN1TqmMuciIiIrqZsVOaiIiIiIiIiIiIiHoNH3RIRERERERERERERD7FBx0SERERERERERERUb/ATmkiIiIiIiIiIiIi6jWcvoOIiIiIiIiIiIiIfMoyfYcWjpQmIiIiIiIiIiIiol7DTmkiIiIiIiIiIiIi6jXslCYiIiIiIiIiIiKiXsNOaSIiIiIiIiIiIiLqNeyUJiIiIiIiIiIiIqJew05poltEU/kyTJyYioITHeoSfZp2ZWHYE1koa1QXEN3EvM0H/UX7iUIkTEzA0vJbPUM2oiztOQxLM6JJXUJERERERES3D3ZKExEREREREREREVGvYac0ERpRlb8aSVk394i9oNi1OHx4K9LGDVCXEDlqrzdi1ZKXUHBMXXCL0c4H/S2POz8e/3EpKD1cirdig9Ulve3WKA+JiIiIiIiof2OnNBEaUbO5BhVX1bdEt7CW05UoqGhGu/r+9tDf8nh/LnNYHhIREREREVHPY6c0EREREREREREREfUadkr3pRutOFu+EUsTXkT4E89h2BMJiJ6Xh7KzreoKVr6tRcmaDMyIlus9h/CYVCzdWosW9WOp5cRurEp9CRMt20pYhoJjjttqqt6OnHld+5yxpBBVGs/U0rM9d+tYP0Sv4cBGpMckiPfPYWJSHowN5nXaz+7DhsXq8Ux8Eemba9Byw/yZPV3HfmyLso8Nxxy3nbTGiLNt6npCTZ7czjKsk28OblG3+xzm7/LiIWM3GlFVtBrz48znaDm+mm/Vzzu1irAotIn3GamrO8PDOasHg91oRs3mDCXcw/NrlU/NYW0+b2t604UNsf2q3JfE+i8hZ69VWOhIh0411qAop+u7w6JfwlKtuG67gIrNy5CgphW53vycfbAJHj3rSFfPwZi3zOp4F2HVrnPe7dPtuddig/xunoiPq2LdnEXmMJdpukisJ/cp402kkSR1GzIfaOZ3SQmvRYieqK4bJ+Kt2j5dWu2zTZ5rlrq+RlnSaMR8sW748nrl7bp55u0Oe2ILapQlQi/Er3WZ0HK4EPPl+hO3oE79XNJbRmmxzwd687jnZYsRqxJkesmC0ZLHdZQBbo9H3Yf5fYfIh3Jby2BsNn9s44aIfxnfa6ptRr57G366wkpvPva2nPu2GuvixPpxuai4qC4TvCrHiIiIiIiIqN9ip3QfavpgFaKzKtEybhZyt76O0vUzMaG5EulJq2C07kBoNCI9dhnWnbgfhqWZKN36CrKnBKDq2IXOjoimPVmITtqOusDJyM6X23oeUwPrUfPFNXUNs4ZdWZiauhsNww3KPovXxGLMxXIkxGWhzKoDQM/29O5TaviPLCQVA1OXZ2NbZgRCzlZifkIeKuqNeFVso2F8CjaJ88qNHIAyOZ9pobnjzJreY7e4fk5se6ERLdHqtqfcg7odWzB7pQhzdZ3Rz4nj3joXifLN2GnYJuNBvDImBiqfe6JmQyoSCi5gyPRkFCvHNxlDqndjRvIW1HX2GHWgLj8dExeXd8a7ch7NtTjr0HntzA8486dlmJF/Tuk0bXIxD4MncdSlVZxLBhKKWxG/Zj1yp6tz2+pIh87VYkPMarx91vLdTGyKC8R+GdcFtV3fbxfrzVkk0so1hP3TAvN6cx5FS8W5rvlt9awjtYn1EjOQU96BqZ3HexeMyzOQtMHDfXpy7m3V2JC8ETVjZuKt/AXIHvcDyvKWIf1PtUq4pvxnIGavkfE+DaNFPkhPEvnAvsPxothf3GoUNAQjZaWIN7Gd5McbUZC6COlaP5jcOIeyrN+irC0C2e+8LvJYOILr7bZ9XwQyRHrbNs8cn4lZ5rReulUch1zQG/Fr7cxOpKfsNne2toloMC/1OJ+7oyePe7zPK9VYl7QFBfUdytt2tUNWTxngWZkzAFHTpyFIhG9FtWOvdPvhfShsG4CMqePhry7rTvi5Pza98exlOSfzbHIuNjSGYtPmHMQMNy/2rhwjIiIiIiKifs1EfaZx/y7T/kvqG4tzO0yJY+NMU39/Wl1gMn2x/WVT8Nglpve/VBdYXLlmuq78p8FU/HycKTh5l+kL5X2Xy1fa1f8Jp7eZDGNfMOUeuqYuULUeMeU+K77/2gHTZWWBnu3p22dj2Wvi2MV6C8V6P6oLhev/901TmFw+drZp5f+1Op4fxXYTxfIJm01HrNbXf+zC0c3mfU54zS7MrpkOrp4tPks3Fdsc9AnT28oxfmhqVJd4o/aDHaYzV9Q3Kst5Zv9ZPe7rh0wr5b5+d8T83uLHa6bLrer/nbpken+h+G7ya6aU2W+a9n9pFbeCJazfPqou8CiORFipafEL8T5MxEuiSIPm9GXmPh26csL04fbPTZet47QzPlaZ9qvhJsNLnkPuJ+b3naz2oWcdk+l70/7XxLbt0p30xX/I833BtEnNYnq2p+/c1XQk0+knGmlafpa4QzMfpJRZFQQ/njZtmiHKAJFG7MPryO9eENvpCq+ufc42pVlvQ7BsO/FPDeoSM8d0YtYb8SuZ97/ElLLwZVPuf14yXbf+jif53Ant83ORx70oW1IWvmZK237a7nx1lgEKF8dj2YclPmV6kMex9CO7c283HfxXEb7PbjPVWo7DB+Hn8tj0xrOuck4tzyz7+VG8XyS2M2GJadNJ6+PXV44RERERERFR/9PS0uL0xZHSfSgoZiZi1EGonUaGYoL4U3fFPAKvSytarKadUAwO6Bwdp2i91jliz2LI4AHq/zpQtascNdFzkRIZoC5TDYqAIUEsK6/FWevvu9yeSs86QlpiLEL81DeC/8RJmC3/M/Z5JEdbHY/fCETFikBp+xwNnSPqvDh2IWrJK4hXR9qZBWDClEjx9wIaLpmX+FJY3PMYPVh9o/IfY47Ppja7EX1XW21Hj/oFYMgg9f/uHL6AiFWZiBnuGM6adMaR1H5sC9KX1yMk+XUUpobapi+FjnSoKRyGpFEYYpUGZHyMeWKU+HvNYZstbXa35Wvsw+U6DZUoLAeyU2fapDspZLoByXI0+EnbEcfu96nz3MfOQuJEjTQtpC20PR5LPjCe6zqW9sNGFJwPRdpLEQ7hFfHcNIShBkdOq4ssRD7KnmVbmFi2XfGFxshqp3onfoFzaBiXiewpwfDv/I53+bx7vNuncdA05CaF2p2vh2WAXn6hiJoljmNvJaqsB0u3HxXH3oGwWZMQphxHb4Sfh/Gsu5yTd2dkIf1AALI3v4G0sXbHL3lQjhEREREREVH/x07pvtZ8DjXlO1GQn4elc1IxI1qdz/OzC51TB4RMmYn4QY3IScnAhl21GtM1jEDUC6EIOrUTSQs3ouxYo8PFu+wEqjvQYTNPqPVr2juyQ+6C2hGsZ3t61rEYhbBRdp0H/gEYIv+OH4UQZUGXgYPsb2P35Ni7RIweof6vi3/APcrfsxc96ajTr/1iPSp2bUfB+tWYL+IzOm4LjGJ5Z6ejfzgMyeL8dm1EUtZ2VJx3vCXfvSmYMFb9r0uexBHQcmgLZs8TR5uUg+KMcIeOSPfp0I0bHWg6VYmyoi1Yl5OBhIQXMVWZ37geDeq0Av7jpyF7JFCUlYGlRZU4qxE8etZpOV2LCnRYzZts9YrMQ5FYx6h21urZnkfn7jRNu8gHVs6crBF5vx7pMRrHnrBbmXvZIf1q7LNz2+cbbac1caI34teaYWKo+j8L7/J593i3T0NUuEO8WbgtA7wQNn0Wouym8Gg/fAgb2kYgOdYSjr0Ufnri2aNyrhlVeemYITJlRsEGZDxt3yHtWTlGRERERERENwd2SveZVtRtzUB4dAZm5BpRc3EARkdPQ9p6dT5Pa8MN2LTndawY14jC5csQPj4B8/P22TywL2TWeuzfOhMR5yqRPi8Vj0zJwIbyczZzfLbLDoPpc5U5QrVfcxF1n3lt99vTt47ZAOBn6n/t+ekZ6ebZsVsMdLbPnnCjERXLX8Ij07Pwan4lzrYHI+LXM7Fy5TREqauYBSAiYxMOromEf/VOJMW9hPCE1Sg67KrTxk70w44dkE7oj6NzeFumQ4xCYlKkwwhQhY506NTFSuTMTED4nI1423gB7cMfhyFpIXLV+Y07DQpHRskGbIobgKq8PERHJyAha7vtwyJ1rNOujEoNRsZ6rbSivp5Tf7TQs09Pzt1pmnaRD6y0X5Gdh+HKPLyaxy1eDvMP68pHbvRG/HYKRYjNXQySd/m8e7zbZ9gjGueluwzwwshIxI8DSipq1PnwO3DkQCUwTmy7szDohfDTHc8elHNHd2NlkVg+cRYSJ9n/IGmmvxwjIiIiIiKim4Y6xQf1tpPbTFPlvKF28726ns9TuHTC9P6bS0wT5DozrOYStdJ49EPT2y/LOT7jTIbOuanFdieI7yxysl0XtLdny9k69vMVd1HP880T6vsujt/x8NjVOVnt58xV2M/XqnAT5jpcNv5WbFdjLtdLH5pSnJynnF/1i//8o+nV2TLcZpuy//y9+oEzdnOw2nE2V7CF2zg6I8Jhhtj+jH817befV9iejnTY5XvTh0vFes/+m+mg3Xy7Lo/5SoNpf+Eq02wZ9xNWmfZrBY+TdRo/kNudbXr7uPm9bnr26fTcPUnTFo7fqd0o4+g104ffqAtccr5PZ+naXTpR9GD8ugwLL8soa9rnpx0WHu/TRdniWRng7HgEzTLKZPriT+li+W9NH8o0eeWAKVus86rROoH6JvycH5uX+dhpOddVnp0R52wQ3zcsO+AwB7w9PfURERERERER9Q9ac0lbXhwp3UeaztSjDqEwTLGbYuJqM1ze5B0cjvjMDShdGQqcL0fFSXW5laCnDcjY/C42RQM1WyuV2/2BRxE2Rfw5UI8zHg4v096eLT3reM/7Y9dN73zOTpw9XSv+nYKp9nO5NjeiQf2vA78AhEyZi7fey0bG8A4U7Tmka5oFb7mNo3vDxecLEN9YjaSFW1DjaoSsjnTY5QLO7hV/np2MKLv5dhu/vaD+T8PgEYhJfh3F+dMQ1laD920m1FU5WSdodCjC0IGqky62r0XPPj06d8+FjA4X/9aj5nSHeYGv6bmDoDfi10EP53PNPO67fXpcBnhY5oRMiYVBncKj5VAlijAZ8THWI4t9GH6ax+ZlPOso54Y8vQCb1oSiYVce0jfUuhwB3bN1DREREREREfUWdkr3qQviYl79r6IVNb8vVOa7tdZ+Vd7Obys4WN4ufRf8lYl/W9FyVf614heIoIfE38C7zO/l7dQxEQhCJdbla1z0NxhhPKH+X9f29KzjK54cuzeCETJe/Pm+FdfNC7wk4tO6D/NGI8ryy207TdpFuNnPhzpI7F/eUj/oHh0PlPOEF3E03IC3NxsQcd6IlHm2HdPu06EbXzWqUw+oLhpRsNV2m1r78H8gWJm/d8gA8xQVetbB6EmIHwlUvbMRZXJKA2s3RD7bU93ZMebtPj06dw8MmTgZyYOAgvVFjj8M3LiAsnI5f6/3goY/qvxtabXt9O6N+HWtJ/O5szzu633qKAMUXpQ5wSJNTwdKDuyDsaIGQUmTMMEmXnx1Lm6OTU88e1HOhcxagcLkQNQUrUaSzfH3Zl1DREREREREvYWd0n0kaNJkxA9qxaqFGdiwqxJVB8SFfVYG0hsfdZhTuu73L2Ji0moUyPWqa2DckYuUzEoETZkLw2i5xucoikxAUk4hyg7UiHX2oWRlFtJ3DED8QgPClK0AQ6YuQO70AeKifxmiU/NQUi7WlfvNWYSJsVtwtrMTQc/29O3TV/QfuzeCMXpcAHBqJ3Ly94nt7kZRhXm8etOeLAx7YhmMGgNmrYVNNSACtchJXY0ieWzlO0XcLkLhoHAY1HUUlw9gaeSLSF+zE0YRl8o5LFmGpacCkf1ChNOHp3nHuzjyf3oBigsmI6TeiJQsIxrUsHWfDp0JRczCQGDvFszP2q6ct3FHHua/sBNDpoxS1zFr2b8K4TFZWLVDxINYr2JXIZb+83ZUjTRgdrR5BKqedeAXipRVBkTJBwbOSsXSfCMq1P2mP/sSZpR/b15P0LM978/dC4GTkbY8HCHnjZgxPUM9rkqU5a9G0pRFSO/uCOqRo5QypmC9yEciXRjzzQ9P7I34dafn8rnzPO6rfeouAxTOj8e5QEQ9GwGI7a47EIC05yIdOnd9cy7Ojs2DePaqnAtARMYGlCYFoGrzary6yxIeesqxDtRtTkX4xFQUnOihOwyIiIiIiIjIp9gp3VeCDXi7eAHSRsqHiuUhYflOnB21APtyZzo8xG703z+PmEHiwlyul7oaq7Y3IiTtdex/x4AQ5YF0IxCVGY6BJ8uRvni1WGcLSi7ej1e3votNs6weQOUXDMP6P+DgmskIu1SNpVli3cVFMH4bjLStW5HxtLqeru3p3Kev6D5274TNewOb5gTj7OaNSMjagQa/e8TSDpw5Xg9Mn4wo7edvdfIftwDFhTMxtb0WOeLY0vMqgdj1eD9TDjm0cl84Euc8iqYDOzFfxKV8oF4FIrCtdJM4B7VD1We8j6Mh0ZnK7fQ4sAUzlpg7pt2nQ2cGICxtAz5cHIrr1fK812GdETAUbsKrkbYP6BvypAEpTzRjf56IB7GPV/OrgSmv4GDJAkSoUwroWUeSneul8sF9kcCR97YgSayb8/t6DIxdgIPrDQhS19OzPe/P3TshcWuxr1SUD6HNMK6Rx5WHdXu/R0jK66jNkNN7dEPgNKwQaTW+7SiWinSxqroDA8Xi3ohft3own2vnccFH+9RdBqicHo8LQ6ZMQ5ool5pEHEaJ7OnAR+eifWwexLO35ZxfIKKy1mPTFKBs+SKkKx3TvVzXEBERERERUa+4Q046rf6fiGzUo2B6FmoWbsU2dn4QERERERERERHpduXKFfV/jjhSmsiZi/WouRgKwyR2SBMREREREREREfkKO6WJnGg5WQtj9GREsU+aiIiIiIiIiIjIZzh9BxERERERERERERH5FKfvICIiIiIiIiIiIqJ+gZ3SRERERERERERERNRr2ClNRERERERERERERL2GndJERERERERERERE1GvYKU1EREREREREREREvYad0kRERERERERERETUa9gpTURERERERERERES9hp3SRERERERERERERNRr2ClNRERERERERERERL2GndJERERERERERERE1GvYKU1EREREREREREREvYad0kRERERERERERETUa9gpTURERERERERERES9hp3SRERERERERERERNRr2ClNRERERERERERERL2GndJERERERERERERE1GvYKU1EREREREREREREvYad0kRERERERERERETUa9gpTURERERERERERES9hp3SRERERERERERERNRr2ClNRERERERERERERL2GndJERERERERERERE1GvYKX0b+kvhG3hp7V58o77vj5RjLDyuvrvJNe7Fmlfexf5G9T0REREREREREdFt7A6ToP6fetUl7F+7DX906Ki8D/+wbBGmBqtve4Ds8P3dVxF4c9l0PKAu60nf/Pld/MZ4H/5lYxJ+pS6zITtt19bgFy//Fv8wzrxIOUYY8IeUJ80L+sKJYrz0739V31j7hfNz0aKc32eI7Ea8KuHxqfpGeMwwH8t/PUx9p8WSvjw8VpU5zi6r74SnnMSFGnefqW+11zuOP75ixH71nbM0rnufRERERERERETU7125ckX9nyOOlO5rsuNt4287X28agD+ufQN/PKF+Tn1MdqB2xY/55Xknb3d0dtBb9v/yL/CZcRvW/PmSuoaGExUaP3joo3QO1zyGNy37WxaBxz41Oo5ct/oxwXxsBkx1WM/cIY3OdX6Lf3nqskjjtiPHde+TiIiIiIiIiIhueuyU7mce+PVs/EMwsP/obdQZFzwdyzd2jZImO+PtRgyPS8K/PAV8VnPCyRQsl7B/j9YIb50e/H9sR9GL+FlouA/49BT+oi6S/mKswWdPGazi7Un8w8u/EOv9l02H83irEfDSr1IMmIrLqP7UqlNd5z6JiIiIiIiIiOjmx07pfmcYHnpI/S+R8KtxjlNYPPDQfUDjt9qd0nKUNCLwL7JT1wsPiP3ZT+vywINyW5fxVWdn83Ec/RSYOt7u2MaNtetwflIcv/rfTsPwYDDw2VddndL69klERERERERERLcCdkr3O5fw1VfAYw/ZzResPCzvDbxkedk/qFD53DwlgvKQQKt1XU0Foqyr+dBDOe3CG66niPAV9dxcT1ki50h2PB857YP1ufbK8dpzFzdWPIkb74h4+/e/YmpcD88XfuIU9uM+POgwrbVjhzMREREREREREZE1dkr3M38pND+cbrb1Q+zkA/ds5u6dj39ADX6j0flZvfUNHB1vWU/OUX0f9v+7887PX43/BdD4GU7YjUb95s//hf2wO44+Y/3QPtuHIZofoKie77IIwN1cy77Wg3Hj3CWcqLkMPDXWYW7rvxQasd9mSg3f+MvRvwLBj2GczcMJ78NDdg8r1DXSv/EEqkV6cxhlbUd7n0REREREREREdLNjp3Rfkw9zsxo5a+60tH6Qnjo/sE1H4zBMTY3AY401+LNNh+ZlIGK+TYfkA79epMw/vH+Pk9G742LwD8GX8Uej9RzWzjs9e591h7RVuDTuxfty+oiXrZap8xB/Zqzw4TzE8qF8tqObux6+18Nx44Tlh4t/sZ5nWjpRjN99qrG8m+Ro9N99eh/+IdWD0ddfNTo5p+MiPO3nonbk1T6JiIiIiIiIiOimwE7pvvaUoWuEbTCw/9+LbTtUlVGl9+EfDHYdjcHB+IX489evrUcF34fIpxxHNrucfxjDMC5CfG79QDln++wDnR2wNh31wDeffobPgiPwa7uOTd/PQyzCYVnX6GblZen07fG4sWeeUkXprF1mGx7KFCJy2g7rTvpuM0+Z8hvjZbHdRZjqyYjlh4IdO5PlqPJXjNgv4u1Npx3n3dgnERERERERERHdFNgp3W8Mw9RlBkzFX/G7zpG4wqVv8ZnWaF3Zuaeu0l0PPPUYHhP7PaqO7DV3+PaDaRM+NeJ39qOhVd98dRlorMFvbMJEvP79r+oavaAX4qaTMm+12qG70b6z9hL2b3U/+tgzsgPcccoUW1qd/+Y50e0pc3+LuHnMMB9/WOZs9LOefRIRERERERER0c2OndL9ypP4tUGOWv4v5YGFimFD8ZjWaF31tVzvnM/BQ51PgxA8HbPlNBJHZWe4eeqOxyLG9f20CU8ZnM67rIwwVjpotcKll0bY9kbcSOq81bLTWbND90QF/ijTi91UMHK0MeSPHPK99Q8d7th0gDsZea2c+2XYDAZXXMLX4lisH9Rpnvtbjnx2ESZ69klERERERERERLcEdkr3Mw/8erZ5juet6jzDylQQl1H9qZ6H92mtp84PrTWdghXlgYdyCg+lg7O/POBQhscizY5pZZoOjQc09qpeiZuueas7pw2xNy5Js1NchhvEESoPgvRgnum/GGuUqVHedDqiWQgeh8hgyw8ZVk6cwn7rqUo65/52PfJZ1z6JiIiIiIiIiOiWwE7pfmcYpsb9AnJqCvOD8syjpz8zbrMbLXwJ+wsdH5D3mfH9rlHWgnlOZo15j+2NG6tMHfL+nsv95AGHXTofCGjdMW15QONa+zm49+KPf9bTSewLvRA3vp7fW5nX2S7MbBzHUdmJHOeuc1hNp58arc79OP6oTNExu3OkurO5v23p3ScREREREREREd0K7jAJ6v+pV8kHum3DHx/SGgGrfmb9gD/ZmWg3X7LN6FM5/cHazxC57P/B12ut5zR2fEignE7hd185jkqV8/5aplnw5Xy+lu06klNfLMJUyGOvwS+s9qscI2zDRln2qfiP1ajhzmWdHM/Xa0qYXzYfo6vpQHwYNw6U79bgM/WtPTlHs7MpMczhfp/NPrTC1Zac19n6GO3Yj9i2O3f743Ee95Ia/8Ee7pOIiIiIiIiIiPq9K1euqP9zxE7pW0Vnx6f38ykrHYg1j3EKhVuW+ceOr+N8+6MDERERERERERGRPVed0py+g1TH8WdjP3nAIfUMORUI3E2lQURERERERERE1LPYKU2Kb/78X9iP/vOAQ+oBwdOxnKPgiYiIiIiIiIioj7FT+jYnp+x46ZU3HOYeJiIiIiIiIiIiIuoJnFOaiIiIiIiIiIiIiHyKc0oTERERERERERERUb/ATmkiIiIiIiIiIiIi6jXslCYiIiIiIiIiIiKiXsNOaSIiIiIiIiIiIiLqNeyUJiIiIiIiIiIiIqJew05pIiIiIiIiIiIiIuo17JQmIiIiIiIiIiIiol7DTmkiIiIiIiIiIiIi6iXA/x9W7aM8+1XjYwAAAABJRU5ErkJggg==" xmlns:xd="http://schemas.microsoft.com/office/infopath/2003"/></div>
<div xmlns="http://www.w3.org/1999/xhtml" xmlns:pc="http://schemas.microsoft.com/office/infopath/2007/PartnerControls"> </div></my:projectDescription>
	<my:projectURL>https://www.google.com/</my:projectURL>
	<my:projectDescriptionAttachment>x0lGQRQAAAABAAAAAAAAAOwxAAAKAAAAdABlAHMAdAAuAGQAbwBjAHgAAABQSwMEFAAGAAgAAAAhAN+k0mxaAQAAIAUAABMACAJbQ29udGVudF9UeXBlc10ueG1sIKIEAiigAAIAAAAAAAAAAAAAAAAAAAAAAAAAAAAAAAAAAAAAAAAAAAAAAAAAAAAAAAAAAAAAAAAAAAAAAAAAAAAAAAAAAAAAAAAAAAAAAAAAAAAAAAAAAAAAAAAAAAAAAAAAAAAAAAAAAAAAAAAAAAAAAAAAAAAAAAAAAAAAAAAAAAAAAAAAAAAAAAAAAAAAAAAAAAAAAAAAAAAAAAAAAAAAAAAAAAAAAAAAAAAAAAAAAAAAAAAAAAAAAAAAAAAAAAAAAAAAAAAAAAAAAAAAAAAAAAAAAAAAAAAAAAAAAAAAAAAAAAAAAAAAAAAAAAAAAAAAAAAAAAAAAAAAAAAAAAAAAAAAAAAAAAAAAAAAAAAAAAAAAAAAAAAAAAAAAAAAAAAAAAAAAAAAAAAAAAAAAAAAAAAAAAAAAAAAAAAAAAAAAAAAAAAAAAAAAAAAAAAAAAAAAAAAAAAAAAAAAAAAAAAAAAAAAAAAAAAAAAAAAAAAAAAAAAAAAAAAAAAAAAAAAAAAAAAAAAAAAAAAAAAAAAAAAAAAAAAAAAAAAAAAAAAAAAAAAAAAAAAAAAAAAAAAAAAAAAAAAAAAAAAAAAAAAAAAAAAAAAAAAAAAAAAAAAAAAAAAAAAAAAAAAAAAAAAAAAAAAAAAAAAAAAAAAAAAAAAAAAAAAAAAAAAAAAAAAAAAAAAAAAAAALSUy27CMBBF95X6D5G3VWLooqoqAos+li1S6QcYewJW/ZLHvP6+EwJRVQGRCmwiJTP33jNWxoPR2ppsCRG1dyXrFz2WgZNeaTcr2dfkLX9kGSbhlDDeQck2gGw0vL0ZTDYBMCO1w5LNUwpPnKOcgxVY+ACOKpWPViR6jTMehPwWM+D3vd4Dl94lcClPtQcbDl6gEguTstc1fW5IIhhk2XPTWGeVTIRgtBSJ6nzp1J+UfJdQkHLbg3Md8I4aGD+YUFeOB+x0H3Q0USvIxiKmd2Gpi698VFx5ubCkLE7bHOD0VaUltPraLUQvAZHO3JqirVih3Z7/KAemjQG8PEXj2x0PKZHgGgA7506EFUw/r0bxy7wTpKLciZgauDxGa90JkWgDoXn2z+bY2pyKpM5x9AFpo+M/xt6vbK3OaeAAMenTf12bSNZnzwf1baBAHcjm2/tt+AMAAP//AwBQSwMEFAAGAAgAAAAhAB6RGrfvAAAATgIAAAsACAJfcmVscy8ucmVscyCiBAIooAACAAAAAAAAAAAAAAAAAAAAAAAAAAAAAAAAAAAAAAAAAAAAAAAAAAAAAAAAAAAAAAAAAAAAAAAAAAAAAAAAAAAAAAAAAAAAAAAAAAAAAAAAAAAAAAAAAAAAAAAAAAAAAAAAAAAAAAAAAAAAAAAAAAAAAAAAAAAAAAAAAAAAAAAAAAAAAAAAAAAAAAAAAAAAAAAAAAAAAAAAAAAAAAAAAAAAAAAAAAAAAAAAAAAAAAAAAAAAAAAAAAAAAAAAAAAAAAAAAAAAAAAAAAAAAAAAAAAAAAAAAAAAAAAAAAAAAAAAAAAAAAAAAAAAAAAAAAAAAAAAAAAAAAAAAAAAAAAAAAAAAAAAAAAAAAAAAAAAAAAAAAAAAAAAAAAAAAAAAAAAAAAAAAAAAAAAAAAAAAAAAAAAAAAAAAAAAAAAAAAAAAAAAAAAAAAAAAAAAAAAAAAAAAAAAAAAAAAAAAAAAAAAAAAAAAAAAAAAAAAAAAAAAAAAAAAAAAAAAAAAAAAAAAAAAAAAAAAAAAAAAAAAAAAAAAAAAAAAAAAAAAAAAAAAAAAAAAAAAAAAAAAAAAAAAAAAAAAAAAAAAAAAAAAAAAAAAAAAAAAAAAAAAAAAAAAAAAAAAAAAAAAAAAAAAAAAAAAAAAAAAAAAAAAAAAAAAAAAAAAAAAAAAAAAAAAAAAAAAAAAAACsksFqwzAMQO+D/YPRvVHawRijTi9j0NsY2QcIW0lME9vYatf+/TzY2AJd6WFHy9LTk9B6c5xGdeCUXfAallUNir0J1vlew1v7vHgAlYW8pTF41nDiDJvm9mb9yiNJKcqDi1kVis8aBpH4iJjNwBPlKkT25acLaSIpz9RjJLOjnnFV1/eYfjOgmTHV1mpIW3sHqj1FvoYdus4ZfgpmP7GXMy2Qj8Lesl3EVOqTuDKNain1LBpsMC8lnJFirAoa8LzR6nqjv6fFiYUsCaEJiS/7fGZcElr+54rmGT827yFZtF/hbxucXUHzAQAA//8DAFBLAwQUAAYACAAAACEA1mSzUfQAAAAxAwAAHAAIAXdvcmQvX3JlbHMvZG9jdW1lbnQueG1sLnJlbHMgogQBKKAAAQAAAAAAAAAAAAAAAAAAAAAAAAAAAAAAAAAAAAAAAAAAAAAAAAAAAAAAAAAAAAAAAAAAAAAAAAAAAAAAAAAAAAAAAAAAAAAAAAAAAAAAAAAAAAAAAAAAAAAAAAAAAAAAAAAAAAAAAAAAAAAAAAAAAAAAAAAAAAAAAAAAAAAAAAAAAAAAAAAAAAAAAAAAAAAAAAAAAAAAAAAAAAAAAAAAAAAAAAAAAAAAAAAAAAAAAAAAAAAAAAAAAAAAAAAAAAAAAAAAAAAAAAAAAAAAAAAAAAAAAAAAAAAAAAAAAAAAAAAAAAAAAAAAAAAAAAAAAAAAAAAAAAAAAAAAAAAAAAAAAACskstqwzAQRfeF/oOYfS07fVBC5GxKIdvW/QBFHj+oLAnN9OG/r0hJ69BguvByrphzz4A228/BineM1HunoMhyEOiMr3vXKnipHq/uQRBrV2vrHSoYkWBbXl5sntBqTkvU9YFEojhS0DGHtZRkOhw0ZT6gSy+Nj4PmNMZWBm1edYtyled3Mk4ZUJ4wxa5WEHf1NYhqDPgftm+a3uCDN28DOj5TIT9w/4zM6ThKWB1bZAWTMEtEkOdFVkuK0B+LYzKnUCyqwKPFqcBhnqu/XbKe0y7+th/G77CYc7hZ0qHxjiu9txOPn+goIU8+evkFAAD//wMAUEsDBBQABgAIAAAAIQBzNSPhNwcAALuxAAARAAAAd29yZC9kb2N1bWVudC54bWzsnVtv4jgUx99X2u8Q5WG0+zCFUGgpO3TVlumo0uyqamf2qdLKOAfiJYkj24Eyn37tEC6lcwEcptQ6D6W5+eQ4/v98j/Puz8ck9sYgJONp1w+O6r4HKeUhS4dd//On67dt35OKpCGJeQpdfwrS//P811/eTTohp3kCqfK0iVR2Jhnt+pFSWadWkzSChMijhFHBJR+oI8qTGh8MGIXahIuw1qgH9WIrE5yClPp+VyQdE+mX5ujjZtZCQSY6sDHYrNGICAWPSxvB1kZatbNae91Q8jxqPINUnxxwkRCld8WwlhAxyrO32m5GFOuzmKmpNlk/mZvhXT8Xaac08XbhignSmblS/puHEJvcdxakVyZHcceagFj7wFMZsWzxTJNdremT0dzI+HuRGCfx/LpJFjTtBNGbpcrS4Cbul0mZxDPPv28xqG+QIsbEIsQmLjy959yThLB0eeOdHs3Kww1a2xloPDNwImE7E63SRE1OkyUak2xol8ofBM+zpTVmZ+0mHS1smfxqC1ulWlYVLO2cuY9IplFOaOdmmHJB+rH2SKe9p5PPK1LAM5T45zo37fNwav5n3qSjc+PwruvX643r0/dXOksuD/VgQPJYPT9zu3LIGBHmR53fAxE08vx3NbNnfosT2kE+eC+EDqymmXZJZhDH90pneX5tJXjK4tj4vFHw92n4JHDXVyIH3/d+a7W8iCnpsdQLvAGLweMDvSUL5yD8/Yl5/ZtV/BhManZkRqh2NRMgQYzBP/e8q87DZ70jHz7VGyfHp6fNhx7IkeLZw8393UXx493rSFCVC3hIpjMJHD3KcBGnvftO+sUz/UYcPrIUvFar462l0NOw529i9ceOEtCR/VHIoSDJ84AdiMGUH9tp56vG15T1jeRMSaIP7BhNJQgdmdxDgSiKzV0k/3XH/PXE+Zn0ebNLdk/8DksVDEHs5IRfezNcU94LIXKGiNgi0s91iaaLtQspQckrnm/rOEJy2JCc1BESW0hknmVcKF2SICauYhIgJraYCCZHyIaDbDSQDVs2xnmc6kZI0XvIAClxj5L2MVJiS4m+7j+gqgeSCpaZFvuFUoRG28fg0Gkxsu8TCSfNS5YSMT0YGQcB5vbWOr4SOpenTE0dEe2haLN5itqstMfniqcDFmrfGTHDmo7IFWskJS5txKVSXG6MLASCslCAK6DgSEK1oFyMCYtnrV1kpRSBI6y0cEChYlZyFZkamEPtBWSlZAVHFapnhQv2BWdzOAgLdjxVC8vfPL2DLA8Z0uIeLafYZLGmZW1ex80PI42MvCZGGo0TZKSKSR0IxjzFHQGjjWBUA0aibeI8jjLVq4bjhzevlJ6N3NwErjOsme11kPI6JkNEbj/IVUrUxsgc17FPeU8DlQiLe7Bgp/L+BiuRl9fES0ykuoM0BAHhLRnCpQAymkGwEUnY47y/oUwk6TWRtBkvOMV9j8OZCIx7wDQRmD0OaSIxzhETIDGV9Ex/ZCOIWcQ5Dt2UKe8IIC2sg9mP+4+0ID/CGGKEwy04sPRYwiFgQswSh6jLl9clLuZmnWkTapZfvNN/PBd6cxdJYNZ9uIjglJQlIpJ9AVTlIagSXzi3zri1EkRuFiLvAcWJ6O4hgi+ZWyOiIgFEXROquLinXOwkTCcZCXm+qw+HgwiuwWmPCKc0F5BSRKNMdEeKjzYWH/ZNY7NI2uiWqAgLj1VCnCg8zrDwsAckjouFBAtGJELiHiQ4J7aCdnoEuoal7pgcISKriDhR02rW8b2kJSN9SGHAlMTM++WFGWANZylMyqXC7HKrm1cq243c3ETVDRw6sK6SJEyx4eyDl5dlhr2LqrDefqhZfwN7f6qEpMdTQFCeSsARULDyXhUoEGILd50RN1q4x1iaWEOizbAwJzEy4iYjpzhF2pqR1Y95TfFjRS+n5ha+YFnB4FgxsfofMJOP3NLt7unuRKOhVcfXDiqi44onWQyPuEL/Iu0dIQTfOlgSQuartxSdSSjPl5dngPK0zsDp09UjccnWV4WJ3QpfrQAH4awBKvo9zFqSiM6rQmczQLDL1L6JsLJ+JDLiHiM4SL3CCDxmMWeqlDvK8wDkiUPDFYx6JVAuKofrAjlHyDFOMK2AEPOprPmnGPA1zHnaO0IIvj9j304uqv44Z8I9OHCZeGs4njYbEBL3IMF1Sa0hMXNsEA330MBJStZoKEh0+4PEiIdzeDSxemU/yD3GguNnk9FuBL16c69kYJ3Kmgw+Bl1sYLmxRzomnT7no4SIUXE3HZ6FWvNG/7Ok+/cDvyR0NLMzv1YbXlxZWyImgapb48M6Z4WLw/sv+tSk6weNRrO4Q6S3W+1mYcNc8BcpIsAzfbw5u0SwYaSWu32uFE+W+zEMVs5GQEIQXf+0UewOOFcru8NcFbvl7SiPpT5aysNcUxwOOf0gmIlerDm+ZYpqL49P5vGcRbHY7PNwWmzoILmB6vx/AAAA//8DAFBLAwQUAAYACAAAACEAB7dAqiQGAACPGgAAFQAAAHdvcmQvdGhlbWUvdGhlbWUxLnhtbOxZTYsbNxi+F/ofhrk7Htsz/ljiDeOxnbTZTUJ2k5KjPCPPKNaMjCTvrgmBkpx6KRTS0kMDvfVQSgMNNPTSH7OQ0KY/opLGY49suUu6DoTSNaz18byvHr2v9EjjuXrtLMXWCaQMkaxr1644tgWzkEQoi7v2veNhpW1bjIMsAphksGvPIbOv7X/80VWwxxOYQkvYZ2wPdO2E8+letcpC0QzYFTKFmegbE5oCLqo0rkYUnAq/Ka7WHadZTQHKbCsDqXB7ezxGIbSOpUt7v3A+wOJfxplsCDE9kq6hZqGw0aQmv9icBZhaJwB3bTFORE6P4Rm3LQwYFx1d21F/dnX/anVphPkW25LdUP0t7BYG0aSu7Gg8Whq6ruc2/aV/BcB8EzdoDZqD5tKfAoAwFDPNuZSxXq/T63sLbAmUFw2++61+o6bhS/4bG3jfkx8Nr0B50d3AD4fBKoYlUF70DDFp1QNXwytQXmxu4FuO33dbGl6BEoyyyQba8ZqNoJjtEjIm+IYR3vHcYau+gK9Q1dLqyu0zvm2tpeAhoUMBUMkFHGUWn0/hGIQCFwCMRhRZByhOxMKbgoww0ezUnaHTEP/lx1UlFRGwB0HJOm8K2UaT5GOxkKIp79qfCq92CfL61avzJy/Pn/x6/vTp+ZOfF2Nv2t0AWVy2e/vDV389/9z685fv3z772oxnZfybn75489vv/+Sea7S+efHm5YvX3375x4/PDHCfglEZfoxSyKxb8NS6S1IxQcMAcETfzeI4Aahs4WcxAxmQNgb0gCca+tYcYGDA9aAex/tUyIUJeH32UCN8lNAZRwbgzSTVgIeE4B6hxjndlGOVozDLYvPgdFbG3QXgxDR2sJblwWwq1j0yuQwSqNG8g0XKQQwzyC3ZRyYQGsweIKTF9RCFlDAy5tYDZPUAMobkGI201bQyuoFSkZe5iaDItxabw/tWj2CT+z480ZFibwBscgmxFsbrYMZBamQMUlxGHgCemEgezWmoBZxxkekYYmINIsiYyeY2nWt0bwqZMaf9EM9THUk5mpiQB4CQMrJPJkEC0qmRM8qSMvYTNhFLFFh3CDeSIPoOkXWRB5BtTfd9BLV0X7y37wkZMi8Q2TOjpi0Bib4f53gMoHJeXdP1FGUXivyavHvvT96FiL7+7rlZc3cg6WbgZcTcp8i4m9YlfBtuXbgDQiP04et2H8yyO1BsFQP0f9n+X7b/87K9bT/vXqxX+qwu8sV1XblJt97dxwjjIz7H8IApZWdietFQNKqKMlo+KkwTUVwMp+FiClTZooR/hnhylICpGKamRojZwnXMrClh4mxQzUbfsgPP0kMS5a21WvF0KgwAX7WLs6VoFycRz1ubrdVj2NK9qsXqcbkgIG3fhURpMJ1Ew0CiVTReQELNbCcsOgYWbel+Kwv1tciK2H8WkD9seG7OSKw3gGEk85TbF9ndeaa3BVOfdt0wvY7kuptMayRKy00nUVqGCYjgevOOc91ZpVSjJ0OxSaPVfh+5liKypg0402vWqdhzDU+4CcG0a4/FrVAU06nwx6RuAhxnXTvki0D/G2WZUsb7gCU5THXl808Rh9TCKBVrvZwGnK241eotOccPlFzH+fAip77KSYbjMQz5lpZVVfTlToy9lwTLCpkJ0kdJdGqN8IzeBSJQXqsmAxghxpfRjBAtLe5VFNfkarEVtV/NVlsU4GkCFidKWcxzuCov6ZTmoZiuz0qvLyYzimWSLn3qXmwkO0qiueUAkaemWT/e3yFfYrXSfY1VLt3rWtcptG7bKXH5A6FEbTWYRk0yNlBbterUdnghKA23XJrbzohdnwbrq1YeEMW9UtU2Xk+Q0UOx8vviujrDnCmq8Ew8IwTFD8u5EqjWQl3OuDWjqGs/cjzfDepeUHHa3qDiNlyn0vb8RsX3vEZt4NWcfq/+WASFJ2nNy8ceiucZPF+8fVHtG29g0uKafSUkaZWoe3BVGas3MLX69jcwFhKRedSsDzuNTq9Z6TT8YcXt99qVTtDsVfrNoNUf9gOv3Rk+tq0TBXb9RuA2B+1KsxYEFbfpSPrtTqXl1uu+2/LbA9d/vIi1mHnxXYRX8dr/GwAA//8DAFBLAwQUAAYACAAAACEAOrZjf/EDAACdCgAAEQAAAHdvcmQvc2V0dGluZ3MueG1stFbbbts4EH1fYP/B0PM6lhRJsYW6hWPH2xTxdlGlH0BJlE2EN5CUHbfYf98hJUZ2ky3SLfrk0Zy5cXhm6DfvHhkd7bHSRPB5EF2EwQjzStSEb+fB5/v1eBqMtEG8RlRwPA+OWAfv3v7+25tDrrExYKZHEILrnFXzYGeMzCcTXe0wQ/pCSMwBbIRiyMCn2k4YUg+tHFeCSWRISSgxx0kchlnQhxHzoFU870OMGamU0KIx1iUXTUMq3P94D/WavJ3LSlQtw9y4jBOFKdQguN4RqX009n+jAbjzQfbfO8SeUW93iMJXHPcgVP3k8ZryrINUosJawwUx6gskfEicPAv0lPsCcvdHdKHAPQqddFp5+mMB4mcBMo1/LETah5joI8OPPpCmr2lJB92RUiHVEa7vB6vy2y0XCpUUyoG+jOBoI1dd8BZY/kUINjrkEqsKrhpGJAqDiQWgwaIpDDIYYC0xpW5mKooRhD3kW4UYsN1rnE+NG9RSc4/KwggJRnsE1V/FfchqhxSqDFaFRBVEWwpulKDerhZ/CbOEyVFwsb2Hm6NBKrqZBA+OGJznbM42osa2slaR1zfeOrjsUXqa8ttEAnaIIjW+t30szJHiNRRfkC94wesPrTYEIrpp+4kKvlcA5jbzR7j5+6PEa4xMC236RcncTawpkRuilFC3vAZu/LJkpGmwggQEuLYB+hAlDq7P7zGqYXX/ZN7JKY3gIai1Fz4JYbxpGEZX6WW06Cq16ICEWZxer19C/tsnXl/dLHvenyPZ1WW27DtyjkwXYbJ40ec6DVfp9CVkfZOly+v+nP3pWG6X9d/KS5aqI9Z5LBErFUGjjV3nE2tRqodrwj1eYlgr+BQp2tKD43EHaIYoXcMse8AVzfKaaLnCjZPpBqntELe3UC9qYW98eIpl9xBWfyrRyg49KCQ7CnqTKEl6T8LNHWFer9uy8F4cFuEJ1PL64165Pg3tOeQGqORG+Q45SjpbzMefi56yVBWWbniDpOxYW26jeUDJdmciSzQDXzW8+u6j3MY9Fjss7jD3gSp7MrDuhUEXe92J3aXXXQ66xOuSQZd6XTroMq/LrG4H+0LB8n6AAfKi1TeCUnHA9fsBf6bqmqB3SOJVt9uBXqJT9Mtej/Y5foSXA9fEwJ8pSWqGHuGOwjiz7r01RUfRmjNbi1ljeR6hRgb50T1zdhT/phb75lQE6FgcWTk8JRdd4ZRoWDcSXh0jlMf+cFiU5LWobmGSQHL6bHETzlZJN81R6l4rcw8kf4B7/4Sba6Rx3WPeNe1cv84us9Vinc7GsySKxsl0Go1n8fRqvFxO4ymMbrhOZv/0Q+r/V779FwAA//8DAFBLAwQUAAYACAAAACEA/53AMbkBAAA8BQAAEgAAAHdvcmQvZm9udFRhYmxlLnhtbNySz2rjMBDG74W+g9C9sezEaWvqFLrbwELpoXQfQFFkW1R/jEaJm7ffkexkD6HQXPawFgjpG+mnmc/z8PhpNNlLD8rZmuYzRom0wm2VbWv6+319c0cJBG63XDsra3qQQB9X11cPQ9U4G4DgfQuVETXtQuirLAPRScNh5nppMdg4b3jArW8zw/3Hrr8RzvQ8qI3SKhyygrElnTD+OxTXNErIn07sjLQh3c+81Eh0FjrVw5E2fIc2OL/tvRMSAGs2euQZruwJky/OQEYJ78A1YYbFTBklFF7PWVoZ/RdQXgYozgBLkJchygmRwcHIT0qMqH611nm+0UjCkghmRRKYrqafSYbKcoPhH1yrjVcp0HPrQOYY23NdU1awNStxjmPB5nGmWTwoOu5BRsh4kI1yw43Sh6MKgwIYA70Kojvqe+5VTG0MgWoxsIMNq+nzgrHieb2mo5JjdgyVxe3TpBTxrfTdT8r8pLCoiMRJ23zkiMQ5ncE3s9GBMyfelZFAXuVA3pzh9gtHCrZEJ0r0Izozv8gRn7gXORLrP3Pk9q78J45MvUFeVNuFLzsk9sV/2iHTAlZ/AAAA//8DAFBLAwQUAAYACAAAACEAk3bWSRgBAABAAgAAFAAAAHdvcmQvd2ViU2V0dGluZ3MueG1slNHBSgMxEAbgu+A7hNzbbIstsnRbEKl4EUF9gDSdbYOZTMikbuvTO65VES/tLZNkPuZnZos9BvUGmT3FRo+GlVYQHa193DT65Xk5uNaKi41rGyhCow/AejG/vJh1dQerJyhFfrISJXKNrtHbUlJtDLstoOUhJYjy2FJGW6TMG4M2v+7SwBEmW/zKB18OZlxVU31k8ikKta13cEtuhxBL328yBBEp8tYn/ta6U7SO8jplcsAseTB8eWh9/GFGV/8g9C4TU1uGEuY4UU9J+6jqTxh+gcl5wPgfMGU4j5gcCcMHhL1W6Or7TaRsV0EkiaRkKtXDei4rpVQ8+ndYUr7J1DFk83ltQ6Du8eFOCvNn7/MPAAAA//8DAFBLAwQUAAYACAAAACEAvlqggOYBAADmAwAAEAAIAWRvY1Byb3BzL2FwcC54bWwgogQBKKAAAQAAAAAAAAAAAAAAAAAAAAAAAAAAAAAAAAAAAAAAAAAAAAAAAAAAAAAAAAAAAAAAAAAAAAAAAAAAAAAAAAAAAAAAAAAAAAAAAAAAAAAAAAAAAAAAAAAAAAAAAAAAAAAAAAAAAAAAAAAAAAAAAAAAAAAAAAAAAAAAAAAAAAAAAAAAAAAAAAAAAAAAAAAAAAAAAAAAAAAAAAAAAAAAAAAAAAAAAAAAAAAAAAAAAAAAAAAAAAAAAAAAAAAAAAAAAAAAAAAAAAAAAAAAAAAAAAAAAAAAAAAAAAAAAAAAAAAAAAAAAAAAAAAAAAAAAAAAAAAAAAAAAAAAAAAAAAAAAAAAAACcU01v2zAMvQ/YfzB8b2SnQT8CRcWQYuthWwPEbc+aTCfCZEmQ2KDZrx9lt66y7TSfHh/ppyeS4jcvvSkOEKJ2dlXWs6oswCrXartblQ/N57OrsogobSuNs7AqjxDLG/HxA98E5yGghliQhI2rco/ol4xFtYdexhmlLWU6F3qJFIYdc12nFdw69dyDRTavqgsGLwi2hfbMT4LlqLg84P+Ktk4lf/GxOXrSE7yB3huJIL6nP82sddhzNrG8cShNo3sQFdFTwDdyB1GcczYC/uRCG8Xl+ZyzEfL1XgapkDooFvXlFWcZwT95b7SSSM0V37QKLroOi/vBcZEEOMtLON1iC+o5aDwmI3nIv2qbrCw4GxF5C3IXpN9HcZ0MThHfKmlgTQ0QnTQROHsn+B3INNyN1MngAZcHUOhCEfUvGu+8LH7ICKltq/Igg5YWy7FsDAZsfMQgGo2GtKd4gHlZjvVC1EMBgdPCIRg8ED51N5wQ7zu6G/7DbJ2bHTyMVjM7ubO3M/5QXbveS3sUX2jBDDoa4CuROv4zPvjG3aYdeW3lKZmN/0njfuulotEsrqs6X4QsxbfEQkuTnWYzEfyObhJMOoD+tTto32r+TqTVehyfragvZhV9wy69cbQQ03sSvwEAAP//AwBQSwMEFAAGAAgAAAAhAAcFOLRyAQAA6wIAABEACAFkb2NQcm9wcy9jb3JlLnhtbCCiBAEooAABAAAAAAAAAAAAAAAAAAAAAAAAAAAAAAAAAAAAAAAAAAAAAAAAAAAAAAAAAAAAAAAAAAAAAAAAAAAAAAAAAAAAAAAAAAAAAAAAAAAAAAAAAAAAAAAAAAAAAAAAAAAAAAAAAAAAAAAAAAAAAAAAAAAAAAAAAAAAAAAAAAAAAAAAAAAAAAAAAAAAAAAAAAAAAAAAAAAAAAAAAAAAAAAAAAAAAAAAAAAAAAAAAAAAAAAAAAAAAAAAAAAAAAAAAAAAAAAAAAAAAAAAAAAAAAAAAAAAAAAAAAAAAAAAAAAAAAAAAAAAAAAAAAAAAAAAAAAAAAAAAAAAAAAAAAAAAAAAAAAAAIySXU/CMBSG7038D0vvR7eBRpZtJGq4gsREjMa72h6gsn6kLQz+vd3GhotceHc+nvP29G2z2VGUwQGM5UrmKB5FKABJFeNyk6O31Tx8QIF1RDJSKgk5OoFFs+L2JqM6pcrAi1EajONgA68kbUp1jrbO6RRjS7cgiB15QvrmWhlBnE/NBmtCd2QDOImieyzAEUYcwbVgqHtFdJZktJfUe1M2AoxiKEGAdBbHoxhfWAdG2KsDTecXKbg7abiKds2ePlreg1VVjapxg/r9Y/yxXLw2Vw25rL2igIqM0dRxV0KR4UvoI7v/+gbq2nKf+JgaIE6ZYsFVFSxhQ2SDdOXa8B2cKmWY9cODzGMMLDVcO/+MrfSg4OmSWLf077rmwB5Pg1P+dusBAwde/4pi0hB9mp0tbjcDFnhr0tbIrvM+fnpezVGRREkSRuMwflhF43Ryl0bRZ73cYP4iKM4L/FNxmibToWIn0Poz/J7FDwAAAP//AwBQSwMEFAAGAAgAAAAhAJ/mlBIqCwAAU3AAAA8AAAB3b3JkL3N0eWxlcy54bWy8nV1z27oRhu870//A0VV7kcjyZ+I5zhnbiWtP4xyfyGmuIRKyUIOEyo/Y7q8vAFIS5CUoLrj1lS1R+wDEixfAgqT02+/PqYx+8bwQKjsbTd7vjSKexSoR2cPZ6Mf91bsPo6goWZYwqTJ+Nnrhxej3T3/9y29Pp0X5InkRaUBWnKbx2WhRlsvT8biIFzxlxXu15Jk+OFd5ykr9Mn8Ypyx/rJbvYpUuWSlmQoryZby/t3c8ajB5H4qaz0XMP6u4SnlW2vhxzqUmqqxYiGWxoj31oT2pPFnmKuZFoU86lTUvZSJbYyaHAJSKOFeFmpfv9ck0NbIoHT7Zs/+lcgM4wgH2AeC44DjEUYMYFy8pfx5FaXx685CpnM2kJulTinStIgsefdJqJir+zOeskmVhXuZ3efOyeWX/XKmsLKKnU1bEQtzrWmhUKjT1+jwrxEgf4awozwvBWg8uzD+tR+KidN6+EIkYjU2JxX/1wV9Mno3291fvXJoabL0nWfaweo9n735M3Zo4b80092zE8nfTcxM4bk6s/uuc7vL1K1vwksXClsPmJdcddXK8Z6BSGF/sH31cvfhemRZmVamaQiyg/rvGjkGL6/6re/O0NpU+yudfVfzIk2mpD5yNbFn6zR83d7lQuTbO2eijLVO/OeWpuBZJwjPng9lCJPzngmc/Cp5s3v/zynb+5o1YVZn+/+BkYnuBLJIvzzFfGivpoxkzmnwzAdJ8uhKbwm34f1awSaNEW/yCMzOeRJPXCFt9FGLfRBTO2bYzq1fnbj+FKujgrQo6fKuCjt6qoOO3KujkrQr68FYFWcz/syCRJfy5NiIsBlB3cTxuRHM8ZkNzPF5CczxWQXM8TkBzPB0dzfH0YzTH000RnFLFvl7odPYDT2/v5u6eI8K4u6eEMO7uGSCMu3vAD+PuHt/DuLuH8zDu7tE7jLt7sMZz66VWdKNtlpWDXTZXqsxUyaOSPw+nsUyzbJJFwzOTHs9JTpIAU49szUQ8mBYz+3p3D7EmDZ/PS5PORWoezcVDlevcfGjFefaLS50lRyxJNI8QmPOyyj0tEtKncz7nOc9iTtmx6aAmE4yyKp0R9M0leyBj8Swhbr4VkWRQWHdonT8vjEkEQadOWZyr4VVTjGx8+CqK4W1lINFFJSUnYn2j6WKWNTw3sJjhqYHFDM8MLGZ4YuBoRtVEDY2opRoaUYM1NKJ2q/snVbs1NKJ2a2hE7dbQhrfbvSilHeLdVcek/97dpVRmW3xwPabiIWN6ATB8umn2TKM7lrOHnC0XkdmVbse654wt50IlL9E9xZy2JlGt620XudRnLbJqeINu0ajMteYR2WvNIzLYmjfcYrd6mWwWaNc0+cy0mpWtprWkXqadMlnVC9rhbmPl8B62McCVyAsyG7RjCXrwN7OcNXJSjHybWg6v2IY13FavRyXS6jVIglpKFT/SDMPXL0ue67TscTDpSkmpnnhCR5yWuar7mmv5fStJL8t/SZcLVgibK20h+k/1qwvq0S1bDj6hO8lERqPbl3cpEzKiW0Fc399+je7V0qSZpmFogBeqLFVKxmx2Av/2k8/+TlPBc50EZy9EZ3tOtD1kYZeCYJKpSSohIullpsgEyRxqef/kLzPF8oSGdpfz+h6WkhMRpyxd1osOAm/pcfFJjz8EqyHL+xfLhdkXojLVPQnM2TYsqtm/eTx8qPumIpKdoT+q0u4/2qWujabDDV8mbOGGLxGsmnp6MP2X4GS3cMNPdgtHdbKXkhWF8F5CDeZRne6KR32+w5O/hqekyueVpGvAFZCsBVdAsiZUskqzgvKMLY/whC2P+nwJu4zlEWzJWd4/cpGQiWFhVEpYGJUMFkalgYWRCjD8Dh0HNvw2HQc2/F6dGka0BHBgVP2MdPonusrjwKj6mYVR9TMLo+pnFkbVzw4+R3w+14tguinGQVL1OQdJN9FkJU+XKmf5CxHyi+QPjGCDtKbd5WpuHm5QWX0TNwHS7FFLwsV2jaMS+SefkVXNsCjrRbAjyqRUimhvbTPh2Mjte9d2hdknOQZX4U6ymC+UTHjuOSd/rM6Xp/VjGa+rb6vRa9vzq3hYlNF0sd7tdzHHezsjVwn7VtjuAtva/Hj1PEtb2C1PRJWuKgofpjg+6B9se/RW8OHu4M1KYivyqGckLPN4d+RmlbwVedIzEpb5oWek9elWZJcfPrP8sbUjnHT1n3WO5+l8J129aB3cWmxXR1pHtnXBk65etGWV6DyOzdUCqE4/z/jj+5nHH49xkZ+CsZOf0ttXfkSXwb7zX8LM7JhB05a3vnsCjPt2Ed1r5PyzUvW+/dYFp/4Pdd3ohVNW8KiVc9D/wtXWKONvx97DjR/Re9zxI3oPQH5Er5HIG44akvyU3mOTH9F7kPIj0KMVnBFwoxWMx41WMD5ktIKUkNFqwCrAj+i9HPAj0EaFCLRRB6wU/AiUUUF4kFEhBW1UiEAbFSLQRoULMJxRYTzOqDA+xKiQEmJUSEEbFSLQRoUItFEhAm1UiEAbNXBt7w0PMiqkoI0KEWijQgTaqHa9OMCoMB5nVBgfYlRICTEqpKCNChFoo0IE2qgQgTYqRKCNChEoo4LwIKNCCtqoEIE2KkSgjVo/ahhuVBiPMyqMDzEqpIQYFVLQRoUItFEhAm1UiEAbFSLQRoUIlFFBeJBRIQVtVIhAGxUi0Ea1FwsHGBXG44wK40OMCikhRoUUtFEhAm1UiEAbFSLQRoUItFEhAmVUEB5kVEhBGxUi0EaFiK7+2Vyi9N1mP8Hvenrv2O9/6aqp1Hf3UW4XddAftaqVn9X/WYQLpR6j1gcPD2y+0Q8iZlIou0Xtuazucu0tEagLn39cdj/h49IHfulS8yyEvWYK4Id9I8GeymFXl3cjQZJ32NXT3Uiw6jzsGn3dSDANHnYNutaXq5tS9HQEgruGGSd44gnvGq2dcNjEXWO0EwhbuGtkdgJhA3eNx07gUWQG59fRRz3b6Xh9fykgdHVHh3DiJ3R1S6jVajiGxugrmp/QVz0/oa+MfgJKTy8GL6wfhVbYjwqTGtoMK3W4Uf0ErNSQECQ1wIRLDVHBUkNUmNRwYMRKDQlYqcMHZz8hSGqACZcaooKlhqgwqeFUhpUaErBSQwJW6oETshcTLjVEBUsNUWFSw8UdVmpIwEoNCVipISFIaoAJlxqigqWGqDCpQZaMlhoSsFJDAlZqSAiSGmDCpYaoYKkhqktqu4uyJTVKYScctwhzAnETshOIG5ydwIBsyYkOzJYcQmC2BLVaaY7LllzR/IS+6vkJfWX0E1B6ejF4Yf0otMJ+VJjUuGypTepwo/oJWKlx2ZJXaly21Ck1LlvqlBqXLfmlxmVLbVLjsqU2qcMHZz8hSGpcttQpNS5b6pQaly35pcZlS21S47KlNqlx2VKb1AMnZC8mXGpcttQpNS5b8kuNy5bapMZlS21S47KlNqlx2ZJXaly21Ck1LlvqlBqXLfmlxmVLbVLjsqU2qXHZUpvUuGzJKzUuW+qUGpctdUrtyZbGT1s/wGTY9vfN9IfLlyU338HtPDCT1N9B2lwEtB+8SdY/lGSCTU2i5iepmrdthZsLhnWJNhAWFS90WXHz7UmeoppvQV0/xmO/A/V1wZ6vSrUV2TTB6tNNk24uhdaf27rs2Vnv0jR5R52tJJ1tVKvmq+DHphvuqqGuz0zWP9ql/7nJEg14an6wqq5p8sxqlD5+yaW8ZfWn1dL/UcnnZX10smcfmn91fFZ//5s3PrcDhRcw3q5M/bL54TBPe9ffCN9cwfZ2SeOGlua2t1MMbelN3Vb/FZ/+BwAA//8DAFBLAQItABQABgAIAAAAIQDfpNJsWgEAACAFAAATAAAAAAAAAAAAAAAAAAAAAABbQ29udGVudF9UeXBlc10ueG1sUEsBAi0AFAAGAAgAAAAhAB6RGrfvAAAATgIAAAsAAAAAAAAAAAAAAAAAkwMAAF9yZWxzLy5yZWxzUEsBAi0AFAAGAAgAAAAhANZks1H0AAAAMQMAABwAAAAAAAAAAAAAAAAAswYAAHdvcmQvX3JlbHMvZG9jdW1lbnQueG1sLnJlbHNQSwECLQAUAAYACAAAACEAczUj4TcHAAC7sQAAEQAAAAAAAAAAAAAAAADpCAAAd29yZC9kb2N1bWVudC54bWxQSwECLQAUAAYACAAAACEAB7dAqiQGAACPGgAAFQAAAAAAAAAAAAAAAABPEAAAd29yZC90aGVtZS90aGVtZTEueG1sUEsBAi0AFAAGAAgAAAAhADq2Y3/xAwAAnQoAABEAAAAAAAAAAAAAAAAAphYAAHdvcmQvc2V0dGluZ3MueG1sUEsBAi0AFAAGAAgAAAAhAP+dwDG5AQAAPAUAABIAAAAAAAAAAAAAAAAAxhoAAHdvcmQvZm9udFRhYmxlLnhtbFBLAQItABQABgAIAAAAIQCTdtZJGAEAAEACAAAUAAAAAAAAAAAAAAAAAK8cAAB3b3JkL3dlYlNldHRpbmdzLnhtbFBLAQItABQABgAIAAAAIQC+WqCA5gEAAOYDAAAQAAAAAAAAAAAAAAAAAPkdAABkb2NQcm9wcy9hcHAueG1sUEsBAi0AFAAGAAgAAAAhAAcFOLRyAQAA6wIAABEAAAAAAAAAAAAAAAAAFSEAAGRvY1Byb3BzL2NvcmUueG1sUEsBAi0AFAAGAAgAAAAhAJ/mlBIqCwAAU3AAAA8AAAAAAAAAAAAAAAAAviMAAHdvcmQvc3R5bGVzLnhtbFBLBQYAAAAACwALAMECAAAVLwAAAAA=</my:projectDescriptionAttachment>
	<my:securityProjectObjectives><div xmlns="http://www.w3.org/1999/xhtml" align="center"><em>Test</em></div></my:securityProjectObjectives>
	<my:securityOfficerObjectives><strong xmlns="http://www.w3.org/1999/xhtml">Test</strong></my:securityOfficerObjectives>
	<my:securityAssumptions><div xmlns="http://www.w3.org/1999/xhtml">&lt;dfgdg&gt;</div>
<ul style="MARGIN-BOTTOM: 0px; MARGIN-TOP: 0px" type="disc" xmlns="http://www.w3.org/1999/xhtml" xmlns:pc="http://schemas.microsoft.com/office/infopath/2007/PartnerControls">
<li>test</li>
<li>We assume that the platform interface internal processing are valid and yield correct result</li>
<li><font size="2" face="Calibri">We assume that the server and backend is secure and yield correct results.</font></li></ul>
<div xmlns="http://www.w3.org/1999/xhtml">hey</div></my:securityAssumptions>
</my:ProjectContext>

<my:BusinessAssetsDesc>
	<my:Criticity my:label="Critical">4</my:Criticity>
	<my:Criticity my:label="High">3</my:Criticity>
	<my:Criticity my:label="Medium">2</my:Criticity>
	<my:Criticity my:label="Low">1</my:Criticity>
	<my:Criticity my:label="Not Applicable">0</my:Criticity>
</my:BusinessAssetsDesc>

								<my:BusinessAsset>
									<my:businessAssetId>1</my:businessAssetId>
									<my:businessAssetName>User credentials</my:businessAssetName>
									<my:businessAssetType>Data</my:businessAssetType>
									<my:businessAssetDescription><ul xmlns="http://www.w3.org/1999/xhtml" style="MARGIN-BOTTOM: 0px; MARGIN-TOP: 0px" type="disc">
<li xmlns="http://www.w3.org/1999/xhtml" xmlns:pc="http://schemas.microsoft.com/office/infopath/2007/PartnerControls">Presents the user credential to login to the payment application</li></ul></my:businessAssetDescription>
									<my:businessAssetConfidentiality>4</my:businessAssetConfidentiality>
									<my:businessAssetIntegrity>3</my:businessAssetIntegrity>
									<my:businessAssetAvailability>1</my:businessAssetAvailability>
									<my:businessAssetAuthenticity>1</my:businessAssetAuthenticity>
									<my:businessAssetAuthorization>1</my:businessAssetAuthorization>
									<my:businessAssetNonRepudiation>1</my:businessAssetNonRepudiation>
								</my:BusinessAsset>		
								
								<my:BusinessAsset>
									<my:businessAssetId>2</my:businessAssetId>
									<my:businessAssetName>Financial transactions</my:businessAssetName>
									<my:businessAssetType>Data</my:businessAssetType>
									<my:businessAssetDescription></my:businessAssetDescription>
									<my:businessAssetConfidentiality>3</my:businessAssetConfidentiality>
									<my:businessAssetIntegrity>3</my:businessAssetIntegrity>
									<my:businessAssetAvailability>2</my:businessAssetAvailability>
									<my:businessAssetAuthenticity>2</my:businessAssetAuthenticity>
									<my:businessAssetAuthorization>3</my:businessAssetAuthorization>
									<my:businessAssetNonRepudiation>1</my:businessAssetNonRepudiation>
								</my:BusinessAsset><my:BusinessAsset>
									<my:businessAssetId>4</my:businessAssetId>
									<my:businessAssetName>Server URL</my:businessAssetName>
									<my:businessAssetType>Data</my:businessAssetType>
									<my:businessAssetDescription>Server address to execute financial transactions and retrieve account information</my:businessAssetDescription>
									<my:businessAssetConfidentiality>2</my:businessAssetConfidentiality>
									<my:businessAssetIntegrity>3</my:businessAssetIntegrity>
									<my:businessAssetAvailability>1</my:businessAssetAvailability>
									<my:businessAssetAuthenticity>1</my:businessAssetAuthenticity>
									<my:businessAssetAuthorization>0</my:businessAssetAuthorization>
									<my:businessAssetNonRepudiation>0</my:businessAssetNonRepudiation>
								</my:BusinessAsset>
								<my:SupportingAssetsDesc>
									<my:supportingAssetDiagram><div xmlns="http://www.w3.org/1999/xhtml" xmlns:pc="http://schemas.microsoft.com/office/infopath/2007/PartnerControls"> </div></my:supportingAssetDiagram>
								</my:SupportingAssetsDesc>
								<my:SupportingAsset>
								<my:supportingAssetId>1</my:supportingAssetId>
								<my:supportingAssetHLDId>1</my:supportingAssetHLDId>
								<my:supportingAssetName>Local client storage</my:supportingAssetName>
								<my:supportingAssetType>Hardware device</my:supportingAssetType>
								<my:supportingAssetSecurityLevel>-1</my:supportingAssetSecurityLevel>
								<my:supportingAndBusinessAssetLink my:businessAssetRef="1">
								</my:supportingAndBusinessAssetLink></my:SupportingAsset>
								<my:SupportingAsset>
									<my:supportingAssetId>2</my:supportingAssetId>
									<my:supportingAssetHLDId>2</my:supportingAssetHLDId>
									<my:supportingAssetName>Internet connection (TLS)</my:supportingAssetName>
									<my:supportingAssetType>Network</my:supportingAssetType>
									<my:supportingAssetSecurityLevel>-1</my:supportingAssetSecurityLevel>
									<my:supportingAndBusinessAssetLink my:businessAssetRef="4"></my:supportingAndBusinessAssetLink>
								
								<my:supportingAndBusinessAssetLink my:businessAssetRef="2"></my:supportingAndBusinessAssetLink>
								<my:supportingAndBusinessAssetLink my:businessAssetRef="1"></my:supportingAndBusinessAssetLink></my:SupportingAsset>
								<my:SupportingAsset>
									<my:supportingAssetId>3</my:supportingAssetId>
									<my:supportingAssetHLDId>3</my:supportingAssetHLDId>
									<my:supportingAssetName> User Interface</my:supportingAssetName>
									<my:supportingAssetType>Interface</my:supportingAssetType>
									<my:supportingAssetSecurityLevel>-1</my:supportingAssetSecurityLevel>
									<my:supportingAndBusinessAssetLink my:businessAssetRef="4"></my:supportingAndBusinessAssetLink>
								<my:supportingAndBusinessAssetLink my:businessAssetRef="2"></my:supportingAndBusinessAssetLink></my:SupportingAsset><my:SupportingAsset>
									<my:supportingAssetId>4</my:supportingAssetId>
									<my:supportingAssetHLDId>4</my:supportingAssetHLDId>
									<my:supportingAssetName>Device keyboard</my:supportingAssetName>
									<my:supportingAssetType></my:supportingAssetType>
									<my:supportingAssetSecurityLevel>-1</my:supportingAssetSecurityLevel>
									<my:supportingAndBusinessAssetLink my:businessAssetRef="2"></my:supportingAndBusinessAssetLink>
								</my:SupportingAsset>
								<my:Risk><my:projectName>Sample Mobile Application</my:projectName>
									<my:projectVersion>1.0</my:projectVersion>
									<my:riskId>1</my:riskId>
									<my:riskName>As a Activist, I can steal the User credentials compromising the Internet connection (TLS) in order to get the user credentials to be able to login through the web interface and do financial transactions, exploiting the Shoulder surfing attack AND Man in the middle attack through network interception</my:riskName>
									<my:threatAgent>Activist</my:threatAgent>
									<my:threatAgentDetail><div xmlns="http://www.w3.org/1999/xhtml">fddh</div>
<div xmlns="http://www.w3.org/1999/xhtml">fh</div></my:threatAgentDetail>
									<my:threatVerb>steal</my:threatVerb>
									<my:threatVerbDetail><ul xmlns="http://www.w3.org/1999/xhtml" style="MARGIN-BOTTOM: 0px; MARGIN-TOP: 0px" type="disc">
<li>dhdh</li>
<li>hhdh</li></ul></my:threatVerbDetail>
									<my:motivation>get the user credentials to be able to login through the web interface and do financial transactions</my:motivation>
									<my:motivationDetail><strong xmlns="http://www.w3.org/1999/xhtml"><em><font size="6">HEYYYYYYYYYYYY</font></em></strong></my:motivationDetail>
									<my:businessAssetRef>1</my:businessAssetRef>
									<my:supportingAssetRef>2</my:supportingAssetRef>
									<my:RiskName>
										<my:ComputedRiskName>
									<my:computedRiskName>As a Activist, I can steal the User credentials compromising the Internet connection (TLS) in order to get the user credentials to be able to login through the web interface and do financial transactions, exploiting the Shoulder surfing attack AND Man in the middle attack through network interception</my:computedRiskName>
								</my:ComputedRiskName>
									</my:RiskName>
									<my:ImpactRiskEvaluation>
										<my:riskImpact>4</my:riskImpact>
										<my:BusinessAssetSelectedProperties>
											<my:businessAssetConfidentialityFlag>1</my:businessAssetConfidentialityFlag>
											<my:businessAssetIntegrityFlag>0</my:businessAssetIntegrityFlag>
											<my:businessAssetAvailabilityFlag>0</my:businessAssetAvailabilityFlag>
											<my:businessAssetAuthenticityFlag>0</my:businessAssetAuthenticityFlag>
											<my:businessAssetAuthorizationFlag>0</my:businessAssetAuthorizationFlag>
											<my:businessAssetNonRepudiationFlag>0</my:businessAssetNonRepudiationFlag>
										</my:BusinessAssetSelectedProperties></my:ImpactRiskEvaluation><my:LikelihoodRiskEvaluation>
										<my:riskLikelihood>3</my:riskLikelihood>
										<my:riskLikelihoodDetail><div xmlns="http://www.w3.org/1999/xhtml"><strong><em><font size="5">cdf </font></em></strong></div>
<ul style="MARGIN-BOTTOM: 0px; MARGIN-TOP: 0px" type="disc" xmlns="http://www.w3.org/1999/xhtml">
<li><strong><em><font size="5">dfdf</font></em></strong></li></ul></my:riskLikelihoodDetail>
										<my:LikelihoodRiskEvaluationMethod>
											<my:SimpleLikelihoodEvaluation></my:SimpleLikelihoodEvaluation>
										</my:LikelihoodRiskEvaluationMethod>
									</my:LikelihoodRiskEvaluation>
									<my:VulnerabilityRiskEvaluation>
										<my:vulnerabilityRef my:score="6" my:name="Shoulder surfing attack">3</my:vulnerabilityRef>
										<my:vulnerabilityRef my:score="7" my:name="Man in the middle attack through network interception">1</my:vulnerabilityRef><my:attackPathName>Shoulder surfing attack AND Man in the middle attack through network interception</my:attackPathName>
										<my:attackPathScore>6</my:attackPathScore>
									</my:VulnerabilityRiskEvaluation>
									<my:allAttackPathsName>Shoulder surfing attack AND Man in the middle attack through network interception</my:allAttackPathsName>
									<my:allAttackPathsScore>6</my:allAttackPathsScore>
									<my:inherentRiskScore>14</my:inherentRiskScore>
									<my:Mitigation>
										<my:description><div xmlns="http://www.w3.org/1999/xhtml">Additional proprietary encryption.</div>
<ul xmlns="http://www.w3.org/1999/xhtml" style="MARGIN-BOTTOM: 0px; MARGIN-TOP: 0px" type="disc">
<li>dfdsfsf</li></ul></my:description>
										<my:benefits>0.5</my:benefits>
										<my:cost xsi:nil="true"></my:cost>
										<my:mitigationDecision>
											<my:decision>Done</my:decision>
											<my:decisionDetail><div xmlns="http://www.w3.org/1999/xhtml"><strong>fgdgdfg</strong></div>
<div xmlns="http://www.w3.org/1999/xhtml"><strong>dsfsfsfsf</strong></div></my:decisionDetail>
										</my:mitigationDecision>
									</my:Mitigation>
									<my:mitigationsBenefits>0.5</my:mitigationsBenefits>
									<my:mitigationsDoneBenefits>0.5</my:mitigationsDoneBenefits>
									<my:mitigatedRiskScore>7</my:mitigatedRiskScore>
									<my:riskManagementDecision>Mitigate</my:riskManagementDecision>
									<my:riskManagmentDetail><ul xmlns="http://www.w3.org/1999/xhtml" style="MARGIN-BOTTOM: 0px; MARGIN-TOP: 0px" type="disc">
<li><strong>Security control implemented by adding proprietary encryption on top of TLS communication layer.</strong></li></ul></my:riskManagmentDetail>
									<my:residualRiskScore>7</my:residualRiskScore>
									<my:residualRiskLevel>Medium</my:residualRiskLevel>
									</my:Risk>
									<my:Risk>
									<my:projectName>Sample Mobile Application</my:projectName>
									<my:projectVersion>1.0</my:projectVersion>
									<my:riskId>2</my:riskId>
									<my:riskName>As a Criminal, I can steal the User credentials compromising the Internet connection (TLS) in order to get the user credentials to be able to login through the web interface and do financial transactions, exploiting the Keystroke logging attack by malware</my:riskName>
									<my:threatAgent>Criminal</my:threatAgent>
									<my:threatAgentDetail></my:threatAgentDetail>
									<my:threatVerb>steal</my:threatVerb>
									<my:threatVerbDetail></my:threatVerbDetail>
									<my:motivation>get the user credentials to be able to login through the web interface and do financial transactions</my:motivation>
									<my:motivationDetail></my:motivationDetail>
									<my:businessAssetRef>1</my:businessAssetRef>
									<my:supportingAssetRef>2</my:supportingAssetRef>
									<my:RiskName>
										<my:ComputedRiskName>
											<my:computedRiskName>As a Criminal, I can steal the User credentials compromising the Internet connection (TLS) in order to get the user credentials to be able to login through the web interface and do financial transactions, exploiting the Keystroke logging attack by malware</my:computedRiskName>
										</my:ComputedRiskName>
									</my:RiskName>
									<my:ImpactRiskEvaluation>
										<my:riskImpact>4</my:riskImpact>
										<my:BusinessAssetSelectedProperties>
											<my:businessAssetConfidentialityFlag>1</my:businessAssetConfidentialityFlag>
											<my:businessAssetIntegrityFlag>1</my:businessAssetIntegrityFlag>
											<my:businessAssetAvailabilityFlag>1</my:businessAssetAvailabilityFlag>
											<my:businessAssetAuthenticityFlag>1</my:businessAssetAuthenticityFlag>
											<my:businessAssetAuthorizationFlag>1</my:businessAssetAuthorizationFlag>
											<my:businessAssetNonRepudiationFlag>1</my:businessAssetNonRepudiationFlag>
										</my:BusinessAssetSelectedProperties>
									</my:ImpactRiskEvaluation>
									<my:LikelihoodRiskEvaluation>
										<my:riskLikelihood>2</my:riskLikelihood>
										<my:riskLikelihoodDetail></my:riskLikelihoodDetail>
										<my:LikelihoodRiskEvaluationMethod>
											<my:OWASPLikelihoodEvaluation>
												<my:ThreatFactor>
													<my:skillLevel>3</my:skillLevel>
													<my:reward>4</my:reward>
													<my:accessRessources>4</my:accessRessources>
													<my:size>9</my:size>
													<my:intrusionDection>9</my:intrusionDection>
												</my:ThreatFactor>
												<my:threatFactorScore>5.8</my:threatFactorScore>
												<my:threatFactorLevel>High</my:threatFactorLevel>
												<my:occurence>3</my:occurence>
												<my:occurenceLevel>Medium</my:occurenceLevel>
												<my:OWASPLikelihoodScore></my:OWASPLikelihoodScore>
											</my:OWASPLikelihoodEvaluation>
										</my:LikelihoodRiskEvaluationMethod>
									</my:LikelihoodRiskEvaluation>
									<my:VulnerabilityRiskEvaluation>
										<my:vulnerabilityRef my:score="6" my:name="Keystroke logging attack by malware">5</my:vulnerabilityRef>
										<my:attackPathName>Keystroke logging attack by malware</my:attackPathName>
										<my:attackPathScore>6</my:attackPathScore>
									</my:VulnerabilityRiskEvaluation>
									<my:allAttackPathsName>Keystroke logging attack by malware</my:allAttackPathsName>
									<my:allAttackPathsScore>6</my:allAttackPathsScore>
									<my:inherentRiskScore>11</my:inherentRiskScore>
									
									<my:Mitigation>
									<my:description></my:description>
									<my:benefits>0.9</my:benefits>
									<my:cost xsi:nil="true"></my:cost>
									<my:mitigationDecision>
										<my:decision></my:decision>
										<my:decisionDetail></my:decisionDetail>
									</my:mitigationDecision>
								</my:Mitigation><my:mitigationsBenefits>1</my:mitigationsBenefits>
									<my:mitigationsDoneBenefits>1</my:mitigationsDoneBenefits>
									<my:mitigatedRiskScore>11</my:mitigatedRiskScore>
									<my:riskManagementDecision>Avoid</my:riskManagementDecision>
									<my:riskManagmentDetail>Risk accepted by Product Owner on 2020-11-24.</my:riskManagmentDetail>
									<my:residualRiskScore>0</my:residualRiskScore>
									<my:residualRiskLevel>Low</my:residualRiskLevel>
								</my:Risk><my:Risk>
									<my:projectName>Sample Mobile Application</my:projectName>
									<my:projectVersion>1.0</my:projectVersion>
									<my:riskId>3</my:riskId>
									<my:riskName>As a Criminal, I can steal the User credentials compromising the  User Interface in order to get the user credentials to be able to login through the web interface and do financial transactions, exploiting the Shoulder surfing attack</my:riskName>
									<my:threatAgent>Criminal</my:threatAgent>
									<my:threatAgentDetail></my:threatAgentDetail>
									<my:threatVerb>steal</my:threatVerb>
									<my:threatVerbDetail></my:threatVerbDetail>
									<my:motivation>get the user credentials to be able to login through the web interface and do financial transactions</my:motivation>
									<my:motivationDetail>The threat agent looks over the shoulder while the person is entering their credentials.</my:motivationDetail>
									<my:businessAssetRef>1</my:businessAssetRef>
									<my:supportingAssetRef>3</my:supportingAssetRef>
									<my:RiskName>
										<my:ComputedRiskName>
											<my:computedRiskName>As a Criminal, I can steal the User credentials compromising the  User Interface in order to get the user credentials to be able to login through the web interface and do financial transactions, exploiting the Shoulder surfing attack</my:computedRiskName>
										</my:ComputedRiskName>
									</my:RiskName>
									<my:ImpactRiskEvaluation>
										<my:riskImpact>4</my:riskImpact>
										<my:BusinessAssetSelectedProperties>
											<my:businessAssetConfidentialityFlag>1</my:businessAssetConfidentialityFlag>
											<my:businessAssetIntegrityFlag>0</my:businessAssetIntegrityFlag>
											<my:businessAssetAvailabilityFlag>0</my:businessAssetAvailabilityFlag>
											<my:businessAssetAuthenticityFlag>0</my:businessAssetAuthenticityFlag>
											<my:businessAssetAuthorizationFlag>0</my:businessAssetAuthorizationFlag>
											<my:businessAssetNonRepudiationFlag>0</my:businessAssetNonRepudiationFlag>
										</my:BusinessAssetSelectedProperties>
									</my:ImpactRiskEvaluation>
									<my:LikelihoodRiskEvaluation>
										<my:riskLikelihood>2</my:riskLikelihood>
										<my:riskLikelihoodDetail></my:riskLikelihoodDetail>
										<my:LikelihoodRiskEvaluationMethod>
											<my:OWASPLikelihoodEvaluation>
												<my:ThreatFactor>
													<my:skillLevel>9</my:skillLevel>
													<my:reward>4</my:reward>
													<my:accessRessources>4</my:accessRessources>
													<my:size>9</my:size>
													<my:intrusionDection>9</my:intrusionDection>
												</my:ThreatFactor>
												<my:threatFactorScore>7</my:threatFactorScore>
												<my:threatFactorLevel>High</my:threatFactorLevel>
												<my:occurence>5</my:occurence>
												<my:occurenceLevel>Medium</my:occurenceLevel>
												<my:OWASPLikelihoodScore></my:OWASPLikelihoodScore>
											</my:OWASPLikelihoodEvaluation>
										</my:LikelihoodRiskEvaluationMethod>
									</my:LikelihoodRiskEvaluation>
									<my:VulnerabilityRiskEvaluation>
										<my:vulnerabilityRef my:score="6" my:name="Shoulder surfing attack">3</my:vulnerabilityRef>
										<my:attackPathName>Shoulder surfing attack</my:attackPathName>
										<my:attackPathScore>6</my:attackPathScore>
									</my:VulnerabilityRiskEvaluation>
									<my:allAttackPathsName>Shoulder surfing attack</my:allAttackPathsName>
									<my:allAttackPathsScore>6</my:allAttackPathsScore>
									<my:inherentRiskScore>11</my:inherentRiskScore>
									<my:Mitigation>
										<my:description></my:description>
										<my:benefits>0</my:benefits>
										<my:cost xsi:nil="true"></my:cost>
										<my:mitigationDecision>
											<my:decision></my:decision>
											<my:decisionDetail></my:decisionDetail>
										</my:mitigationDecision>
									</my:Mitigation>
									<my:mitigationsBenefits>1</my:mitigationsBenefits>
									<my:mitigationsDoneBenefits>1</my:mitigationsDoneBenefits>
									<my:mitigatedRiskScore>11</my:mitigatedRiskScore>
									<my:riskManagementDecision>Transfer</my:riskManagementDecision>
									<my:riskManagmentDetail>Risk transferred to users, with application help  indicating that displaying of sensitive information should be protected from prying eyes and users should be aware of their surroundings.</my:riskManagmentDetail>
									<my:residualRiskScore>11</my:residualRiskScore>
									<my:residualRiskLevel>High</my:residualRiskLevel>
								</my:Risk><my:Risk>
									<my:projectName>Sample Mobile Application</my:projectName>
									<my:projectVersion>1.0</my:projectVersion>
									<my:riskId>4</my:riskId>
									<my:riskName>As a Criminal, I can steal the  compromising the Local client storage in order to get account information and balance of specific users, exploiting the (Shoulder surfing attack AND Man in the middle attack through network interception) OR (Phone backup data analysis of a non-encrypted backup)</my:riskName>
									<my:threatAgent>Criminal</my:threatAgent>
									<my:threatAgentDetail></my:threatAgentDetail>
									<my:threatVerb>steal</my:threatVerb>
									<my:threatVerbDetail></my:threatVerbDetail>
									<my:motivation>get account information and balance of specific users</my:motivation>
									<my:motivationDetail></my:motivationDetail>
									<my:businessAssetRef>3</my:businessAssetRef>
									<my:supportingAssetRef>1</my:supportingAssetRef>
									<my:RiskName>
										<my:ComputedRiskName>
											<my:computedRiskName>As a Criminal, I can steal the  compromising the Local client storage in order to get account information and balance of specific users, exploiting the (Shoulder surfing attack AND Man in the middle attack through network interception) OR (Phone backup data analysis of a non-encrypted backup)</my:computedRiskName>
										</my:ComputedRiskName>
									</my:RiskName>
									<my:ImpactRiskEvaluation>
										<my:riskImpact xsi:nil="true"></my:riskImpact>
										<my:BusinessAssetSelectedProperties>
											<my:businessAssetConfidentialityFlag>1</my:businessAssetConfidentialityFlag>
											<my:businessAssetIntegrityFlag>0</my:businessAssetIntegrityFlag>
											<my:businessAssetAvailabilityFlag>0</my:businessAssetAvailabilityFlag>
											<my:businessAssetAuthenticityFlag>0</my:businessAssetAuthenticityFlag>
											<my:businessAssetAuthorizationFlag>0</my:businessAssetAuthorizationFlag>
											<my:businessAssetNonRepudiationFlag>0</my:businessAssetNonRepudiationFlag>
										</my:BusinessAssetSelectedProperties>
									</my:ImpactRiskEvaluation>
									<my:LikelihoodRiskEvaluation>
										<my:riskLikelihood>2</my:riskLikelihood>
										<my:riskLikelihoodDetail></my:riskLikelihoodDetail>
										<my:LikelihoodRiskEvaluationMethod>
											<my:OWASPLikelihoodEvaluation>
												<my:ThreatFactor>
													<my:skillLevel>3</my:skillLevel>
													<my:reward>1</my:reward>
													<my:accessRessources>4</my:accessRessources>
													<my:size>9</my:size>
													<my:intrusionDection>9</my:intrusionDection>
												</my:ThreatFactor>
												<my:threatFactorScore>5.2</my:threatFactorScore>
												<my:threatFactorLevel>High</my:threatFactorLevel>
												<my:occurence>3</my:occurence>
												<my:occurenceLevel>Medium</my:occurenceLevel>
												<my:OWASPLikelihoodScore></my:OWASPLikelihoodScore>
											</my:OWASPLikelihoodEvaluation>
										</my:LikelihoodRiskEvaluationMethod>
									</my:LikelihoodRiskEvaluation>
									<my:VulnerabilityRiskEvaluation>
										<my:vulnerabilityRef my:score="6" my:name="Shoulder surfing attack">3</my:vulnerabilityRef>
										<my:vulnerabilityRef my:score="7" my:name="Man in the middle attack through network interception">1</my:vulnerabilityRef><my:attackPathName>Shoulder surfing attack AND Man in the middle attack through network interception</my:attackPathName>
										<my:attackPathScore>6</my:attackPathScore>
									</my:VulnerabilityRiskEvaluation>
									<my:VulnerabilityRiskEvaluation>
									<my:vulnerabilityRef my:score="NaN" my:name="Phone backup data analysis of a non-encrypted backup">16</my:vulnerabilityRef>
									<my:attackPathName>Phone backup data analysis of a non-encrypted backup</my:attackPathName>
									<my:attackPathScore>NaN</my:attackPathScore>
								</my:VulnerabilityRiskEvaluation><my:allAttackPathsName>(Shoulder surfing attack AND Man in the middle attack through network interception) OR (Phone backup data analysis of a non-encrypted backup)</my:allAttackPathsName>
									<my:allAttackPathsScore>NaN</my:allAttackPathsScore>
									<my:inherentRiskScore>NaN</my:inherentRiskScore>
									<my:Mitigation>
										<my:description>Encrypt the local storage on the device by using a diversified key from a random generated on the device.</my:description>
										<my:benefits>0.25</my:benefits>
										<my:cost xsi:nil="true"></my:cost>
										<my:mitigationDecision>
											<my:decision></my:decision>
											<my:decisionDetail></my:decisionDetail>
										</my:mitigationDecision>
									</my:Mitigation>
									<my:Mitigation>
									<my:description>Use hardware-backed encryption available on the device.</my:description>
									<my:benefits>0.75</my:benefits>
									<my:cost xsi:nil="true"></my:cost>
									<my:mitigationDecision>
										<my:decision>Done</my:decision>
										<my:decisionDetail>Usage of secure enclave on iOS and hardware backed keystore on Android.</my:decisionDetail>
									</my:mitigationDecision>
								</my:Mitigation><my:mitigationsBenefits>0.25</my:mitigationsBenefits>
									<my:mitigationsDoneBenefits>0.25</my:mitigationsDoneBenefits>
									<my:mitigatedRiskScore>NaN</my:mitigatedRiskScore>
									<my:riskManagementDecision>Mitigate</my:riskManagementDecision>
									<my:riskManagmentDetail>Risk reduced through implementation of hardware backed storage.</my:riskManagmentDetail>
									<my:residualRiskScore>NaN</my:residualRiskScore>
									<my:residualRiskLevel>Low</my:residualRiskLevel>
								</my:Risk>
								
								
<my:Vulnerability>
	<my:projectName>Enter your project name</my:projectName>
	<my:projectVersion>1.0</my:projectVersion>
	<my:vulnerabilityId>1</my:vulnerabilityId>
	<my:vulnerabilityName>Man in the middle attack through network interception</my:vulnerabilityName>
	<my:vulnerabilityFamily></my:vulnerabilityFamily>
	<my:vulnerabilityTrackingID></my:vulnerabilityTrackingID>
	<my:vulnerabilityTrackingURI></my:vulnerabilityTrackingURI>
	<my:vulnerabilityCVE></my:vulnerabilityCVE>
	<my:vulnerabilityDescription>
		<div xmlns="http://www.w3.org/1999/xhtml">Assumptions for this attack:</div>
		<ul style="MARGIN-BOTTOM: 0px; MARGIN-TOP: 0px" type="disc" xmlns="http://www.w3.org/1999/xhtml">
		<li>TLS is used.</li></ul>
		<div xmlns="http://www.w3.org/1999/xhtml"> </div>
		<div xmlns="http://www.w3.org/1999/xhtml">In all cases, TLS is required for all mobile deployments today on the official stores. The two use-cases possible are :</div>
		<ol style="MARGIN-BOTTOM: 0px; MARGIN-TOP: 0px" type="1" xmlns="http://www.w3.org/1999/xhtml">
		<li>
		<div>A Trusted CA is compromised</div>
		</li><li>
		<div>Installing a custom CA using social engineering or malware</div></li></ol>
		<div xmlns="http://www.w3.org/1999/xhtml"> </div>
		<div xmlns="http://www.w3.org/1999/xhtml">We are taking the highest CVSS3 scoring between the two use cases above.</div>
		<div xmlns="http://www.w3.org/1999/xhtml">CVSS:3.0/AV:N/AC:H/PR:N/UI:N/S:U/C:H/I:N/A:N</div>
		<div xmlns="http://www.w3.org/1999/xhtml">CVSSV3 Score: 5.9</div>
		<div xmlns="http://www.w3.org/1999/xhtml"> </div>
		<div xmlns="http://www.w3.org/1999/xhtml"> </div>
	</my:vulnerabilityDescription>
	<my:vulnerabilityDescriptionAttachment xsi:nil="true"></my:vulnerabilityDescriptionAttachment>
	<my:supportingAssetRef></my:supportingAssetRef>
	<my:supportingAssetRef>2</my:supportingAssetRef>
	<my:supportingAssetRef>1</my:supportingAssetRef>
	<my:supportingAssetRef>3</my:supportingAssetRef>
	<my:supportingAssetRef>4</my:supportingAssetRef>
	<my:vulnerabilityCVSS>
		<my:vulnerabilityBaseScoreMetrics>
			<my:vulnerabilityExploitabilityMetrics>
				<my:accessVector>1</my:accessVector>
				<my:accessComplexity>0.61</my:accessComplexity>
				<my:authentication>0.704</my:authentication>
			</my:vulnerabilityExploitabilityMetrics>
			<my:vulnerabilityImpactMetrics>
				<my:confidentialityImpact>0.660</my:confidentialityImpact>
				<my:integrityImpact>0</my:integrityImpact>
				<my:availabilityImpact>0</my:availabilityImpact>
			</my:vulnerabilityImpactMetrics>
		</my:vulnerabilityBaseScoreMetrics>
		<my:vulnerabilityTemporalScoreMetrics>
			<my:exploitability>0.95</my:exploitability>
			<my:remediationLevel>1</my:remediationLevel>
			<my:reportConfidence>1.00</my:reportConfidence>
		</my:vulnerabilityTemporalScoreMetrics>
		<my:impactScore>6.8706000000000005</my:impactScore>
		<my:exploitabilityScore>8.588799999999999</my:exploitabilityScore>
		<my:baseScore>7.124066880000001</my:baseScore>
		<my:temporalScore>6.767863536</my:temporalScore>
	</my:vulnerabilityCVSS>
	<my:vulnerabilityCVEScoring>
		<my:cveScore>0</my:cveScore>
	</my:vulnerabilityCVEScoring>
	<my:overallScore>7</my:overallScore>
	<my:overallLevel>High</my:overallLevel>
</my:Vulnerability>


<my:Vulnerability><my:projectName>Enter your project name</my:projectName><my:projectVersion>1.0</my:projectVersion>
<my:vulnerabilityId>2</my:vulnerabilityId>
<my:vulnerabilityName>Dumping of the local storage from a rooted device</my:vulnerabilityName>
<my:vulnerabilityFamily></my:vulnerabilityFamily><my:vulnerabilityTrackingID></my:vulnerabilityTrackingID><my:vulnerabilityTrackingURI></my:vulnerabilityTrackingURI><my:vulnerabilityCVE>http:///</my:vulnerabilityCVE>
<my:vulnerabilityDescription><div xmlns="http://www.w3.org/1999/xhtml">When a device is rooted it is possible to completely dump data anywhere on the devices, bypassing the platform's sandbox mechanisms.</div>
<div xmlns="http://www.w3.org/1999/xhtml"> </div>
<div xmlns="http://www.w3.org/1999/xhtml"> </div>
<div xmlns="http://www.w3.org/1999/xhtml">CVSS:3.0/AV:P/AC:L/PR:N/UI:N/S:U/C:H/I:N/A:N</div>
<div xmlns="http://www.w3.org/1999/xhtml">CVSSV3 Score: 4.6</div>
<div xmlns="http://www.w3.org/1999/xhtml"> </div>
<div xmlns="http://www.w3.org/1999/xhtml">Assumptions:</div>
<ul style="MARGIN-BOTTOM: 0px; MARGIN-TOP: 0px" type="disc" xmlns="http://www.w3.org/1999/xhtml">
<li>Physical access to the device</li></ul>
<div xmlns="http://www.w3.org/1999/xhtml"> </div>
<div xmlns="http://www.w3.org/1999/xhtml"> </div></my:vulnerabilityDescription>
	<my:vulnerabilityDescriptionAttachment xsi:nil="true"></my:vulnerabilityDescriptionAttachment>
	<my:supportingAssetRef></my:supportingAssetRef>
	<my:supportingAssetRef>1</my:supportingAssetRef>
	<my:vulnerabilityCVSS>
		<my:vulnerabilityBaseScoreMetrics>
			<my:vulnerabilityExploitabilityMetrics>
				<my:accessVector>0.395</my:accessVector>
				<my:accessComplexity>0.61</my:accessComplexity>
				<my:authentication>0.704</my:authentication>
			</my:vulnerabilityExploitabilityMetrics>
			<my:vulnerabilityImpactMetrics>
				<my:confidentialityImpact>0.660</my:confidentialityImpact>
				<my:integrityImpact>0</my:integrityImpact>
				<my:availabilityImpact>0</my:availabilityImpact>
			</my:vulnerabilityImpactMetrics>
		</my:vulnerabilityBaseScoreMetrics>
		<my:vulnerabilityTemporalScoreMetrics>
			<my:exploitability>1.0</my:exploitability>
			<my:remediationLevel>1.0</my:remediationLevel>
			<my:reportConfidence>1.00</my:reportConfidence>
		</my:vulnerabilityTemporalScoreMetrics>
		<my:impactScore>6.8706000000000005</my:impactScore>
		<my:exploitabilityScore>3.3925759999999996</my:exploitabilityScore>
		<my:baseScore>4.679763110400001</my:baseScore>
		<my:temporalScore>4.679763110400001</my:temporalScore>
	</my:vulnerabilityCVSS>
	<my:vulnerabilityCVEScoring>
		<my:cveScore>4.6</my:cveScore>
	</my:vulnerabilityCVEScoring>
	<my:overallScore>5</my:overallScore>
	<my:overallLevel>Medium</my:overallLevel>
	</my:Vulnerability>
	
	<my:Vulnerability>
	<my:projectName>Enter your project name</my:projectName>
	<my:projectVersion>1.0</my:projectVersion>
	<my:vulnerabilityId>3</my:vulnerabilityId>
	<my:vulnerabilityName>Shoulder surfing attack</my:vulnerabilityName>
	<my:vulnerabilityFamily></my:vulnerabilityFamily>
	<my:vulnerabilityTrackingID></my:vulnerabilityTrackingID>
	<my:vulnerabilityTrackingURI></my:vulnerabilityTrackingURI>
	<my:vulnerabilityCVE>http:///</my:vulnerabilityCVE>
	<my:vulnerabilityDescription><div xmlns="http://www.w3.org/1999/xhtml">Attacker peeks at the user's screen to discover the assets.</div>
<div xmlns="http://www.w3.org/1999/xhtml"> </div>
<div xmlns="http://www.w3.org/1999/xhtml">CVSS:3.0/AV:A/AC:L/PR:N/UI:R/S:U/C:H/I:N/A:N</div>
<div xmlns="http://www.w3.org/1999/xhtml">CVSSV3: 5.7</div>
<div xmlns="http://www.w3.org/1999/xhtml"> </div>
<div xmlns="http://www.w3.org/1999/xhtml">Assumption:</div>
<ul style="MARGIN-BOTTOM: 0px; MARGIN-TOP: 0px" type="disc" xmlns="http://www.w3.org/1999/xhtml">
<li>User interaction required by using the application and accessing / showing confidential data</li></ul>
<div xmlns="http://www.w3.org/1999/xhtml"> </div>

<div xmlns="http://www.w3.org/1999/xhtml"> </div>
</my:vulnerabilityDescription>
	<my:vulnerabilityDescriptionAttachment xsi:nil="true"></my:vulnerabilityDescriptionAttachment>
	<my:supportingAssetRef></my:supportingAssetRef>
	<my:supportingAssetRef>3</my:supportingAssetRef>
	<my:vulnerabilityCVSS>
		<my:vulnerabilityBaseScoreMetrics>
			<my:vulnerabilityExploitabilityMetrics>
				<my:accessVector>0.646</my:accessVector>
				<my:accessComplexity>0.71</my:accessComplexity>
				<my:authentication>0.704</my:authentication>
			</my:vulnerabilityExploitabilityMetrics>
			<my:vulnerabilityImpactMetrics>
				<my:confidentialityImpact>0.660</my:confidentialityImpact>
				<my:integrityImpact>0</my:integrityImpact>
				<my:availabilityImpact>0</my:availabilityImpact>
			</my:vulnerabilityImpactMetrics>
			</my:vulnerabilityBaseScoreMetrics>
			<my:vulnerabilityTemporalScoreMetrics>
				<my:exploitability>1.0</my:exploitability>
				<my:remediationLevel>0.95</my:remediationLevel>
				<my:reportConfidence>1.00</my:reportConfidence>
			</my:vulnerabilityTemporalScoreMetrics>
			<my:impactScore>6.8706000000000005</my:impactScore>
			<my:exploitabilityScore>6.457932799999999</my:exploitabilityScore>
			<my:baseScore>6.12170694912</my:baseScore>
			<my:temporalScore>5.815621601664</my:temporalScore>
	</my:vulnerabilityCVSS>
	<my:vulnerabilityCVEScoring>
		<my:cveScore>5.7</my:cveScore>
	</my:vulnerabilityCVEScoring>
	<my:overallScore>6</my:overallScore>
	<my:overallLevel>Medium</my:overallLevel>
	</my:Vulnerability>
	
	<my:Vulnerability>
	<my:projectName>Enter your project name</my:projectName><my:projectVersion>1.0</my:projectVersion><my:vulnerabilityId>5</my:vulnerabilityId><my:vulnerabilityName>Keystroke logging attack by malware</my:vulnerabilityName><my:vulnerabilityFamily></my:vulnerabilityFamily><my:vulnerabilityTrackingID></my:vulnerabilityTrackingID><my:vulnerabilityTrackingURI></my:vulnerabilityTrackingURI><my:vulnerabilityCVE>http:///</my:vulnerabilityCVE><my:vulnerabilityDescription><div xmlns="http://www.w3.org/1999/xhtml">Attacker logs all the key inputs done by the user, for example a fake keyboard application.</div>
<div xmlns="http://www.w3.org/1999/xhtml"> </div>
<div xmlns="http://www.w3.org/1999/xhtml">CVSS:3.0/AV:L/AC:L/PR:N/UI:R/S:U/C:H/I:N/A:N</div>
<div xmlns="http://www.w3.org/1999/xhtml">CVSSV3: 5.5</div>
<div xmlns="http://www.w3.org/1999/xhtml"> </div>
<div xmlns="http://www.w3.org/1999/xhtml"> </div></my:vulnerabilityDescription><my:vulnerabilityDescriptionAttachment xsi:nil="true"></my:vulnerabilityDescriptionAttachment><my:supportingAssetRef></my:supportingAssetRef><my:supportingAssetRef>4</my:supportingAssetRef><my:vulnerabilityCVSS><my:vulnerabilityBaseScoreMetrics><my:vulnerabilityExploitabilityMetrics><my:accessVector>1</my:accessVector><my:accessComplexity>0.35</my:accessComplexity><my:authentication>0.56</my:authentication></my:vulnerabilityExploitabilityMetrics><my:vulnerabilityImpactMetrics><my:confidentialityImpact>0.660</my:confidentialityImpact><my:integrityImpact>0</my:integrityImpact><my:availabilityImpact>0</my:availabilityImpact></my:vulnerabilityImpactMetrics></my:vulnerabilityBaseScoreMetrics><my:vulnerabilityTemporalScoreMetrics><my:exploitability>0.9</my:exploitability><my:remediationLevel>0.95</my:remediationLevel><my:reportConfidence>1.00</my:reportConfidence></my:vulnerabilityTemporalScoreMetrics><my:impactScore>6.8706000000000005</my:impactScore><my:exploitabilityScore>3.9200000000000003</my:exploitabilityScore><my:baseScore>4.927863360000001</my:baseScore><my:temporalScore>4.213323172800001</my:temporalScore></my:vulnerabilityCVSS><my:vulnerabilityCVEScoring><my:cveScore>5.5</my:cveScore></my:vulnerabilityCVEScoring><my:overallScore>6</my:overallScore><my:overallLevel>Medium</my:overallLevel></my:Vulnerability><my:Vulnerability><my:projectName>Enter your project name</my:projectName><my:projectVersion>1.0</my:projectVersion><my:vulnerabilityId>16</my:vulnerabilityId><my:vulnerabilityName>Phone backup data analysis of a non-encrypted backup</my:vulnerabilityName><my:vulnerabilityFamily></my:vulnerabilityFamily><my:vulnerabilityTrackingID></my:vulnerabilityTrackingID><my:vulnerabilityTrackingURI></my:vulnerabilityTrackingURI><my:vulnerabilityCVE>https:///</my:vulnerabilityCVE><my:vulnerabilityDescription><div xmlns="http://www.w3.org/1999/xhtml">Attacker makes a backup of the data on the devices or has access to this data and attacks the data backup blob. </div>
<div xmlns="http://www.w3.org/1999/xhtml"> </div>

<div xmlns="http://www.w3.org/1999/xhtml"> </div>
<div xmlns="http://www.w3.org/1999/xhtml">CVSS:3.0/AV:L/AC:L/PR:N/UI:N/S:U/C:H/I:N/A:N</div>
<div xmlns="http://www.w3.org/1999/xhtml">CVSS3: 6.2</div>
<div xmlns="http://www.w3.org/1999/xhtml"> </div></my:vulnerabilityDescription><my:vulnerabilityDescriptionAttachment xsi:nil="true"></my:vulnerabilityDescriptionAttachment><my:supportingAssetRef></my:supportingAssetRef><my:supportingAssetRef>1</my:supportingAssetRef><my:vulnerabilityCVSS><my:vulnerabilityBaseScoreMetrics><my:vulnerabilityExploitabilityMetrics><my:accessVector>0.395</my:accessVector><my:accessComplexity>0.61</my:accessComplexity><my:authentication>0.704</my:authentication></my:vulnerabilityExploitabilityMetrics><my:vulnerabilityImpactMetrics><my:confidentialityImpact>0.275</my:confidentialityImpact><my:integrityImpact>0.275</my:integrityImpact><my:availabilityImpact>0.275</my:availabilityImpact></my:vulnerabilityImpactMetrics></my:vulnerabilityBaseScoreMetrics><my:vulnerabilityTemporalScoreMetrics><my:exploitability>1.0</my:exploitability><my:remediationLevel>0.95</my:remediationLevel><my:reportConfidence>1.00</my:reportConfidence></my:vulnerabilityTemporalScoreMetrics><my:impactScore>6.442976718750001</my:impactScore><my:exploitabilityScore>3.3925759999999996</my:exploitabilityScore><my:baseScore>4.37803212315</my:baseScore><my:temporalScore>4.1591305169925</my:temporalScore></my:vulnerabilityCVSS><my:vulnerabilityCVEScoring><my:cveScore xsi:nil="true"></my:cveScore></my:vulnerabilityCVEScoring><my:overallScore>NaN</my:overallScore><my:overallLevel>Low</my:overallLevel></my:Vulnerability>
<my:Filter>
	<my:riskFilter></my:riskFilter>
	<my:vulnerabilityFilter></my:vulnerabilityFilter>
</my:Filter>
<my:group>
	<pc:BDCAssociatedEntity pc:EntityNamespace="" pc:EntityName="" pc:SystemInstanceName="" pc:AssociationName="">
		<pc:BDCEntity>
			<pc:EntityDisplayName></pc:EntityDisplayName>
			<pc:EntityInstanceReference></pc:EntityInstanceReference>
			<pc:EntityId1></pc:EntityId1>
			<pc:EntityId2></pc:EntityId2>
			<pc:EntityId3></pc:EntityId3>
			<pc:EntityId4></pc:EntityId4>
			<pc:EntityId5></pc:EntityId5>
		</pc:BDCEntity>
	</pc:BDCAssociatedEntity>
</my:group>
<my:signatures3>
	<my:signatures4></my:signatures4>
</my:signatures3>

</my:ISRA>